{"D:\\CODE\\nestjs-challenge\\src\\auth\\auth.service.ts": {"path":"D:\\CODE\\nestjs-challenge\\src\\auth\\auth.service.ts","statementMap":{"0":{"start":{"line":1,"column":0},"end":{"line":1,"column":71}},"1":{"start":{"line":3,"column":0},"end":{"line":3,"column":57}},"2":{"start":{"line":4,"column":0},"end":{"line":4,"column":33}},"3":{"start":{"line":5,"column":0},"end":{"line":5,"column":47}},"4":{"start":{"line":6,"column":0},"end":{"line":6,"column":39}},"5":{"start":{"line":7,"column":0},"end":{"line":7,"column":33}},"6":{"start":{"line":9,"column":0},"end":{"line":9,"column":41}},"7":{"start":{"line":12,"column":0},"end":{"line":12,"column":73}},"8":{"start":{"line":13,"column":0},"end":{"line":13,"column":54}},"9":{"start":{"line":20,"column":7},"end":{"line":289,"column":null}},"10":{"start":{"line":22,"column":21},"end":{"line":22,"column":29}},"11":{"start":{"line":23,"column":21},"end":{"line":23,"column":36}},"12":{"start":{"line":24,"column":12},"end":{"line":24,"column":24}},"13":{"start":{"line":25,"column":21},"end":{"line":25,"column":36}},"14":{"start":{"line":26,"column":21},"end":{"line":26,"column":35}},"15":{"start":{"line":41,"column":4},"end":{"line":53,"column":5}},"16":{"start":{"line":42,"column":22},"end":{"line":42,"column":55}},"17":{"start":{"line":44,"column":22},"end":{"line":48,"column":14}},"18":{"start":{"line":45,"column":22},"end":{"line":45,"column":61}},"19":{"start":{"line":46,"column":8},"end":{"line":46,"column":55}},"20":{"start":{"line":47,"column":8},"end":{"line":47,"column":27}},"21":{"start":{"line":50,"column":6},"end":{"line":52,"column":7}},"22":{"start":{"line":51,"column":8},"end":{"line":51,"column":49}},"23":{"start":{"line":57,"column":4},"end":{"line":59,"column":5}},"24":{"start":{"line":58,"column":6},"end":{"line":58,"column":80}},"25":{"start":{"line":61,"column":22},"end":{"line":63,"column":6}},"26":{"start":{"line":64,"column":4},"end":{"line":66,"column":5}},"27":{"start":{"line":65,"column":6},"end":{"line":65,"column":78}},"28":{"start":{"line":68,"column":19},"end":{"line":68,"column":55}},"29":{"start":{"line":69,"column":22},"end":{"line":69,"column":36}},"30":{"start":{"line":70,"column":4},"end":{"line":80,"column":5}},"31":{"start":{"line":71,"column":20},"end":{"line":71,"column":41}},"32":{"start":{"line":72,"column":21},"end":{"line":72,"column":40}},"33":{"start":{"line":73,"column":6},"end":{"line":79,"column":7}},"34":{"start":{"line":74,"column":8},"end":{"line":78,"column":9}},"35":{"start":{"line":75,"column":10},"end":{"line":75,"column":29}},"36":{"start":{"line":76,"column":15},"end":{"line":78,"column":9}},"37":{"start":{"line":77,"column":10},"end":{"line":77,"column":31}},"38":{"start":{"line":82,"column":17},"end":{"line":98,"column":6}},"39":{"start":{"line":100,"column":4},"end":{"line":102,"column":7}},"40":{"start":{"line":104,"column":4},"end":{"line":104,"column":16}},"41":{"start":{"line":108,"column":22},"end":{"line":108,"column":49}},"42":{"start":{"line":109,"column":4},"end":{"line":111,"column":5}},"43":{"start":{"line":110,"column":6},"end":{"line":110,"column":25}},"44":{"start":{"line":113,"column":4},"end":{"line":119,"column":7}},"45":{"start":{"line":123,"column":16},"end":{"line":123,"column":40}},"46":{"start":{"line":124,"column":4},"end":{"line":127,"column":7}},"47":{"start":{"line":135,"column":22},"end":{"line":135,"column":49}},"48":{"start":{"line":136,"column":4},"end":{"line":138,"column":5}},"49":{"start":{"line":137,"column":6},"end":{"line":137,"column":25}},"50":{"start":{"line":140,"column":4},"end":{"line":147,"column":7}},"51":{"start":{"line":153,"column":17},"end":{"line":153,"column":67}},"52":{"start":{"line":156,"column":4},"end":{"line":159,"column":6}},"53":{"start":{"line":161,"column":18},"end":{"line":163,"column":6}},"54":{"start":{"line":165,"column":31},"end":{"line":168,"column":null}},"55":{"start":{"line":171,"column":4},"end":{"line":173,"column":7}},"56":{"start":{"line":175,"column":4},"end":{"line":180,"column":6}},"57":{"start":{"line":184,"column":19},"end":{"line":184,"column":54}},"58":{"start":{"line":186,"column":4},"end":{"line":199,"column":7}},"59":{"start":{"line":203,"column":16},"end":{"line":203,"column":40}},"60":{"start":{"line":204,"column":4},"end":{"line":210,"column":7}},"61":{"start":{"line":214,"column":17},"end":{"line":214,"column":67}},"62":{"start":{"line":217,"column":4},"end":{"line":220,"column":6}},"63":{"start":{"line":221,"column":30},"end":{"line":223,"column":null}},"64":{"start":{"line":225,"column":4},"end":{"line":254,"column":5}},"65":{"start":{"line":226,"column":20},"end":{"line":229,"column":8}},"66":{"start":{"line":231,"column":6},"end":{"line":231,"column":53}},"67":{"start":{"line":232,"column":6},"end":{"line":232,"column":74}},"68":{"start":{"line":233,"column":6},"end":{"line":243,"column":8}},"69":{"start":{"line":245,"column":6},"end":{"line":248,"column":8}},"70":{"start":{"line":249,"column":6},"end":{"line":249,"column":68}},"71":{"start":{"line":250,"column":6},"end":{"line":253,"column":8}},"72":{"start":{"line":260,"column":4},"end":{"line":262,"column":5}},"73":{"start":{"line":261,"column":6},"end":{"line":261,"column":80}},"74":{"start":{"line":264,"column":4},"end":{"line":271,"column":5}},"75":{"start":{"line":265,"column":6},"end":{"line":265,"column":68}},"76":{"start":{"line":267,"column":6},"end":{"line":270,"column":8}},"77":{"start":{"line":272,"column":41},"end":{"line":273,"column":null}},"78":{"start":{"line":276,"column":4},"end":{"line":287,"column":5}},"79":{"start":{"line":277,"column":40},"end":{"line":279,"column":null}},"80":{"start":{"line":281,"column":6},"end":{"line":284,"column":8}},"81":{"start":{"line":286,"column":6},"end":{"line":286,"column":79}},"82":{"start":{"line":20,"column":13},"end":{"line":20,"column":24}},"83":{"start":{"line":20,"column":13},"end":{"line":289,"column":null}}},"fnMap":{"0":{"name":"(anonymous_2)","decl":{"start":{"line":21,"column":2},"end":{"line":21,"column":null}},"loc":{"start":{"line":26,"column":47},"end":{"line":27,"column":6}}},"1":{"name":"(anonymous_3)","decl":{"start":{"line":35,"column":2},"end":{"line":35,"column":14}},"loc":{"start":{"line":38,"column":45},"end":{"line":54,"column":3}}},"2":{"name":"(anonymous_4)","decl":{"start":{"line":44,"column":40},"end":{"line":44,"column":41}},"loc":{"start":{"line":44,"column":65},"end":{"line":48,"column":7}}},"3":{"name":"(anonymous_5)","decl":{"start":{"line":56,"column":2},"end":{"line":56,"column":7}},"loc":{"start":{"line":56,"column":40},"end":{"line":105,"column":3}}},"4":{"name":"(anonymous_6)","decl":{"start":{"line":107,"column":2},"end":{"line":107,"column":7}},"loc":{"start":{"line":107,"column":57},"end":{"line":120,"column":3}}},"5":{"name":"(anonymous_7)","decl":{"start":{"line":122,"column":2},"end":{"line":122,"column":7}},"loc":{"start":{"line":122,"column":53},"end":{"line":128,"column":3}}},"6":{"name":"(anonymous_8)","decl":{"start":{"line":130,"column":2},"end":{"line":130,"column":7}},"loc":{"start":{"line":133,"column":22},"end":{"line":148,"column":3}}},"7":{"name":"(anonymous_9)","decl":{"start":{"line":150,"column":2},"end":{"line":150,"column":7}},"loc":{"start":{"line":151,"column":27},"end":{"line":181,"column":3}}},"8":{"name":"(anonymous_10)","decl":{"start":{"line":183,"column":2},"end":{"line":183,"column":7}},"loc":{"start":{"line":183,"column":54},"end":{"line":200,"column":3}}},"9":{"name":"(anonymous_11)","decl":{"start":{"line":202,"column":2},"end":{"line":202,"column":7}},"loc":{"start":{"line":202,"column":29},"end":{"line":211,"column":3}}},"10":{"name":"(anonymous_12)","decl":{"start":{"line":213,"column":2},"end":{"line":213,"column":7}},"loc":{"start":{"line":213,"column":36},"end":{"line":255,"column":3}}},"11":{"name":"(anonymous_13)","decl":{"start":{"line":257,"column":2},"end":{"line":257,"column":7}},"loc":{"start":{"line":258,"column":26},"end":{"line":288,"column":3}}}},"branchMap":{"0":{"loc":{"start":{"line":37,"column":4},"end":{"line":37,"column":60}},"type":"default-arg","locations":[{"start":{"line":37,"column":22},"end":{"line":37,"column":60}}]},"1":{"loc":{"start":{"line":38,"column":4},"end":{"line":38,"column":45}},"type":"default-arg","locations":[{"start":{"line":38,"column":25},"end":{"line":38,"column":45}}]},"2":{"loc":{"start":{"line":41,"column":4},"end":{"line":53,"column":5}},"type":"if","locations":[{"start":{"line":41,"column":4},"end":{"line":53,"column":5}}]},"3":{"loc":{"start":{"line":41,"column":8},"end":{"line":41,"column":44}},"type":"binary-expr","locations":[{"start":{"line":41,"column":8},"end":{"line":41,"column":18}},{"start":{"line":41,"column":22},"end":{"line":41,"column":44}}]},"4":{"loc":{"start":{"line":50,"column":6},"end":{"line":52,"column":7}},"type":"if","locations":[{"start":{"line":50,"column":6},"end":{"line":52,"column":7}}]},"5":{"loc":{"start":{"line":57,"column":4},"end":{"line":59,"column":5}},"type":"if","locations":[{"start":{"line":57,"column":4},"end":{"line":59,"column":5}}]},"6":{"loc":{"start":{"line":64,"column":4},"end":{"line":66,"column":5}},"type":"if","locations":[{"start":{"line":64,"column":4},"end":{"line":66,"column":5}}]},"7":{"loc":{"start":{"line":70,"column":4},"end":{"line":80,"column":5}},"type":"if","locations":[{"start":{"line":70,"column":4},"end":{"line":80,"column":5}}]},"8":{"loc":{"start":{"line":73,"column":6},"end":{"line":79,"column":7}},"type":"if","locations":[{"start":{"line":73,"column":6},"end":{"line":79,"column":7}}]},"9":{"loc":{"start":{"line":74,"column":8},"end":{"line":78,"column":9}},"type":"if","locations":[{"start":{"line":74,"column":8},"end":{"line":78,"column":9}},{"start":{"line":76,"column":15},"end":{"line":78,"column":9}}]},"10":{"loc":{"start":{"line":76,"column":15},"end":{"line":78,"column":9}},"type":"if","locations":[{"start":{"line":76,"column":15},"end":{"line":78,"column":9}}]},"11":{"loc":{"start":{"line":109,"column":4},"end":{"line":111,"column":5}},"type":"if","locations":[{"start":{"line":109,"column":4},"end":{"line":111,"column":5}}]},"12":{"loc":{"start":{"line":136,"column":4},"end":{"line":138,"column":5}},"type":"if","locations":[{"start":{"line":136,"column":4},"end":{"line":138,"column":5}}]},"13":{"loc":{"start":{"line":225,"column":4},"end":{"line":254,"column":5}},"type":"if","locations":[{"start":{"line":225,"column":4},"end":{"line":254,"column":5}},{"start":{"line":244,"column":11},"end":{"line":254,"column":5}}]},"14":{"loc":{"start":{"line":260,"column":4},"end":{"line":262,"column":5}},"type":"if","locations":[{"start":{"line":260,"column":4},"end":{"line":262,"column":5}}]},"15":{"loc":{"start":{"line":276,"column":4},"end":{"line":287,"column":5}},"type":"if","locations":[{"start":{"line":276,"column":4},"end":{"line":287,"column":5}},{"start":{"line":285,"column":11},"end":{"line":287,"column":5}}]}},"s":{"0":2,"1":2,"2":2,"3":2,"4":2,"5":2,"6":2,"7":2,"8":2,"9":2,"10":43,"11":43,"12":43,"13":43,"14":43,"15":5,"16":2,"17":2,"18":6,"19":6,"20":6,"21":2,"22":1,"23":6,"24":1,"25":5,"26":5,"27":1,"28":4,"29":4,"30":4,"31":3,"32":3,"33":3,"34":2,"35":1,"36":1,"37":1,"38":4,"39":4,"40":4,"41":1,"42":1,"43":1,"44":1,"45":1,"46":1,"47":1,"48":1,"49":1,"50":1,"51":1,"52":1,"53":1,"54":1,"55":1,"56":1,"57":2,"58":2,"59":1,"60":1,"61":3,"62":2,"63":2,"64":2,"65":1,"66":1,"67":1,"68":1,"69":1,"70":1,"71":1,"72":5,"73":1,"74":4,"75":4,"76":2,"77":2,"78":2,"79":1,"80":1,"81":1,"82":2,"83":2},"f":{"0":43,"1":5,"2":6,"3":6,"4":1,"5":1,"6":1,"7":1,"8":2,"9":1,"10":3,"11":5},"b":{"0":[5],"1":[5],"2":[2],"3":[5,4],"4":[1],"5":[1],"6":[1],"7":[3],"8":[2],"9":[1,1],"10":[1],"11":[1],"12":[1],"13":[1,1],"14":[1],"15":[1,1]}}
,"D:\\CODE\\nestjs-challenge\\src\\auth\\guards\\auth.guard.ts": {"path":"D:\\CODE\\nestjs-challenge\\src\\auth\\guards\\auth.guard.ts","statementMap":{"0":{"start":{"line":1,"column":0},"end":{"line":1,"column":null}},"1":{"start":{"line":7,"column":0},"end":{"line":7,"column":41}},"2":{"start":{"line":8,"column":0},"end":{"line":8,"column":73}},"3":{"start":{"line":9,"column":0},"end":{"line":9,"column":41}},"4":{"start":{"line":10,"column":0},"end":{"line":10,"column":33}},"5":{"start":{"line":11,"column":0},"end":{"line":11,"column":93}},"6":{"start":{"line":12,"column":0},"end":{"line":12,"column":54}},"7":{"start":{"line":13,"column":0},"end":{"line":13,"column":57}},"8":{"start":{"line":16,"column":7},"end":{"line":99,"column":null}},"9":{"start":{"line":18,"column":12},"end":{"line":18,"column":23}},"10":{"start":{"line":19,"column":12},"end":{"line":19,"column":24}},"11":{"start":{"line":20,"column":21},"end":{"line":20,"column":35}},"12":{"start":{"line":23,"column":21},"end":{"line":26,"column":6}},"13":{"start":{"line":27,"column":4},"end":{"line":29,"column":5}},"14":{"start":{"line":28,"column":6},"end":{"line":28,"column":18}},"15":{"start":{"line":31,"column":20},"end":{"line":31,"column":55}},"16":{"start":{"line":35,"column":4},"end":{"line":41,"column":5}},"17":{"start":{"line":36,"column":26},"end":{"line":36,"column":61}},"18":{"start":{"line":37,"column":6},"end":{"line":37,"column":49}},"19":{"start":{"line":38,"column":6},"end":{"line":38,"column":48}},"20":{"start":{"line":40,"column":6},"end":{"line":40,"column":44}},"21":{"start":{"line":43,"column":28},"end":{"line":45,"column":null}},"22":{"start":{"line":49,"column":4},"end":{"line":57,"column":5}},"23":{"start":{"line":51,"column":6},"end":{"line":55,"column":7}},"24":{"start":{"line":52,"column":8},"end":{"line":52,"column":54}},"25":{"start":{"line":54,"column":8},"end":{"line":54,"column":50}},"26":{"start":{"line":56,"column":6},"end":{"line":56,"column":18}},"27":{"start":{"line":59,"column":4},"end":{"line":61,"column":5}},"28":{"start":{"line":60,"column":6},"end":{"line":60,"column":80}},"29":{"start":{"line":62,"column":22},"end":{"line":62,"column":40}},"30":{"start":{"line":64,"column":4},"end":{"line":68,"column":5}},"31":{"start":{"line":65,"column":6},"end":{"line":65,"column":61}},"32":{"start":{"line":67,"column":6},"end":{"line":67,"column":66}},"33":{"start":{"line":70,"column":17},"end":{"line":70,"column":66}},"34":{"start":{"line":72,"column":4},"end":{"line":74,"column":5}},"35":{"start":{"line":73,"column":6},"end":{"line":73,"column":70}},"36":{"start":{"line":75,"column":4},"end":{"line":79,"column":5}},"37":{"start":{"line":76,"column":6},"end":{"line":78,"column":8}},"38":{"start":{"line":82,"column":25},"end":{"line":82,"column":58}},"39":{"start":{"line":83,"column":21},"end":{"line":83,"column":66}},"40":{"start":{"line":84,"column":4},"end":{"line":86,"column":5}},"41":{"start":{"line":85,"column":6},"end":{"line":85,"column":60}},"42":{"start":{"line":89,"column":4},"end":{"line":95,"column":5}},"43":{"start":{"line":90,"column":6},"end":{"line":90,"column":33}},"44":{"start":{"line":91,"column":6},"end":{"line":91,"column":53}},"45":{"start":{"line":93,"column":6},"end":{"line":93,"column":29}},"46":{"start":{"line":94,"column":6},"end":{"line":94,"column":49}},"47":{"start":{"line":97,"column":4},"end":{"line":97,"column":16}},"48":{"start":{"line":16,"column":13},"end":{"line":16,"column":22}},"49":{"start":{"line":16,"column":13},"end":{"line":99,"column":null}}},"fnMap":{"0":{"name":"(anonymous_2)","decl":{"start":{"line":17,"column":2},"end":{"line":17,"column":null}},"loc":{"start":{"line":20,"column":47},"end":{"line":21,"column":6}}},"1":{"name":"(anonymous_3)","decl":{"start":{"line":22,"column":2},"end":{"line":22,"column":7}},"loc":{"start":{"line":22,"column":45},"end":{"line":98,"column":3}}}},"branchMap":{"0":{"loc":{"start":{"line":27,"column":4},"end":{"line":29,"column":5}},"type":"if","locations":[{"start":{"line":27,"column":4},"end":{"line":29,"column":5}}]},"1":{"loc":{"start":{"line":35,"column":4},"end":{"line":41,"column":5}},"type":"if","locations":[{"start":{"line":35,"column":4},"end":{"line":41,"column":5}},{"start":{"line":39,"column":11},"end":{"line":41,"column":5}}]},"2":{"loc":{"start":{"line":49,"column":4},"end":{"line":57,"column":5}},"type":"if","locations":[{"start":{"line":49,"column":4},"end":{"line":57,"column":5}}]},"3":{"loc":{"start":{"line":49,"column":8},"end":{"line":49,"column":33}},"type":"binary-expr","locations":[{"start":{"line":49,"column":8},"end":{"line":49,"column":14}},{"start":{"line":49,"column":18},"end":{"line":49,"column":33}}]},"4":{"loc":{"start":{"line":51,"column":6},"end":{"line":55,"column":7}},"type":"if","locations":[{"start":{"line":51,"column":6},"end":{"line":55,"column":7}},{"start":{"line":53,"column":13},"end":{"line":55,"column":7}}]},"5":{"loc":{"start":{"line":59,"column":4},"end":{"line":61,"column":5}},"type":"if","locations":[{"start":{"line":59,"column":4},"end":{"line":61,"column":5}}]},"6":{"loc":{"start":{"line":59,"column":8},"end":{"line":59,"column":35}},"type":"binary-expr","locations":[{"start":{"line":59,"column":8},"end":{"line":59,"column":14}},{"start":{"line":59,"column":18},"end":{"line":59,"column":35}}]},"7":{"loc":{"start":{"line":72,"column":4},"end":{"line":74,"column":5}},"type":"if","locations":[{"start":{"line":72,"column":4},"end":{"line":74,"column":5}}]},"8":{"loc":{"start":{"line":75,"column":4},"end":{"line":79,"column":5}},"type":"if","locations":[{"start":{"line":75,"column":4},"end":{"line":79,"column":5}}]},"9":{"loc":{"start":{"line":84,"column":4},"end":{"line":86,"column":5}},"type":"if","locations":[{"start":{"line":84,"column":4},"end":{"line":86,"column":5}}]},"10":{"loc":{"start":{"line":89,"column":4},"end":{"line":95,"column":5}},"type":"if","locations":[{"start":{"line":89,"column":4},"end":{"line":95,"column":5}},{"start":{"line":92,"column":11},"end":{"line":95,"column":5}}]}},"s":{"0":1,"1":1,"2":1,"3":1,"4":1,"5":1,"6":1,"7":1,"8":1,"9":13,"10":13,"11":13,"12":11,"13":11,"14":1,"15":10,"16":10,"17":3,"18":3,"19":3,"20":7,"21":10,"22":10,"23":2,"24":1,"25":1,"26":2,"27":8,"28":1,"29":7,"30":7,"31":7,"32":1,"33":6,"34":6,"35":1,"36":5,"37":2,"38":3,"39":3,"40":3,"41":1,"42":2,"43":1,"44":1,"45":1,"46":1,"47":2,"48":1,"49":1},"f":{"0":13,"1":11},"b":{"0":[1],"1":[3,7],"2":[2],"3":[10,2],"4":[1,1],"5":[1],"6":[8,8],"7":[1],"8":[2],"9":[1],"10":[1,1]}}
,"D:\\CODE\\nestjs-challenge\\src\\auth\\guards\\roles.guard.ts": {"path":"D:\\CODE\\nestjs-challenge\\src\\auth\\guards\\roles.guard.ts","statementMap":{"0":{"start":{"line":1,"column":0},"end":{"line":1,"column":null}},"1":{"start":{"line":8,"column":0},"end":{"line":8,"column":41}},"2":{"start":{"line":9,"column":0},"end":{"line":9,"column":80}},"3":{"start":{"line":10,"column":0},"end":{"line":10,"column":54}},"4":{"start":{"line":13,"column":7},"end":{"line":44,"column":null}},"5":{"start":{"line":14,"column":22},"end":{"line":14,"column":33}},"6":{"start":{"line":19,"column":26},"end":{"line":22,"column":6}},"7":{"start":{"line":23,"column":4},"end":{"line":25,"column":5}},"8":{"start":{"line":24,"column":6},"end":{"line":24,"column":18}},"9":{"start":{"line":29,"column":4},"end":{"line":34,"column":5}},"10":{"start":{"line":30,"column":26},"end":{"line":30,"column":61}},"11":{"start":{"line":31,"column":6},"end":{"line":31,"column":45}},"12":{"start":{"line":33,"column":6},"end":{"line":33,"column":52}},"13":{"start":{"line":36,"column":4},"end":{"line":42,"column":5}},"14":{"start":{"line":37,"column":6},"end":{"line":37,"column":18}},"15":{"start":{"line":39,"column":6},"end":{"line":41,"column":8}},"16":{"start":{"line":13,"column":13},"end":{"line":13,"column":23}},"17":{"start":{"line":13,"column":13},"end":{"line":44,"column":null}}},"fnMap":{"0":{"name":"(anonymous_2)","decl":{"start":{"line":14,"column":2},"end":{"line":14,"column":22}},"loc":{"start":{"line":14,"column":42},"end":{"line":14,"column":46}}},"1":{"name":"(anonymous_3)","decl":{"start":{"line":16,"column":2},"end":{"line":16,"column":13}},"loc":{"start":{"line":17,"column":29},"end":{"line":43,"column":3}}}},"branchMap":{"0":{"loc":{"start":{"line":23,"column":4},"end":{"line":25,"column":5}},"type":"if","locations":[{"start":{"line":23,"column":4},"end":{"line":25,"column":5}}]},"1":{"loc":{"start":{"line":29,"column":4},"end":{"line":34,"column":5}},"type":"if","locations":[{"start":{"line":29,"column":4},"end":{"line":34,"column":5}},{"start":{"line":32,"column":11},"end":{"line":34,"column":5}}]},"2":{"loc":{"start":{"line":36,"column":4},"end":{"line":42,"column":5}},"type":"if","locations":[{"start":{"line":36,"column":4},"end":{"line":42,"column":5}},{"start":{"line":38,"column":11},"end":{"line":42,"column":5}}]},"3":{"loc":{"start":{"line":36,"column":8},"end":{"line":36,"column":59}},"type":"binary-expr","locations":[{"start":{"line":36,"column":8},"end":{"line":36,"column":20}},{"start":{"line":36,"column":24},"end":{"line":36,"column":59}}]}},"s":{"0":1,"1":1,"2":1,"3":1,"4":1,"5":7,"6":5,"7":5,"8":1,"9":4,"10":2,"11":2,"12":2,"13":4,"14":2,"15":2,"16":1,"17":1},"f":{"0":7,"1":5},"b":{"0":[1],"1":[2,2],"2":[2,2],"3":[4,4]}}
,"D:\\CODE\\nestjs-challenge\\src\\carts\\carts.service.ts": {"path":"D:\\CODE\\nestjs-challenge\\src\\carts\\carts.service.ts","statementMap":{"0":{"start":{"line":1,"column":0},"end":{"line":1,"column":65}},"1":{"start":{"line":2,"column":0},"end":{"line":2,"column":57}},"2":{"start":{"line":6,"column":7},"end":{"line":89,"column":null}},"3":{"start":{"line":7,"column":31},"end":{"line":7,"column":39}},"4":{"start":{"line":13,"column":4},"end":{"line":15,"column":5}},"5":{"start":{"line":14,"column":6},"end":{"line":14,"column":71}},"6":{"start":{"line":16,"column":22},"end":{"line":18,"column":6}},"7":{"start":{"line":19,"column":4},"end":{"line":21,"column":5}},"8":{"start":{"line":20,"column":6},"end":{"line":20,"column":68}},"9":{"start":{"line":23,"column":19},"end":{"line":30,"column":6}},"10":{"start":{"line":31,"column":4},"end":{"line":50,"column":5}},"11":{"start":{"line":32,"column":6},"end":{"line":37,"column":9}},"12":{"start":{"line":39,"column":6},"end":{"line":49,"column":9}},"13":{"start":{"line":57,"column":19},"end":{"line":67,"column":6}},"14":{"start":{"line":68,"column":4},"end":{"line":70,"column":5}},"15":{"start":{"line":69,"column":6},"end":{"line":69,"column":60}},"16":{"start":{"line":72,"column":4},"end":{"line":74,"column":7}},"17":{"start":{"line":75,"column":4},"end":{"line":75,"column":45}},"18":{"start":{"line":79,"column":4},"end":{"line":87,"column":7}},"19":{"start":{"line":6,"column":13},"end":{"line":6,"column":25}},"20":{"start":{"line":6,"column":13},"end":{"line":89,"column":null}}},"fnMap":{"0":{"name":"(anonymous_2)","decl":{"start":{"line":7,"column":2},"end":{"line":7,"column":31}},"loc":{"start":{"line":7,"column":52},"end":{"line":7,"column":56}}},"1":{"name":"(anonymous_3)","decl":{"start":{"line":8,"column":2},"end":{"line":8,"column":7}},"loc":{"start":{"line":11,"column":20},"end":{"line":51,"column":3}}},"2":{"name":"(anonymous_4)","decl":{"start":{"line":53,"column":2},"end":{"line":53,"column":7}},"loc":{"start":{"line":55,"column":19},"end":{"line":76,"column":3}}},"3":{"name":"(anonymous_5)","decl":{"start":{"line":78,"column":2},"end":{"line":78,"column":7}},"loc":{"start":{"line":78,"column":36},"end":{"line":88,"column":3}}}},"branchMap":{"0":{"loc":{"start":{"line":13,"column":4},"end":{"line":15,"column":5}},"type":"if","locations":[{"start":{"line":13,"column":4},"end":{"line":15,"column":5}}]},"1":{"loc":{"start":{"line":19,"column":4},"end":{"line":21,"column":5}},"type":"if","locations":[{"start":{"line":19,"column":4},"end":{"line":21,"column":5}}]},"2":{"loc":{"start":{"line":31,"column":4},"end":{"line":50,"column":5}},"type":"if","locations":[{"start":{"line":31,"column":4},"end":{"line":50,"column":5}},{"start":{"line":38,"column":11},"end":{"line":50,"column":5}}]},"3":{"loc":{"start":{"line":68,"column":4},"end":{"line":70,"column":5}},"type":"if","locations":[{"start":{"line":68,"column":4},"end":{"line":70,"column":5}}]}},"s":{"0":1,"1":1,"2":1,"3":11,"4":3,"5":0,"6":3,"7":3,"8":1,"9":2,"10":2,"11":1,"12":1,"13":3,"14":3,"15":2,"16":1,"17":1,"18":1,"19":1,"20":1},"f":{"0":11,"1":3,"2":3,"3":1},"b":{"0":[0],"1":[1],"2":[1,1],"3":[2]}}
,"D:\\CODE\\nestjs-challenge\\src\\categories\\categories.service.ts": {"path":"D:\\CODE\\nestjs-challenge\\src\\categories\\categories.service.ts","statementMap":{"0":{"start":{"line":1,"column":0},"end":{"line":1,"column":null}},"1":{"start":{"line":6,"column":0},"end":{"line":6,"column":57}},"2":{"start":{"line":11,"column":7},"end":{"line":73,"column":null}},"3":{"start":{"line":12,"column":31},"end":{"line":12,"column":39}},"4":{"start":{"line":15,"column":25},"end":{"line":22,"column":6}},"5":{"start":{"line":23,"column":4},"end":{"line":23,"column":20}},"6":{"start":{"line":27,"column":19},"end":{"line":29,"column":6}},"7":{"start":{"line":30,"column":4},"end":{"line":32,"column":5}},"8":{"start":{"line":31,"column":6},"end":{"line":31,"column":66}},"9":{"start":{"line":34,"column":4},"end":{"line":38,"column":7}},"10":{"start":{"line":42,"column":4},"end":{"line":42,"column":47}},"11":{"start":{"line":46,"column":19},"end":{"line":48,"column":6}},"12":{"start":{"line":50,"column":4},"end":{"line":52,"column":5}},"13":{"start":{"line":51,"column":6},"end":{"line":51,"column":55}},"14":{"start":{"line":54,"column":4},"end":{"line":58,"column":7}},"15":{"start":{"line":59,"column":4},"end":{"line":59,"column":28}},"16":{"start":{"line":63,"column":27},"end":{"line":70,"column":6}},"17":{"start":{"line":71,"column":4},"end":{"line":71,"column":22}},"18":{"start":{"line":11,"column":13},"end":{"line":11,"column":30}},"19":{"start":{"line":11,"column":13},"end":{"line":73,"column":null}}},"fnMap":{"0":{"name":"(anonymous_2)","decl":{"start":{"line":12,"column":2},"end":{"line":12,"column":31}},"loc":{"start":{"line":12,"column":52},"end":{"line":12,"column":56}}},"1":{"name":"(anonymous_3)","decl":{"start":{"line":14,"column":2},"end":{"line":14,"column":7}},"loc":{"start":{"line":14,"column":46},"end":{"line":24,"column":3}}},"2":{"name":"(anonymous_4)","decl":{"start":{"line":26,"column":2},"end":{"line":26,"column":7}},"loc":{"start":{"line":26,"column":35},"end":{"line":39,"column":3}}},"3":{"name":"(anonymous_5)","decl":{"start":{"line":41,"column":2},"end":{"line":41,"column":7}},"loc":{"start":{"line":41,"column":21},"end":{"line":43,"column":3}}},"4":{"name":"(anonymous_6)","decl":{"start":{"line":45,"column":2},"end":{"line":45,"column":7}},"loc":{"start":{"line":45,"column":33},"end":{"line":60,"column":3}}},"5":{"name":"(anonymous_7)","decl":{"start":{"line":62,"column":2},"end":{"line":62,"column":7}},"loc":{"start":{"line":62,"column":36},"end":{"line":72,"column":3}}}},"branchMap":{"0":{"loc":{"start":{"line":30,"column":4},"end":{"line":32,"column":5}},"type":"if","locations":[{"start":{"line":30,"column":4},"end":{"line":32,"column":5}}]},"1":{"loc":{"start":{"line":50,"column":4},"end":{"line":52,"column":5}},"type":"if","locations":[{"start":{"line":50,"column":4},"end":{"line":52,"column":5}}]}},"s":{"0":1,"1":1,"2":1,"3":8,"4":0,"5":0,"6":2,"7":2,"8":1,"9":1,"10":0,"11":3,"12":3,"13":1,"14":2,"15":1,"16":0,"17":0,"18":1,"19":1},"f":{"0":8,"1":0,"2":2,"3":0,"4":3,"5":0},"b":{"0":[1],"1":[1]}}
,"D:\\CODE\\nestjs-challenge\\src\\common\\decorators\\public.decorator.ts": {"path":"D:\\CODE\\nestjs-challenge\\src\\common\\decorators\\public.decorator.ts","statementMap":{"0":{"start":{"line":1,"column":0},"end":{"line":1,"column":62}},"1":{"start":{"line":3,"column":13},"end":{"line":3,"column":40}},"2":{"start":{"line":4,"column":22},"end":{"line":4,"column":77}},"3":{"start":{"line":4,"column":45},"end":{"line":4,"column":77}},"4":{"start":{"line":4,"column":13},"end":{"line":4,"column":22}}},"fnMap":{"0":{"name":"(anonymous_0)","decl":{"start":{"line":4,"column":22},"end":{"line":4,"column":42}},"loc":{"start":{"line":4,"column":45},"end":{"line":4,"column":77}}}},"branchMap":{},"s":{"0":2,"1":2,"2":2,"3":2,"4":2},"f":{"0":2},"b":{}}
,"D:\\CODE\\nestjs-challenge\\src\\common\\decorators\\public_and_private.decorator.ts": {"path":"D:\\CODE\\nestjs-challenge\\src\\common\\decorators\\public_and_private.decorator.ts","statementMap":{"0":{"start":{"line":1,"column":0},"end":{"line":1,"column":62}},"1":{"start":{"line":3,"column":13},"end":{"line":3,"column":55}},"2":{"start":{"line":4,"column":29},"end":{"line":5,"column":42}},"3":{"start":{"line":5,"column":2},"end":{"line":5,"column":42}},"4":{"start":{"line":4,"column":13},"end":{"line":4,"column":29}}},"fnMap":{"0":{"name":"(anonymous_0)","decl":{"start":{"line":4,"column":29},"end":{"line":4,"column":49}},"loc":{"start":{"line":5,"column":2},"end":{"line":5,"column":42}}}},"branchMap":{},"s":{"0":2,"1":2,"2":2,"3":2,"4":2},"f":{"0":2},"b":{}}
,"D:\\CODE\\nestjs-challenge\\src\\common\\decorators\\requires-role.decorator.ts": {"path":"D:\\CODE\\nestjs-challenge\\src\\common\\decorators\\requires-role.decorator.ts","statementMap":{"0":{"start":{"line":1,"column":0},"end":{"line":1,"column":62}},"1":{"start":{"line":4,"column":13},"end":{"line":4,"column":45}},"2":{"start":{"line":19,"column":28},"end":{"line":20,"column":34}},"3":{"start":{"line":20,"column":2},"end":{"line":20,"column":34}},"4":{"start":{"line":19,"column":13},"end":{"line":19,"column":28}}},"fnMap":{"0":{"name":"(anonymous_0)","decl":{"start":{"line":19,"column":28},"end":{"line":19,"column":29}},"loc":{"start":{"line":20,"column":2},"end":{"line":20,"column":34}}}},"branchMap":{},"s":{"0":3,"1":3,"2":3,"3":8,"4":3},"f":{"0":8},"b":{}}
,"D:\\CODE\\nestjs-challenge\\src\\common\\filters\\global-exception.filter.ts": {"path":"D:\\CODE\\nestjs-challenge\\src\\common\\filters\\global-exception.filter.ts","statementMap":{"0":{"start":{"line":1,"column":0},"end":{"line":1,"column":null}},"1":{"start":{"line":7,"column":0},"end":{"line":7,"column":51}},"2":{"start":{"line":10,"column":7},"end":{"line":46,"column":null}},"3":{"start":{"line":14,"column":4},"end":{"line":20,"column":5}},"4":{"start":{"line":15,"column":6},"end":{"line":15,"column":35}},"5":{"start":{"line":16,"column":6},"end":{"line":16,"column":34}},"6":{"start":{"line":18,"column":6},"end":{"line":18,"column":46}},"7":{"start":{"line":19,"column":6},"end":{"line":19,"column":43}},"8":{"start":{"line":26,"column":4},"end":{"line":32,"column":5}},"9":{"start":{"line":27,"column":6},"end":{"line":27,"column":23}},"10":{"start":{"line":29,"column":6},"end":{"line":29,"column":49}},"11":{"start":{"line":30,"column":6},"end":{"line":30,"column":51}},"12":{"start":{"line":31,"column":6},"end":{"line":31,"column":25}},"13":{"start":{"line":33,"column":25},"end":{"line":38,"column":6}},"14":{"start":{"line":39,"column":20},"end":{"line":39,"column":47}},"15":{"start":{"line":40,"column":4},"end":{"line":42,"column":5}},"16":{"start":{"line":41,"column":6},"end":{"line":41,"column":40}},"17":{"start":{"line":44,"column":4},"end":{"line":44,"column":60}},"18":{"start":{"line":10,"column":13},"end":{"line":10,"column":34}},"19":{"start":{"line":10,"column":13},"end":{"line":46,"column":null}}},"fnMap":{"0":{"name":"(anonymous_1)","decl":{"start":{"line":11,"column":2},"end":{"line":11,"column":7}},"loc":{"start":{"line":11,"column":43},"end":{"line":45,"column":3}}}},"branchMap":{"0":{"loc":{"start":{"line":14,"column":4},"end":{"line":20,"column":5}},"type":"if","locations":[{"start":{"line":14,"column":4},"end":{"line":20,"column":5}},{"start":{"line":17,"column":11},"end":{"line":20,"column":5}}]},"1":{"loc":{"start":{"line":26,"column":4},"end":{"line":32,"column":5}},"type":"if","locations":[{"start":{"line":26,"column":4},"end":{"line":32,"column":5}},{"start":{"line":28,"column":11},"end":{"line":32,"column":5}}]},"2":{"loc":{"start":{"line":40,"column":4},"end":{"line":42,"column":5}},"type":"if","locations":[{"start":{"line":40,"column":4},"end":{"line":42,"column":5}}]}},"s":{"0":1,"1":1,"2":1,"3":4,"4":1,"5":1,"6":3,"7":3,"8":4,"9":3,"10":1,"11":1,"12":1,"13":1,"14":1,"15":1,"16":1,"17":1,"18":1,"19":1},"f":{"0":4},"b":{"0":[1,3],"1":[3,1],"2":[1]}}
,"D:\\CODE\\nestjs-challenge\\src\\common\\tasks\\tasks.service.ts": {"path":"D:\\CODE\\nestjs-challenge\\src\\common\\tasks\\tasks.service.ts","statementMap":{"0":{"start":{"line":1,"column":0},"end":{"line":1,"column":44}},"1":{"start":{"line":2,"column":0},"end":{"line":2,"column":40}},"2":{"start":{"line":3,"column":0},"end":{"line":3,"column":66}},"3":{"start":{"line":4,"column":0},"end":{"line":4,"column":76}},"4":{"start":{"line":7,"column":7},"end":{"line":43,"column":null}},"5":{"start":{"line":9,"column":21},"end":{"line":9,"column":38}},"6":{"start":{"line":10,"column":21},"end":{"line":10,"column":36}},"7":{"start":{"line":16,"column":4},"end":{"line":18,"column":6}},"8":{"start":{"line":26,"column":21},"end":{"line":26,"column":69}},"9":{"start":{"line":27,"column":4},"end":{"line":29,"column":5}},"10":{"start":{"line":28,"column":6},"end":{"line":28,"column":13}},"11":{"start":{"line":30,"column":19},"end":{"line":39,"column":10}},"12":{"start":{"line":31,"column":6},"end":{"line":37,"column":9}},"13":{"start":{"line":38,"column":6},"end":{"line":38,"column":27}},"14":{"start":{"line":41,"column":4},"end":{"line":41,"column":52}},"15":{"start":{"line":7,"column":13},"end":{"line":7,"column":25}},"16":{"start":{"line":14,"column":8},"end":{"line":19,"column":null}},"17":{"start":{"line":25,"column":8},"end":{"line":42,"column":null}},"18":{"start":{"line":7,"column":13},"end":{"line":43,"column":null}}},"fnMap":{"0":{"name":"(anonymous_2)","decl":{"start":{"line":8,"column":2},"end":{"line":8,"column":null}},"loc":{"start":{"line":10,"column":49},"end":{"line":11,"column":6}}},"1":{"name":"(anonymous_3)","decl":{"start":{"line":14,"column":2},"end":{"line":14,"column":7}},"loc":{"start":{"line":14,"column":18},"end":{"line":19,"column":3}}},"2":{"name":"(anonymous_4)","decl":{"start":{"line":25,"column":2},"end":{"line":25,"column":7}},"loc":{"start":{"line":25,"column":33},"end":{"line":42,"column":3}}},"3":{"name":"(anonymous_5)","decl":{"start":{"line":30,"column":35},"end":{"line":30,"column":36}},"loc":{"start":{"line":30,"column":62},"end":{"line":39,"column":5}}}},"branchMap":{"0":{"loc":{"start":{"line":27,"column":4},"end":{"line":29,"column":5}},"type":"if","locations":[{"start":{"line":27,"column":4},"end":{"line":29,"column":5}}]}},"s":{"0":1,"1":1,"2":1,"3":1,"4":1,"5":1,"6":1,"7":0,"8":0,"9":0,"10":0,"11":0,"12":0,"13":0,"14":0,"15":1,"16":1,"17":1,"18":1},"f":{"0":1,"1":0,"2":0,"3":0},"b":{"0":[0]}}
,"D:\\CODE\\nestjs-challenge\\src\\emails\\emails.service.ts": {"path":"D:\\CODE\\nestjs-challenge\\src\\emails\\emails.service.ts","statementMap":{"0":{"start":{"line":1,"column":0},"end":{"line":1,"column":74}},"1":{"start":{"line":2,"column":0},"end":{"line":2,"column":47}},"2":{"start":{"line":3,"column":0},"end":{"line":3,"column":36}},"3":{"start":{"line":5,"column":0},"end":{"line":5,"column":null}},"4":{"start":{"line":6,"column":2},"end":{"line":6,"column":null}},"5":{"start":{"line":7,"column":2},"end":{"line":7,"column":null}},"6":{"start":{"line":8,"column":2},"end":{"line":8,"column":null}},"7":{"start":{"line":9,"column":2},"end":{"line":9,"column":null}},"8":{"start":{"line":10,"column":2},"end":{"line":10,"column":null}},"9":{"start":{"line":14,"column":7},"end":{"line":127,"column":null}},"10":{"start":{"line":16,"column":4},"end":{"line":16,"column":68}},"11":{"start":{"line":23,"column":29},"end":{"line":23,"column":69}},"12":{"start":{"line":24,"column":41},"end":{"line":29,"column":6}},"13":{"start":{"line":31,"column":4},"end":{"line":37,"column":5}},"14":{"start":{"line":32,"column":6},"end":{"line":32,"column":29}},"15":{"start":{"line":34,"column":6},"end":{"line":36,"column":8}},"16":{"start":{"line":43,"column":54},"end":{"line":53,"column":6}},"17":{"start":{"line":44,"column":31},"end":{"line":46,"column":null}},"18":{"start":{"line":48,"column":6},"end":{"line":52,"column":8}},"19":{"start":{"line":55,"column":4},"end":{"line":61,"column":5}},"20":{"start":{"line":56,"column":6},"end":{"line":56,"column":46}},"21":{"start":{"line":58,"column":6},"end":{"line":60,"column":8}},"22":{"start":{"line":71,"column":4},"end":{"line":125,"column":5}},"23":{"start":{"line":73,"column":8},"end":{"line":78,"column":10}},"24":{"start":{"line":80,"column":8},"end":{"line":85,"column":10}},"25":{"start":{"line":87,"column":8},"end":{"line":91,"column":9}},"26":{"start":{"line":88,"column":10},"end":{"line":90,"column":12}},"27":{"start":{"line":92,"column":8},"end":{"line":97,"column":10}},"28":{"start":{"line":99,"column":8},"end":{"line":103,"column":9}},"29":{"start":{"line":100,"column":10},"end":{"line":102,"column":12}},"30":{"start":{"line":104,"column":8},"end":{"line":109,"column":10}},"31":{"start":{"line":111,"column":8},"end":{"line":115,"column":9}},"32":{"start":{"line":112,"column":10},"end":{"line":114,"column":12}},"33":{"start":{"line":116,"column":8},"end":{"line":122,"column":10}},"34":{"start":{"line":124,"column":8},"end":{"line":124,"column":76}},"35":{"start":{"line":14,"column":13},"end":{"line":14,"column":26}},"36":{"start":{"line":14,"column":13},"end":{"line":127,"column":null}}},"fnMap":{"0":{"name":"(anonymous_2)","decl":{"start":{"line":5,"column":0},"end":{"line":5,"column":12}},"loc":{"start":{"line":5,"column":26},"end":{"line":11,"column":1}}},"1":{"name":"(anonymous_3)","decl":{"start":{"line":15,"column":2},"end":{"line":15,"column":14}},"loc":{"start":{"line":15,"column":42},"end":{"line":17,"column":3}}},"2":{"name":"(anonymous_4)","decl":{"start":{"line":19,"column":2},"end":{"line":19,"column":7}},"loc":{"start":{"line":21,"column":40},"end":{"line":38,"column":3}}},"3":{"name":"(anonymous_5)","decl":{"start":{"line":40,"column":2},"end":{"line":40,"column":7}},"loc":{"start":{"line":41,"column":53},"end":{"line":62,"column":3}}},"4":{"name":"(anonymous_6)","decl":{"start":{"line":43,"column":65},"end":{"line":43,"column":66}},"loc":{"start":{"line":43,"column":75},"end":{"line":53,"column":5}}},"5":{"name":"(anonymous_7)","decl":{"start":{"line":64,"column":2},"end":{"line":64,"column":21}},"loc":{"start":{"line":66,"column":40},"end":{"line":126,"column":3}}}},"branchMap":{"0":{"loc":{"start":{"line":5,"column":12},"end":{"line":5,"column":null}},"type":"binary-expr","locations":[{"start":{"line":5,"column":12},"end":{"line":5,"column":26}},{"start":{"line":5,"column":26},"end":{"line":5,"column":null}}]},"1":{"loc":{"start":{"line":21,"column":4},"end":{"line":21,"column":40}},"type":"default-arg","locations":[{"start":{"line":21,"column":38},"end":{"line":21,"column":40}}]},"2":{"loc":{"start":{"line":66,"column":4},"end":{"line":66,"column":40}},"type":"default-arg","locations":[{"start":{"line":66,"column":38},"end":{"line":66,"column":40}}]},"3":{"loc":{"start":{"line":71,"column":4},"end":{"line":125,"column":5}},"type":"switch","locations":[{"start":{"line":72,"column":6},"end":{"line":78,"column":10}},{"start":{"line":79,"column":6},"end":{"line":85,"column":10}},{"start":{"line":86,"column":6},"end":{"line":97,"column":10}},{"start":{"line":98,"column":6},"end":{"line":109,"column":10}},{"start":{"line":110,"column":6},"end":{"line":122,"column":10}},{"start":{"line":123,"column":6},"end":{"line":124,"column":76}}]},"4":{"loc":{"start":{"line":87,"column":8},"end":{"line":91,"column":9}},"type":"if","locations":[{"start":{"line":87,"column":8},"end":{"line":91,"column":9}}]},"5":{"loc":{"start":{"line":99,"column":8},"end":{"line":103,"column":9}},"type":"if","locations":[{"start":{"line":99,"column":8},"end":{"line":103,"column":9}}]},"6":{"loc":{"start":{"line":111,"column":8},"end":{"line":115,"column":9}},"type":"if","locations":[{"start":{"line":111,"column":8},"end":{"line":115,"column":9}}]},"7":{"loc":{"start":{"line":111,"column":14},"end":{"line":111,"column":54}},"type":"binary-expr","locations":[{"start":{"line":111,"column":14},"end":{"line":111,"column":32}},{"start":{"line":111,"column":36},"end":{"line":111,"column":54}}]}},"s":{"0":4,"1":4,"2":4,"3":4,"4":4,"5":4,"6":4,"7":4,"8":4,"9":4,"10":45,"11":7,"12":7,"13":7,"14":7,"15":0,"16":0,"17":0,"18":0,"19":0,"20":0,"21":0,"22":7,"23":1,"24":1,"25":1,"26":0,"27":1,"28":4,"29":0,"30":4,"31":0,"32":0,"33":0,"34":0,"35":4,"36":4},"f":{"0":4,"1":45,"2":7,"3":0,"4":0,"5":7},"b":{"0":[4,4],"1":[2],"2":[0],"3":[1,1,1,4,0,0],"4":[0],"5":[0],"6":[0],"7":[0,0]}}
,"D:\\CODE\\nestjs-challenge\\src\\images\\images.service.ts": {"path":"D:\\CODE\\nestjs-challenge\\src\\images\\images.service.ts","statementMap":{"0":{"start":{"line":1,"column":0},"end":{"line":1,"column":null}},"1":{"start":{"line":7,"column":0},"end":{"line":7,"column":46}},"2":{"start":{"line":8,"column":0},"end":{"line":8,"column":47}},"3":{"start":{"line":9,"column":0},"end":{"line":9,"column":57}},"4":{"start":{"line":10,"column":0},"end":{"line":10,"column":63}},"5":{"start":{"line":14,"column":7},"end":{"line":101,"column":null}},"6":{"start":{"line":16,"column":21},"end":{"line":16,"column":36}},"7":{"start":{"line":17,"column":21},"end":{"line":17,"column":29}},"8":{"start":{"line":18,"column":21},"end":{"line":18,"column":38}},"9":{"start":{"line":20,"column":4},"end":{"line":24,"column":7}},"10":{"start":{"line":32,"column":4},"end":{"line":34,"column":5}},"11":{"start":{"line":33,"column":6},"end":{"line":33,"column":79}},"12":{"start":{"line":36,"column":19},"end":{"line":38,"column":null}},"13":{"start":{"line":40,"column":4},"end":{"line":42,"column":5}},"14":{"start":{"line":41,"column":6},"end":{"line":41,"column":65}},"15":{"start":{"line":44,"column":18},"end":{"line":45,"column":null}},"16":{"start":{"line":47,"column":4},"end":{"line":51,"column":5}},"17":{"start":{"line":48,"column":6},"end":{"line":50,"column":8}},"18":{"start":{"line":53,"column":4},"end":{"line":68,"column":7}},"19":{"start":{"line":72,"column":19},"end":{"line":74,"column":6}},"20":{"start":{"line":75,"column":4},"end":{"line":77,"column":5}},"21":{"start":{"line":76,"column":6},"end":{"line":76,"column":53}},"22":{"start":{"line":79,"column":25},"end":{"line":79,"column":73}},"23":{"start":{"line":81,"column":4},"end":{"line":89,"column":5}},"24":{"start":{"line":82,"column":6},"end":{"line":84,"column":9}},"25":{"start":{"line":86,"column":6},"end":{"line":88,"column":8}},"26":{"start":{"line":93,"column":23},"end":{"line":98,"column":6}},"27":{"start":{"line":99,"column":4},"end":{"line":99,"column":18}},"28":{"start":{"line":14,"column":13},"end":{"line":14,"column":26}},"29":{"start":{"line":14,"column":13},"end":{"line":101,"column":null}}},"fnMap":{"0":{"name":"(anonymous_2)","decl":{"start":{"line":15,"column":2},"end":{"line":15,"column":null}},"loc":{"start":{"line":18,"column":53},"end":{"line":25,"column":3}}},"1":{"name":"(anonymous_3)","decl":{"start":{"line":27,"column":2},"end":{"line":27,"column":7}},"loc":{"start":{"line":30,"column":32},"end":{"line":69,"column":3}}},"2":{"name":"(anonymous_4)","decl":{"start":{"line":71,"column":2},"end":{"line":71,"column":7}},"loc":{"start":{"line":71,"column":34},"end":{"line":90,"column":3}}},"3":{"name":"(anonymous_5)","decl":{"start":{"line":92,"column":2},"end":{"line":92,"column":7}},"loc":{"start":{"line":92,"column":55},"end":{"line":100,"column":3}}}},"branchMap":{"0":{"loc":{"start":{"line":32,"column":4},"end":{"line":34,"column":5}},"type":"if","locations":[{"start":{"line":32,"column":4},"end":{"line":34,"column":5}}]},"1":{"loc":{"start":{"line":40,"column":4},"end":{"line":42,"column":5}},"type":"if","locations":[{"start":{"line":40,"column":4},"end":{"line":42,"column":5}}]},"2":{"loc":{"start":{"line":47,"column":4},"end":{"line":51,"column":5}},"type":"if","locations":[{"start":{"line":47,"column":4},"end":{"line":51,"column":5}}]},"3":{"loc":{"start":{"line":75,"column":4},"end":{"line":77,"column":5}},"type":"if","locations":[{"start":{"line":75,"column":4},"end":{"line":77,"column":5}}]},"4":{"loc":{"start":{"line":81,"column":4},"end":{"line":89,"column":5}},"type":"if","locations":[{"start":{"line":81,"column":4},"end":{"line":89,"column":5}},{"start":{"line":85,"column":11},"end":{"line":89,"column":5}}]},"5":{"loc":{"start":{"line":81,"column":8},"end":{"line":81,"column":75}},"type":"binary-expr","locations":[{"start":{"line":81,"column":8},"end":{"line":81,"column":20}},{"start":{"line":81,"column":24},"end":{"line":81,"column":43}},{"start":{"line":81,"column":47},"end":{"line":81,"column":75}}]}},"s":{"0":2,"1":2,"2":2,"3":2,"4":2,"5":2,"6":13,"7":13,"8":13,"9":13,"10":5,"11":1,"12":4,"13":4,"14":2,"15":2,"16":2,"17":1,"18":1,"19":3,"20":3,"21":1,"22":2,"23":2,"24":1,"25":1,"26":0,"27":0,"28":2,"29":2},"f":{"0":13,"1":5,"2":3,"3":0},"b":{"0":[1],"1":[2],"2":[1],"3":[1],"4":[1,1],"5":[2,2,2]}}
,"D:\\CODE\\nestjs-challenge\\src\\likes\\likes.service.ts": {"path":"D:\\CODE\\nestjs-challenge\\src\\likes\\likes.service.ts","statementMap":{"0":{"start":{"line":1,"column":0},"end":{"line":1,"column":65}},"1":{"start":{"line":2,"column":0},"end":{"line":2,"column":57}},"2":{"start":{"line":7,"column":7},"end":{"line":63,"column":null}},"3":{"start":{"line":8,"column":31},"end":{"line":8,"column":39}},"4":{"start":{"line":14,"column":22},"end":{"line":16,"column":6}},"5":{"start":{"line":17,"column":4},"end":{"line":19,"column":5}},"6":{"start":{"line":18,"column":6},"end":{"line":18,"column":68}},"7":{"start":{"line":21,"column":18},"end":{"line":24,"column":6}},"8":{"start":{"line":26,"column":17},"end":{"line":28,"column":6}},"9":{"start":{"line":30,"column":4},"end":{"line":51,"column":5}},"10":{"start":{"line":31,"column":19},"end":{"line":35,"column":8}},"11":{"start":{"line":36,"column":6},"end":{"line":39,"column":8}},"12":{"start":{"line":41,"column":19},"end":{"line":46,"column":8}},"13":{"start":{"line":47,"column":6},"end":{"line":50,"column":8}},"14":{"start":{"line":55,"column":18},"end":{"line":60,"column":6}},"15":{"start":{"line":61,"column":4},"end":{"line":61,"column":61}},"16":{"start":{"line":61,"column":31},"end":{"line":61,"column":59}},"17":{"start":{"line":7,"column":13},"end":{"line":7,"column":25}},"18":{"start":{"line":7,"column":13},"end":{"line":63,"column":null}}},"fnMap":{"0":{"name":"(anonymous_2)","decl":{"start":{"line":8,"column":2},"end":{"line":8,"column":31}},"loc":{"start":{"line":8,"column":52},"end":{"line":8,"column":56}}},"1":{"name":"(anonymous_3)","decl":{"start":{"line":10,"column":2},"end":{"line":10,"column":7}},"loc":{"start":{"line":12,"column":19},"end":{"line":52,"column":3}}},"2":{"name":"(anonymous_4)","decl":{"start":{"line":54,"column":2},"end":{"line":54,"column":7}},"loc":{"start":{"line":54,"column":32},"end":{"line":62,"column":3}}},"3":{"name":"(anonymous_5)","decl":{"start":{"line":61,"column":21},"end":{"line":61,"column":22}},"loc":{"start":{"line":61,"column":31},"end":{"line":61,"column":59}}}},"branchMap":{"0":{"loc":{"start":{"line":17,"column":4},"end":{"line":19,"column":5}},"type":"if","locations":[{"start":{"line":17,"column":4},"end":{"line":19,"column":5}}]},"1":{"loc":{"start":{"line":30,"column":4},"end":{"line":51,"column":5}},"type":"if","locations":[{"start":{"line":30,"column":4},"end":{"line":51,"column":5}},{"start":{"line":40,"column":11},"end":{"line":51,"column":5}}]}},"s":{"0":1,"1":1,"2":1,"3":7,"4":3,"5":3,"6":1,"7":2,"8":2,"9":2,"10":1,"11":1,"12":1,"13":1,"14":1,"15":1,"16":0,"17":1,"18":1},"f":{"0":7,"1":3,"2":1,"3":0},"b":{"0":[1],"1":[1,1]}}
,"D:\\CODE\\nestjs-challenge\\src\\orders\\orders.service.ts": {"path":"D:\\CODE\\nestjs-challenge\\src\\orders\\orders.service.ts","statementMap":{"0":{"start":{"line":1,"column":0},"end":{"line":1,"column":null}},"1":{"start":{"line":6,"column":0},"end":{"line":6,"column":39}},"2":{"start":{"line":7,"column":0},"end":{"line":7,"column":57}},"3":{"start":{"line":13,"column":7},"end":{"line":147,"column":null}},"4":{"start":{"line":14,"column":31},"end":{"line":14,"column":39}},"5":{"start":{"line":17,"column":23},"end":{"line":34,"column":6}},"6":{"start":{"line":35,"column":4},"end":{"line":37,"column":5}},"7":{"start":{"line":36,"column":6},"end":{"line":36,"column":66}},"8":{"start":{"line":39,"column":24},"end":{"line":43,"column":7}},"9":{"start":{"line":39,"column":50},"end":{"line":43,"column":6}},"10":{"start":{"line":44,"column":21},"end":{"line":44,"column":54}},"11":{"start":{"line":44,"column":46},"end":{"line":44,"column":53}},"12":{"start":{"line":46,"column":25},"end":{"line":57,"column":6}},"13":{"start":{"line":59,"column":25},"end":{"line":65,"column":6}},"14":{"start":{"line":67,"column":4},"end":{"line":81,"column":5}},"15":{"start":{"line":68,"column":6},"end":{"line":76,"column":9}},"16":{"start":{"line":69,"column":30},"end":{"line":69,"column":75}},"17":{"start":{"line":71,"column":10},"end":{"line":71,"column":62}},"18":{"start":{"line":72,"column":8},"end":{"line":74,"column":9}},"19":{"start":{"line":73,"column":10},"end":{"line":73,"column":79}},"20":{"start":{"line":75,"column":8},"end":{"line":75,"column":29}},"21":{"start":{"line":78,"column":6},"end":{"line":80,"column":8}},"22":{"start":{"line":89,"column":28},"end":{"line":89,"column":30}},"23":{"start":{"line":90,"column":23},"end":{"line":90,"column":79}},"24":{"start":{"line":92,"column":4},"end":{"line":111,"column":5}},"25":{"start":{"line":94,"column":8},"end":{"line":97,"column":10}},"26":{"start":{"line":98,"column":8},"end":{"line":98,"column":14}},"27":{"start":{"line":100,"column":8},"end":{"line":105,"column":9}},"28":{"start":{"line":101,"column":10},"end":{"line":104,"column":12}},"29":{"start":{"line":106,"column":8},"end":{"line":106,"column":14}},"30":{"start":{"line":108,"column":8},"end":{"line":110,"column":10}},"31":{"start":{"line":113,"column":4},"end":{"line":113,"column":78}},"32":{"start":{"line":121,"column":19},"end":{"line":123,"column":6}},"33":{"start":{"line":125,"column":4},"end":{"line":127,"column":5}},"34":{"start":{"line":126,"column":6},"end":{"line":126,"column":36}},"35":{"start":{"line":128,"column":28},"end":{"line":130,"column":6}},"36":{"start":{"line":133,"column":4},"end":{"line":133,"column":58}},"37":{"start":{"line":137,"column":28},"end":{"line":144,"column":6}},"38":{"start":{"line":145,"column":4},"end":{"line":145,"column":23}},"39":{"start":{"line":13,"column":13},"end":{"line":13,"column":26}},"40":{"start":{"line":13,"column":13},"end":{"line":147,"column":null}}},"fnMap":{"0":{"name":"(anonymous_2)","decl":{"start":{"line":14,"column":2},"end":{"line":14,"column":31}},"loc":{"start":{"line":14,"column":52},"end":{"line":14,"column":56}}},"1":{"name":"(anonymous_3)","decl":{"start":{"line":16,"column":2},"end":{"line":16,"column":7}},"loc":{"start":{"line":16,"column":35},"end":{"line":82,"column":3}}},"2":{"name":"(anonymous_4)","decl":{"start":{"line":39,"column":39},"end":{"line":39,"column":40}},"loc":{"start":{"line":39,"column":50},"end":{"line":43,"column":6}}},"3":{"name":"(anonymous_5)","decl":{"start":{"line":44,"column":36},"end":{"line":44,"column":37}},"loc":{"start":{"line":44,"column":46},"end":{"line":44,"column":53}}},"4":{"name":"(anonymous_6)","decl":{"start":{"line":68,"column":44},"end":{"line":68,"column":49}},"loc":{"start":{"line":68,"column":55},"end":{"line":76,"column":7}}},"5":{"name":"(anonymous_7)","decl":{"start":{"line":84,"column":2},"end":{"line":84,"column":7}},"loc":{"start":{"line":87,"column":26},"end":{"line":114,"column":3}}},"6":{"name":"(anonymous_8)","decl":{"start":{"line":116,"column":2},"end":{"line":116,"column":7}},"loc":{"start":{"line":119,"column":15},"end":{"line":134,"column":3}}},"7":{"name":"(anonymous_9)","decl":{"start":{"line":136,"column":2},"end":{"line":136,"column":7}},"loc":{"start":{"line":136,"column":47},"end":{"line":146,"column":3}}}},"branchMap":{"0":{"loc":{"start":{"line":35,"column":4},"end":{"line":37,"column":5}},"type":"if","locations":[{"start":{"line":35,"column":4},"end":{"line":37,"column":5}}]},"1":{"loc":{"start":{"line":72,"column":8},"end":{"line":74,"column":9}},"type":"if","locations":[{"start":{"line":72,"column":8},"end":{"line":74,"column":9}}]},"2":{"loc":{"start":{"line":90,"column":31},"end":{"line":90,"column":50}},"type":"binary-expr","locations":[{"start":{"line":90,"column":31},"end":{"line":90,"column":45}},{"start":{"line":90,"column":49},"end":{"line":90,"column":50}}]},"3":{"loc":{"start":{"line":90,"column":58},"end":{"line":90,"column":77}},"type":"binary-expr","locations":[{"start":{"line":90,"column":58},"end":{"line":90,"column":71}},{"start":{"line":90,"column":75},"end":{"line":90,"column":77}}]},"4":{"loc":{"start":{"line":92,"column":4},"end":{"line":111,"column":5}},"type":"switch","locations":[{"start":{"line":93,"column":6},"end":{"line":98,"column":14}},{"start":{"line":99,"column":6},"end":{"line":106,"column":14}},{"start":{"line":107,"column":6},"end":{"line":110,"column":10}}]},"5":{"loc":{"start":{"line":100,"column":8},"end":{"line":105,"column":9}},"type":"if","locations":[{"start":{"line":100,"column":8},"end":{"line":105,"column":9}}]},"6":{"loc":{"start":{"line":125,"column":4},"end":{"line":127,"column":5}},"type":"if","locations":[{"start":{"line":125,"column":4},"end":{"line":127,"column":5}}]}},"s":{"0":1,"1":1,"2":1,"3":1,"4":12,"5":4,"6":4,"7":1,"8":3,"9":6,"10":3,"11":6,"12":3,"13":3,"14":3,"15":3,"16":3,"17":3,"18":2,"19":1,"20":1,"21":2,"22":3,"23":3,"24":3,"25":1,"26":1,"27":2,"28":1,"29":2,"30":0,"31":3,"32":1,"33":1,"34":1,"35":1,"36":1,"37":0,"38":0,"39":1,"40":1},"f":{"0":12,"1":4,"2":6,"3":6,"4":3,"5":3,"6":1,"7":0},"b":{"0":[1],"1":[1],"2":[3,3],"3":[3,3],"4":[1,2,0],"5":[1],"6":[1]}}
,"D:\\CODE\\nestjs-challenge\\src\\payments\\stripe.service.ts": {"path":"D:\\CODE\\nestjs-challenge\\src\\payments\\stripe.service.ts","statementMap":{"0":{"start":{"line":1,"column":0},"end":{"line":1,"column":null}},"1":{"start":{"line":8,"column":0},"end":{"line":8,"column":28}},"2":{"start":{"line":9,"column":0},"end":{"line":9,"column":47}},"3":{"start":{"line":10,"column":0},"end":{"line":10,"column":57}},"4":{"start":{"line":15,"column":7},"end":{"line":230,"column":null}},"5":{"start":{"line":19,"column":12},"end":{"line":19,"column":27}},"6":{"start":{"line":20,"column":21},"end":{"line":20,"column":29}},"7":{"start":{"line":22,"column":4},"end":{"line":24,"column":7}},"8":{"start":{"line":28,"column":31},"end":{"line":35,"column":6}},"9":{"start":{"line":36,"column":4},"end":{"line":36,"column":26}},"10":{"start":{"line":40,"column":16},"end":{"line":40,"column":47}},"11":{"start":{"line":42,"column":4},"end":{"line":44,"column":5}},"12":{"start":{"line":43,"column":6},"end":{"line":43,"column":64}},"13":{"start":{"line":46,"column":17},"end":{"line":46,"column":25}},"14":{"start":{"line":47,"column":4},"end":{"line":49,"column":5}},"15":{"start":{"line":48,"column":6},"end":{"line":48,"column":52}},"16":{"start":{"line":52,"column":4},"end":{"line":60,"column":5}},"17":{"start":{"line":53,"column":6},"end":{"line":57,"column":8}},"18":{"start":{"line":59,"column":6},"end":{"line":59,"column":49}},"19":{"start":{"line":62,"column":27},"end":{"line":62,"column":68}},"20":{"start":{"line":63,"column":21},"end":{"line":63,"column":56}},"21":{"start":{"line":64,"column":23},"end":{"line":64,"column":60}},"22":{"start":{"line":66,"column":19},"end":{"line":73,"column":6}},"23":{"start":{"line":75,"column":4},"end":{"line":77,"column":5}},"24":{"start":{"line":76,"column":6},"end":{"line":76,"column":79}},"25":{"start":{"line":80,"column":4},"end":{"line":89,"column":5}},"26":{"start":{"line":82,"column":8},"end":{"line":82,"column":33}},"27":{"start":{"line":83,"column":8},"end":{"line":83,"column":14}},"28":{"start":{"line":85,"column":8},"end":{"line":85,"column":43}},"29":{"start":{"line":86,"column":8},"end":{"line":86,"column":14}},"30":{"start":{"line":88,"column":8},"end":{"line":88,"column":70}},"31":{"start":{"line":91,"column":4},"end":{"line":113,"column":7}},"32":{"start":{"line":115,"column":4},"end":{"line":115,"column":30}},"33":{"start":{"line":123,"column":4},"end":{"line":125,"column":5}},"34":{"start":{"line":124,"column":6},"end":{"line":124,"column":72}},"35":{"start":{"line":127,"column":19},"end":{"line":129,"column":6}},"36":{"start":{"line":130,"column":4},"end":{"line":134,"column":5}},"37":{"start":{"line":131,"column":6},"end":{"line":133,"column":8}},"38":{"start":{"line":136,"column":26},"end":{"line":142,"column":6}},"39":{"start":{"line":145,"column":4},"end":{"line":157,"column":5}},"40":{"start":{"line":146,"column":6},"end":{"line":154,"column":9}},"41":{"start":{"line":156,"column":6},"end":{"line":156,"column":58}},"42":{"start":{"line":159,"column":19},"end":{"line":173,"column":6}},"43":{"start":{"line":175,"column":4},"end":{"line":178,"column":6}},"44":{"start":{"line":186,"column":19},"end":{"line":188,"column":6}},"45":{"start":{"line":189,"column":4},"end":{"line":193,"column":5}},"46":{"start":{"line":190,"column":6},"end":{"line":192,"column":8}},"47":{"start":{"line":195,"column":4},"end":{"line":205,"column":7}},"48":{"start":{"line":214,"column":19},"end":{"line":216,"column":6}},"49":{"start":{"line":217,"column":4},"end":{"line":219,"column":5}},"50":{"start":{"line":218,"column":6},"end":{"line":218,"column":73}},"51":{"start":{"line":220,"column":4},"end":{"line":224,"column":5}},"52":{"start":{"line":221,"column":6},"end":{"line":223,"column":8}},"53":{"start":{"line":226,"column":4},"end":{"line":228,"column":7}},"54":{"start":{"line":15,"column":13},"end":{"line":15,"column":26}},"55":{"start":{"line":15,"column":13},"end":{"line":230,"column":null}}},"fnMap":{"0":{"name":"(anonymous_2)","decl":{"start":{"line":18,"column":2},"end":{"line":18,"column":null}},"loc":{"start":{"line":20,"column":42},"end":{"line":25,"column":3}}},"1":{"name":"(anonymous_3)","decl":{"start":{"line":27,"column":2},"end":{"line":27,"column":7}},"loc":{"start":{"line":27,"column":47},"end":{"line":37,"column":3}}},"2":{"name":"(anonymous_4)","decl":{"start":{"line":39,"column":2},"end":{"line":39,"column":7}},"loc":{"start":{"line":39,"column":41},"end":{"line":116,"column":3}}},"3":{"name":"(anonymous_5)","decl":{"start":{"line":118,"column":2},"end":{"line":118,"column":7}},"loc":{"start":{"line":121,"column":19},"end":{"line":179,"column":3}}},"4":{"name":"(anonymous_6)","decl":{"start":{"line":181,"column":2},"end":{"line":181,"column":7}},"loc":{"start":{"line":183,"column":19},"end":{"line":206,"column":3}}},"5":{"name":"(anonymous_7)","decl":{"start":{"line":209,"column":2},"end":{"line":209,"column":7}},"loc":{"start":{"line":211,"column":26},"end":{"line":229,"column":3}}}},"branchMap":{"0":{"loc":{"start":{"line":42,"column":4},"end":{"line":44,"column":5}},"type":"if","locations":[{"start":{"line":42,"column":4},"end":{"line":44,"column":5}}]},"1":{"loc":{"start":{"line":47,"column":4},"end":{"line":49,"column":5}},"type":"if","locations":[{"start":{"line":47,"column":4},"end":{"line":49,"column":5}}]},"2":{"loc":{"start":{"line":75,"column":4},"end":{"line":77,"column":5}},"type":"if","locations":[{"start":{"line":75,"column":4},"end":{"line":77,"column":5}}]},"3":{"loc":{"start":{"line":80,"column":4},"end":{"line":89,"column":5}},"type":"switch","locations":[{"start":{"line":81,"column":6},"end":{"line":83,"column":14}},{"start":{"line":84,"column":6},"end":{"line":86,"column":14}},{"start":{"line":87,"column":6},"end":{"line":88,"column":70}}]},"4":{"loc":{"start":{"line":123,"column":4},"end":{"line":125,"column":5}},"type":"if","locations":[{"start":{"line":123,"column":4},"end":{"line":125,"column":5}}]},"5":{"loc":{"start":{"line":130,"column":4},"end":{"line":134,"column":5}},"type":"if","locations":[{"start":{"line":130,"column":4},"end":{"line":134,"column":5}}]},"6":{"loc":{"start":{"line":189,"column":4},"end":{"line":193,"column":5}},"type":"if","locations":[{"start":{"line":189,"column":4},"end":{"line":193,"column":5}}]},"7":{"loc":{"start":{"line":217,"column":4},"end":{"line":219,"column":5}},"type":"if","locations":[{"start":{"line":217,"column":4},"end":{"line":219,"column":5}}]},"8":{"loc":{"start":{"line":220,"column":4},"end":{"line":224,"column":5}},"type":"if","locations":[{"start":{"line":220,"column":4},"end":{"line":224,"column":5}}]}},"s":{"0":1,"1":1,"2":1,"3":1,"4":1,"5":24,"6":24,"7":24,"8":0,"9":0,"10":7,"11":7,"12":1,"13":6,"14":6,"15":1,"16":5,"17":5,"18":1,"19":4,"20":4,"21":4,"22":4,"23":4,"24":1,"25":3,"26":1,"27":1,"28":1,"29":1,"30":1,"31":2,"32":2,"33":6,"34":2,"35":4,"36":4,"37":1,"38":3,"39":3,"40":3,"41":2,"42":1,"43":1,"44":2,"45":2,"46":1,"47":1,"48":3,"49":3,"50":1,"51":2,"52":1,"53":1,"54":1,"55":1},"f":{"0":24,"1":0,"2":7,"3":6,"4":2,"5":3},"b":{"0":[1],"1":[1],"2":[1],"3":[1,1,1],"4":[2],"5":[1],"6":[1],"7":[1],"8":[1]}}
,"D:\\CODE\\nestjs-challenge\\src\\prisma\\prisma.service.ts": {"path":"D:\\CODE\\nestjs-challenge\\src\\prisma\\prisma.service.ts","statementMap":{"0":{"start":{"line":1,"column":0},"end":{"line":1,"column":58}},"1":{"start":{"line":2,"column":0},"end":{"line":2,"column":46}},"2":{"start":{"line":5,"column":7},"end":{"line":9,"column":null}},"3":{"start":{"line":7,"column":4},"end":{"line":7,"column":26}},"4":{"start":{"line":5,"column":13},"end":{"line":5,"column":26}},"5":{"start":{"line":5,"column":13},"end":{"line":9,"column":null}}},"fnMap":{"0":{"name":"(anonymous_1)","decl":{"start":{"line":6,"column":2},"end":{"line":6,"column":7}},"loc":{"start":{"line":6,"column":20},"end":{"line":8,"column":3}}}},"branchMap":{},"s":{"0":15,"1":15,"2":15,"3":1,"4":15,"5":15},"f":{"0":1},"b":{}}
,"D:\\CODE\\nestjs-challenge\\src\\products\\products.service.ts": {"path":"D:\\CODE\\nestjs-challenge\\src\\products\\products.service.ts","statementMap":{"0":{"start":{"line":1,"column":0},"end":{"line":1,"column":null}},"1":{"start":{"line":6,"column":0},"end":{"line":6,"column":57}},"2":{"start":{"line":7,"column":0},"end":{"line":7,"column":68}},"3":{"start":{"line":13,"column":0},"end":{"line":13,"column":33}},"4":{"start":{"line":17,"column":7},"end":{"line":357,"column":null}},"5":{"start":{"line":18,"column":22},"end":{"line":18,"column":30}},"6":{"start":{"line":23,"column":34},"end":{"line":28,"column":6}},"7":{"start":{"line":29,"column":4},"end":{"line":29,"column":29}},"8":{"start":{"line":35,"column":34},"end":{"line":40,"column":6}},"9":{"start":{"line":41,"column":4},"end":{"line":41,"column":29}},"10":{"start":{"line":45,"column":27},"end":{"line":50,"column":6}},"11":{"start":{"line":51,"column":4},"end":{"line":51,"column":22}},"12":{"start":{"line":58,"column":4},"end":{"line":73,"column":7}},"13":{"start":{"line":63,"column":48},"end":{"line":63,"column":58}},"14":{"start":{"line":81,"column":26},"end":{"line":83,"column":6}},"15":{"start":{"line":84,"column":4},"end":{"line":86,"column":5}},"16":{"start":{"line":85,"column":6},"end":{"line":85,"column":56}},"17":{"start":{"line":90,"column":4},"end":{"line":96,"column":5}},"18":{"start":{"line":93,"column":6},"end":{"line":95,"column":8}},"19":{"start":{"line":98,"column":21},"end":{"line":98,"column":23}},"20":{"start":{"line":99,"column":4},"end":{"line":101,"column":5}},"21":{"start":{"line":100,"column":6},"end":{"line":100,"column":35}},"22":{"start":{"line":102,"column":4},"end":{"line":104,"column":5}},"23":{"start":{"line":103,"column":6},"end":{"line":103,"column":49}},"24":{"start":{"line":105,"column":4},"end":{"line":109,"column":5}},"25":{"start":{"line":106,"column":6},"end":{"line":108,"column":8}},"26":{"start":{"line":107,"column":42},"end":{"line":107,"column":52}},"27":{"start":{"line":110,"column":4},"end":{"line":112,"column":5}},"28":{"start":{"line":111,"column":6},"end":{"line":111,"column":51}},"29":{"start":{"line":114,"column":4},"end":{"line":121,"column":7}},"30":{"start":{"line":128,"column":19},"end":{"line":128,"column":21}},"31":{"start":{"line":129,"column":23},"end":{"line":129,"column":44}},"32":{"start":{"line":131,"column":4},"end":{"line":133,"column":5}},"33":{"start":{"line":132,"column":6},"end":{"line":132,"column":37}},"34":{"start":{"line":135,"column":4},"end":{"line":137,"column":5}},"35":{"start":{"line":136,"column":6},"end":{"line":136,"column":38}},"36":{"start":{"line":139,"column":4},"end":{"line":147,"column":5}},"37":{"start":{"line":140,"column":6},"end":{"line":146,"column":8}},"38":{"start":{"line":149,"column":4},"end":{"line":155,"column":5}},"39":{"start":{"line":150,"column":6},"end":{"line":150,"column":35}},"40":{"start":{"line":153,"column":6},"end":{"line":153,"column":36}},"41":{"start":{"line":154,"column":6},"end":{"line":154,"column":35}},"42":{"start":{"line":161,"column":4},"end":{"line":163,"column":5}},"43":{"start":{"line":162,"column":6},"end":{"line":162,"column":51}},"44":{"start":{"line":165,"column":4},"end":{"line":168,"column":7}},"45":{"start":{"line":172,"column":19},"end":{"line":172,"column":29}},"46":{"start":{"line":174,"column":4},"end":{"line":180,"column":5}},"47":{"start":{"line":175,"column":6},"end":{"line":175,"column":35}},"48":{"start":{"line":178,"column":6},"end":{"line":178,"column":36}},"49":{"start":{"line":179,"column":6},"end":{"line":179,"column":35}},"50":{"start":{"line":181,"column":19},"end":{"line":183,"column":6}},"51":{"start":{"line":184,"column":4},"end":{"line":186,"column":5}},"52":{"start":{"line":185,"column":6},"end":{"line":185,"column":56}},"53":{"start":{"line":187,"column":4},"end":{"line":187,"column":18}},"54":{"start":{"line":194,"column":4},"end":{"line":211,"column":5}},"55":{"start":{"line":195,"column":6},"end":{"line":197,"column":9}},"56":{"start":{"line":199,"column":21},"end":{"line":204,"column":8}},"57":{"start":{"line":206,"column":6},"end":{"line":210,"column":7}},"58":{"start":{"line":207,"column":8},"end":{"line":207,"column":68}},"59":{"start":{"line":209,"column":8},"end":{"line":209,"column":22}},"60":{"start":{"line":219,"column":18},"end":{"line":221,"column":6}},"61":{"start":{"line":222,"column":4},"end":{"line":224,"column":5}},"62":{"start":{"line":223,"column":6},"end":{"line":223,"column":66}},"63":{"start":{"line":226,"column":4},"end":{"line":228,"column":5}},"64":{"start":{"line":227,"column":6},"end":{"line":227,"column":79}},"65":{"start":{"line":230,"column":21},"end":{"line":230,"column":23}},"66":{"start":{"line":231,"column":4},"end":{"line":233,"column":5}},"67":{"start":{"line":232,"column":6},"end":{"line":232,"column":37}},"68":{"start":{"line":234,"column":4},"end":{"line":236,"column":5}},"69":{"start":{"line":235,"column":6},"end":{"line":235,"column":37}},"70":{"start":{"line":237,"column":4},"end":{"line":239,"column":5}},"71":{"start":{"line":238,"column":6},"end":{"line":238,"column":37}},"72":{"start":{"line":241,"column":4},"end":{"line":248,"column":7}},"73":{"start":{"line":255,"column":18},"end":{"line":257,"column":6}},"74":{"start":{"line":258,"column":4},"end":{"line":260,"column":5}},"75":{"start":{"line":259,"column":6},"end":{"line":259,"column":56}},"76":{"start":{"line":261,"column":4},"end":{"line":270,"column":7}},"77":{"start":{"line":275,"column":19},"end":{"line":288,"column":6}},"78":{"start":{"line":290,"column":4},"end":{"line":292,"column":5}},"79":{"start":{"line":291,"column":6},"end":{"line":291,"column":66}},"80":{"start":{"line":294,"column":4},"end":{"line":298,"column":5}},"81":{"start":{"line":295,"column":6},"end":{"line":297,"column":8}},"82":{"start":{"line":300,"column":4},"end":{"line":302,"column":7}},"83":{"start":{"line":303,"column":4},"end":{"line":303,"column":40}},"84":{"start":{"line":307,"column":18},"end":{"line":309,"column":6}},"85":{"start":{"line":310,"column":4},"end":{"line":312,"column":5}},"86":{"start":{"line":311,"column":6},"end":{"line":311,"column":56}},"87":{"start":{"line":314,"column":4},"end":{"line":321,"column":7}},"88":{"start":{"line":330,"column":23},"end":{"line":330,"column":56}},"89":{"start":{"line":332,"column":4},"end":{"line":355,"column":7}},"90":{"start":{"line":17,"column":13},"end":{"line":17,"column":28}},"91":{"start":{"line":17,"column":13},"end":{"line":357,"column":null}}},"fnMap":{"0":{"name":"(anonymous_2)","decl":{"start":{"line":18,"column":2},"end":{"line":18,"column":22}},"loc":{"start":{"line":18,"column":43},"end":{"line":18,"column":47}}},"1":{"name":"(anonymous_3)","decl":{"start":{"line":20,"column":2},"end":{"line":20,"column":7}},"loc":{"start":{"line":21,"column":14},"end":{"line":30,"column":3}}},"2":{"name":"(anonymous_4)","decl":{"start":{"line":32,"column":2},"end":{"line":32,"column":7}},"loc":{"start":{"line":33,"column":14},"end":{"line":42,"column":3}}},"3":{"name":"(anonymous_5)","decl":{"start":{"line":44,"column":2},"end":{"line":44,"column":7}},"loc":{"start":{"line":44,"column":43},"end":{"line":52,"column":3}}},"4":{"name":"(anonymous_6)","decl":{"start":{"line":54,"column":2},"end":{"line":54,"column":7}},"loc":{"start":{"line":56,"column":18},"end":{"line":74,"column":3}}},"5":{"name":"(anonymous_7)","decl":{"start":{"line":63,"column":39},"end":{"line":63,"column":40}},"loc":{"start":{"line":63,"column":48},"end":{"line":63,"column":58}}},"6":{"name":"(anonymous_8)","decl":{"start":{"line":76,"column":2},"end":{"line":76,"column":7}},"loc":{"start":{"line":78,"column":18},"end":{"line":122,"column":3}}},"7":{"name":"(anonymous_9)","decl":{"start":{"line":107,"column":33},"end":{"line":107,"column":34}},"loc":{"start":{"line":107,"column":42},"end":{"line":107,"column":52}}},"8":{"name":"(anonymous_10)","decl":{"start":{"line":124,"column":2},"end":{"line":124,"column":7}},"loc":{"start":{"line":126,"column":28},"end":{"line":169,"column":3}}},"9":{"name":"(anonymous_11)","decl":{"start":{"line":171,"column":2},"end":{"line":171,"column":7}},"loc":{"start":{"line":171,"column":46},"end":{"line":188,"column":3}}},"10":{"name":"(anonymous_12)","decl":{"start":{"line":190,"column":2},"end":{"line":190,"column":7}},"loc":{"start":{"line":192,"column":31},"end":{"line":212,"column":3}}},"11":{"name":"(anonymous_13)","decl":{"start":{"line":214,"column":2},"end":{"line":214,"column":7}},"loc":{"start":{"line":216,"column":18},"end":{"line":249,"column":3}}},"12":{"name":"(anonymous_14)","decl":{"start":{"line":251,"column":2},"end":{"line":251,"column":7}},"loc":{"start":{"line":253,"column":18},"end":{"line":271,"column":3}}},"13":{"name":"(anonymous_15)","decl":{"start":{"line":274,"column":2},"end":{"line":274,"column":7}},"loc":{"start":{"line":274,"column":41},"end":{"line":304,"column":3}}},"14":{"name":"(anonymous_16)","decl":{"start":{"line":306,"column":2},"end":{"line":306,"column":7}},"loc":{"start":{"line":306,"column":57},"end":{"line":322,"column":3}}},"15":{"name":"(anonymous_17)","decl":{"start":{"line":327,"column":2},"end":{"line":327,"column":7}},"loc":{"start":{"line":327,"column":27},"end":{"line":356,"column":3}}}},"branchMap":{"0":{"loc":{"start":{"line":84,"column":4},"end":{"line":86,"column":5}},"type":"if","locations":[{"start":{"line":84,"column":4},"end":{"line":86,"column":5}}]},"1":{"loc":{"start":{"line":90,"column":4},"end":{"line":96,"column":5}},"type":"if","locations":[{"start":{"line":90,"column":4},"end":{"line":96,"column":5}}]},"2":{"loc":{"start":{"line":91,"column":8},"end":{"line":91,"column":77}},"type":"binary-expr","locations":[{"start":{"line":91,"column":8},"end":{"line":91,"column":17}},{"start":{"line":91,"column":21},"end":{"line":91,"column":37}},{"start":{"line":91,"column":41},"end":{"line":91,"column":56}},{"start":{"line":91,"column":60},"end":{"line":91,"column":77}}]},"3":{"loc":{"start":{"line":99,"column":4},"end":{"line":101,"column":5}},"type":"if","locations":[{"start":{"line":99,"column":4},"end":{"line":101,"column":5}}]},"4":{"loc":{"start":{"line":102,"column":4},"end":{"line":104,"column":5}},"type":"if","locations":[{"start":{"line":102,"column":4},"end":{"line":104,"column":5}}]},"5":{"loc":{"start":{"line":105,"column":4},"end":{"line":109,"column":5}},"type":"if","locations":[{"start":{"line":105,"column":4},"end":{"line":109,"column":5}}]},"6":{"loc":{"start":{"line":110,"column":4},"end":{"line":112,"column":5}},"type":"if","locations":[{"start":{"line":110,"column":4},"end":{"line":112,"column":5}}]},"7":{"loc":{"start":{"line":131,"column":4},"end":{"line":133,"column":5}},"type":"if","locations":[{"start":{"line":131,"column":4},"end":{"line":133,"column":5}}]},"8":{"loc":{"start":{"line":131,"column":8},"end":{"line":131,"column":40}},"type":"binary-expr","locations":[{"start":{"line":131,"column":8},"end":{"line":131,"column":20}},{"start":{"line":131,"column":24},"end":{"line":131,"column":40}}]},"9":{"loc":{"start":{"line":135,"column":4},"end":{"line":137,"column":5}},"type":"if","locations":[{"start":{"line":135,"column":4},"end":{"line":137,"column":5}}]},"10":{"loc":{"start":{"line":135,"column":8},"end":{"line":135,"column":42}},"type":"binary-expr","locations":[{"start":{"line":135,"column":8},"end":{"line":135,"column":21}},{"start":{"line":135,"column":25},"end":{"line":135,"column":42}}]},"11":{"loc":{"start":{"line":139,"column":4},"end":{"line":147,"column":5}},"type":"if","locations":[{"start":{"line":139,"column":4},"end":{"line":147,"column":5}}]},"12":{"loc":{"start":{"line":139,"column":8},"end":{"line":139,"column":65}},"type":"binary-expr","locations":[{"start":{"line":139,"column":8},"end":{"line":139,"column":29}},{"start":{"line":139,"column":33},"end":{"line":139,"column":65}}]},"13":{"loc":{"start":{"line":149,"column":4},"end":{"line":155,"column":5}},"type":"if","locations":[{"start":{"line":149,"column":4},"end":{"line":155,"column":5}},{"start":{"line":151,"column":11},"end":{"line":155,"column":5}}]},"14":{"loc":{"start":{"line":161,"column":4},"end":{"line":163,"column":5}},"type":"if","locations":[{"start":{"line":161,"column":4},"end":{"line":163,"column":5}}]},"15":{"loc":{"start":{"line":161,"column":8},"end":{"line":161,"column":49}},"type":"binary-expr","locations":[{"start":{"line":161,"column":8},"end":{"line":161,"column":21}},{"start":{"line":161,"column":25},"end":{"line":161,"column":49}}]},"16":{"loc":{"start":{"line":174,"column":4},"end":{"line":180,"column":5}},"type":"if","locations":[{"start":{"line":174,"column":4},"end":{"line":180,"column":5}},{"start":{"line":176,"column":11},"end":{"line":180,"column":5}}]},"17":{"loc":{"start":{"line":184,"column":4},"end":{"line":186,"column":5}},"type":"if","locations":[{"start":{"line":184,"column":4},"end":{"line":186,"column":5}}]},"18":{"loc":{"start":{"line":192,"column":4},"end":{"line":192,"column":31}},"type":"default-arg","locations":[{"start":{"line":192,"column":26},"end":{"line":192,"column":31}}]},"19":{"loc":{"start":{"line":194,"column":4},"end":{"line":211,"column":5}},"type":"if","locations":[{"start":{"line":194,"column":4},"end":{"line":211,"column":5}},{"start":{"line":198,"column":11},"end":{"line":211,"column":5}}]},"20":{"loc":{"start":{"line":206,"column":6},"end":{"line":210,"column":7}},"type":"if","locations":[{"start":{"line":206,"column":6},"end":{"line":210,"column":7}},{"start":{"line":208,"column":13},"end":{"line":210,"column":7}}]},"21":{"loc":{"start":{"line":222,"column":4},"end":{"line":224,"column":5}},"type":"if","locations":[{"start":{"line":222,"column":4},"end":{"line":224,"column":5}}]},"22":{"loc":{"start":{"line":226,"column":4},"end":{"line":228,"column":5}},"type":"if","locations":[{"start":{"line":226,"column":4},"end":{"line":228,"column":5}}]},"23":{"loc":{"start":{"line":226,"column":10},"end":{"line":226,"column":48}},"type":"binary-expr","locations":[{"start":{"line":226,"column":10},"end":{"line":226,"column":20}},{"start":{"line":226,"column":24},"end":{"line":226,"column":34}},{"start":{"line":226,"column":38},"end":{"line":226,"column":48}}]},"24":{"loc":{"start":{"line":231,"column":4},"end":{"line":233,"column":5}},"type":"if","locations":[{"start":{"line":231,"column":4},"end":{"line":233,"column":5}}]},"25":{"loc":{"start":{"line":234,"column":4},"end":{"line":236,"column":5}},"type":"if","locations":[{"start":{"line":234,"column":4},"end":{"line":236,"column":5}}]},"26":{"loc":{"start":{"line":237,"column":4},"end":{"line":239,"column":5}},"type":"if","locations":[{"start":{"line":237,"column":4},"end":{"line":239,"column":5}}]},"27":{"loc":{"start":{"line":258,"column":4},"end":{"line":260,"column":5}},"type":"if","locations":[{"start":{"line":258,"column":4},"end":{"line":260,"column":5}}]},"28":{"loc":{"start":{"line":290,"column":4},"end":{"line":292,"column":5}},"type":"if","locations":[{"start":{"line":290,"column":4},"end":{"line":292,"column":5}}]},"29":{"loc":{"start":{"line":294,"column":4},"end":{"line":298,"column":5}},"type":"if","locations":[{"start":{"line":294,"column":4},"end":{"line":298,"column":5}}]},"30":{"loc":{"start":{"line":310,"column":4},"end":{"line":312,"column":5}},"type":"if","locations":[{"start":{"line":310,"column":4},"end":{"line":312,"column":5}}]}},"s":{"0":6,"1":6,"2":6,"3":6,"4":6,"5":64,"6":0,"7":0,"8":0,"9":0,"10":0,"11":0,"12":1,"13":1,"14":3,"15":3,"16":1,"17":2,"18":1,"19":1,"20":1,"21":1,"22":1,"23":1,"24":1,"25":1,"26":1,"27":1,"28":1,"29":1,"30":5,"31":5,"32":5,"33":1,"34":5,"35":1,"36":5,"37":2,"38":5,"39":4,"40":1,"41":1,"42":5,"43":3,"44":5,"45":4,"46":4,"47":2,"48":2,"49":2,"50":4,"51":4,"52":3,"53":1,"54":5,"55":3,"56":2,"57":2,"58":1,"59":1,"60":3,"61":3,"62":1,"63":2,"64":1,"65":1,"66":1,"67":1,"68":1,"69":1,"70":1,"71":1,"72":1,"73":2,"74":2,"75":1,"76":1,"77":4,"78":4,"79":1,"80":3,"81":1,"82":2,"83":1,"84":2,"85":2,"86":1,"87":1,"88":0,"89":0,"90":6,"91":6},"f":{"0":64,"1":0,"2":0,"3":0,"4":1,"5":1,"6":3,"7":1,"8":5,"9":4,"10":5,"11":3,"12":2,"13":4,"14":2,"15":0},"b":{"0":[1],"1":[1],"2":[2,1,1,1],"3":[1],"4":[1],"5":[1],"6":[1],"7":[1],"8":[5,1],"9":[1],"10":[5,1],"11":[2],"12":[5,5],"13":[4,1],"14":[3],"15":[5,3],"16":[2,2],"17":[3],"18":[2],"19":[3,2],"20":[1,1],"21":[1],"22":[1],"23":[2,1,1],"24":[1],"25":[1],"26":[1],"27":[1],"28":[1],"29":[1],"30":[1]}}
,"D:\\CODE\\nestjs-challenge\\src\\users\\users.service.ts": {"path":"D:\\CODE\\nestjs-challenge\\src\\users\\users.service.ts","statementMap":{"0":{"start":{"line":1,"column":0},"end":{"line":1,"column":71}},"1":{"start":{"line":2,"column":0},"end":{"line":2,"column":57}},"2":{"start":{"line":6,"column":7},"end":{"line":60,"column":null}},"3":{"start":{"line":7,"column":31},"end":{"line":7,"column":39}},"4":{"start":{"line":10,"column":17},"end":{"line":12,"column":6}},"5":{"start":{"line":13,"column":4},"end":{"line":20,"column":5}},"6":{"start":{"line":14,"column":6},"end":{"line":14,"column":18}},"7":{"start":{"line":16,"column":6},"end":{"line":19,"column":8}},"8":{"start":{"line":24,"column":17},"end":{"line":26,"column":6}},"9":{"start":{"line":27,"column":4},"end":{"line":34,"column":5}},"10":{"start":{"line":28,"column":6},"end":{"line":28,"column":18}},"11":{"start":{"line":30,"column":6},"end":{"line":33,"column":8}},"12":{"start":{"line":38,"column":27},"end":{"line":45,"column":6}},"13":{"start":{"line":46,"column":4},"end":{"line":46,"column":22}},"14":{"start":{"line":50,"column":21},"end":{"line":57,"column":6}},"15":{"start":{"line":58,"column":4},"end":{"line":58,"column":16}},"16":{"start":{"line":6,"column":13},"end":{"line":6,"column":25}},"17":{"start":{"line":6,"column":13},"end":{"line":60,"column":null}}},"fnMap":{"0":{"name":"(anonymous_2)","decl":{"start":{"line":7,"column":2},"end":{"line":7,"column":31}},"loc":{"start":{"line":7,"column":52},"end":{"line":7,"column":56}}},"1":{"name":"(anonymous_3)","decl":{"start":{"line":9,"column":2},"end":{"line":9,"column":7}},"loc":{"start":{"line":9,"column":36},"end":{"line":21,"column":3}}},"2":{"name":"(anonymous_4)","decl":{"start":{"line":23,"column":2},"end":{"line":23,"column":7}},"loc":{"start":{"line":23,"column":30},"end":{"line":35,"column":3}}},"3":{"name":"(anonymous_5)","decl":{"start":{"line":37,"column":2},"end":{"line":37,"column":7}},"loc":{"start":{"line":37,"column":47},"end":{"line":47,"column":3}}},"4":{"name":"(anonymous_6)","decl":{"start":{"line":49,"column":2},"end":{"line":49,"column":7}},"loc":{"start":{"line":49,"column":44},"end":{"line":59,"column":3}}}},"branchMap":{"0":{"loc":{"start":{"line":13,"column":4},"end":{"line":20,"column":5}},"type":"if","locations":[{"start":{"line":13,"column":4},"end":{"line":20,"column":5}},{"start":{"line":15,"column":11},"end":{"line":20,"column":5}}]},"1":{"loc":{"start":{"line":27,"column":4},"end":{"line":34,"column":5}},"type":"if","locations":[{"start":{"line":27,"column":4},"end":{"line":34,"column":5}},{"start":{"line":29,"column":11},"end":{"line":34,"column":5}}]}},"s":{"0":3,"1":3,"2":3,"3":48,"4":3,"5":3,"6":1,"7":2,"8":2,"9":2,"10":1,"11":1,"12":0,"13":0,"14":0,"15":0,"16":3,"17":3},"f":{"0":48,"1":3,"2":2,"3":0,"4":0},"b":{"0":[1,2],"1":[1,1]}}
}
