{"D:\\CODE\\nestjs-challenge\\src\\auth\\auth.service.ts": {"path":"D:\\CODE\\nestjs-challenge\\src\\auth\\auth.service.ts","statementMap":{"0":{"start":{"line":1,"column":0},"end":{"line":1,"column":71}},"1":{"start":{"line":3,"column":0},"end":{"line":3,"column":57}},"2":{"start":{"line":4,"column":0},"end":{"line":4,"column":33}},"3":{"start":{"line":5,"column":0},"end":{"line":5,"column":47}},"4":{"start":{"line":6,"column":0},"end":{"line":6,"column":39}},"5":{"start":{"line":7,"column":0},"end":{"line":7,"column":33}},"6":{"start":{"line":9,"column":0},"end":{"line":9,"column":41}},"7":{"start":{"line":14,"column":7},"end":{"line":266,"column":null}},"8":{"start":{"line":16,"column":21},"end":{"line":16,"column":29}},"9":{"start":{"line":17,"column":21},"end":{"line":17,"column":36}},"10":{"start":{"line":18,"column":12},"end":{"line":18,"column":24}},"11":{"start":{"line":33,"column":4},"end":{"line":45,"column":5}},"12":{"start":{"line":34,"column":22},"end":{"line":34,"column":55}},"13":{"start":{"line":36,"column":22},"end":{"line":40,"column":14}},"14":{"start":{"line":37,"column":22},"end":{"line":37,"column":61}},"15":{"start":{"line":38,"column":8},"end":{"line":38,"column":55}},"16":{"start":{"line":39,"column":8},"end":{"line":39,"column":27}},"17":{"start":{"line":42,"column":6},"end":{"line":44,"column":7}},"18":{"start":{"line":43,"column":8},"end":{"line":43,"column":49}},"19":{"start":{"line":49,"column":4},"end":{"line":51,"column":5}},"20":{"start":{"line":50,"column":6},"end":{"line":50,"column":80}},"21":{"start":{"line":53,"column":22},"end":{"line":53,"column":36}},"22":{"start":{"line":54,"column":4},"end":{"line":60,"column":5}},"23":{"start":{"line":55,"column":6},"end":{"line":59,"column":7}},"24":{"start":{"line":56,"column":8},"end":{"line":56,"column":27}},"25":{"start":{"line":57,"column":13},"end":{"line":59,"column":7}},"26":{"start":{"line":58,"column":8},"end":{"line":58,"column":29}},"27":{"start":{"line":62,"column":22},"end":{"line":64,"column":6}},"28":{"start":{"line":65,"column":4},"end":{"line":67,"column":5}},"29":{"start":{"line":66,"column":6},"end":{"line":66,"column":78}},"30":{"start":{"line":69,"column":19},"end":{"line":69,"column":55}},"31":{"start":{"line":70,"column":4},"end":{"line":78,"column":7}},"32":{"start":{"line":82,"column":17},"end":{"line":84,"column":6}},"33":{"start":{"line":85,"column":4},"end":{"line":92,"column":5}},"34":{"start":{"line":86,"column":6},"end":{"line":86,"column":18}},"35":{"start":{"line":88,"column":6},"end":{"line":91,"column":8}},"36":{"start":{"line":96,"column":17},"end":{"line":98,"column":6}},"37":{"start":{"line":99,"column":4},"end":{"line":106,"column":5}},"38":{"start":{"line":100,"column":6},"end":{"line":100,"column":18}},"39":{"start":{"line":102,"column":6},"end":{"line":105,"column":8}},"40":{"start":{"line":110,"column":22},"end":{"line":110,"column":49}},"41":{"start":{"line":111,"column":4},"end":{"line":113,"column":5}},"42":{"start":{"line":112,"column":6},"end":{"line":112,"column":25}},"43":{"start":{"line":115,"column":4},"end":{"line":121,"column":7}},"44":{"start":{"line":125,"column":16},"end":{"line":125,"column":40}},"45":{"start":{"line":126,"column":4},"end":{"line":129,"column":7}},"46":{"start":{"line":137,"column":22},"end":{"line":137,"column":49}},"47":{"start":{"line":138,"column":4},"end":{"line":140,"column":5}},"48":{"start":{"line":139,"column":6},"end":{"line":139,"column":25}},"49":{"start":{"line":142,"column":4},"end":{"line":149,"column":7}},"50":{"start":{"line":153,"column":17},"end":{"line":153,"column":54}},"51":{"start":{"line":156,"column":4},"end":{"line":159,"column":6}},"52":{"start":{"line":161,"column":18},"end":{"line":163,"column":6}},"53":{"start":{"line":165,"column":4},"end":{"line":169,"column":6}},"54":{"start":{"line":171,"column":4},"end":{"line":171,"column":50}},"55":{"start":{"line":172,"column":4},"end":{"line":175,"column":6}},"56":{"start":{"line":179,"column":19},"end":{"line":179,"column":54}},"57":{"start":{"line":181,"column":4},"end":{"line":194,"column":7}},"58":{"start":{"line":198,"column":16},"end":{"line":198,"column":40}},"59":{"start":{"line":199,"column":4},"end":{"line":205,"column":7}},"60":{"start":{"line":209,"column":17},"end":{"line":209,"column":54}},"61":{"start":{"line":212,"column":4},"end":{"line":215,"column":6}},"62":{"start":{"line":216,"column":30},"end":{"line":218,"column":null}},"63":{"start":{"line":220,"column":4},"end":{"line":239,"column":5}},"64":{"start":{"line":221,"column":20},"end":{"line":224,"column":8}},"65":{"start":{"line":226,"column":22},"end":{"line":226,"column":68}},"66":{"start":{"line":227,"column":6},"end":{"line":227,"column":47}},"67":{"start":{"line":228,"column":6},"end":{"line":228,"column":40}},"68":{"start":{"line":230,"column":21},"end":{"line":232,"column":null}},"69":{"start":{"line":234,"column":6},"end":{"line":234,"column":53}},"70":{"start":{"line":235,"column":6},"end":{"line":238,"column":8}},"71":{"start":{"line":243,"column":4},"end":{"line":245,"column":5}},"72":{"start":{"line":244,"column":6},"end":{"line":244,"column":80}},"73":{"start":{"line":247,"column":4},"end":{"line":254,"column":5}},"74":{"start":{"line":248,"column":6},"end":{"line":248,"column":68}},"75":{"start":{"line":250,"column":6},"end":{"line":253,"column":8}},"76":{"start":{"line":255,"column":17},"end":{"line":255,"column":53}},"77":{"start":{"line":257,"column":4},"end":{"line":264,"column":5}},"78":{"start":{"line":258,"column":6},"end":{"line":258,"column":55}},"79":{"start":{"line":259,"column":6},"end":{"line":261,"column":8}},"80":{"start":{"line":263,"column":6},"end":{"line":263,"column":79}},"81":{"start":{"line":14,"column":13},"end":{"line":14,"column":24}},"82":{"start":{"line":14,"column":13},"end":{"line":266,"column":null}}},"fnMap":{"0":{"name":"(anonymous_2)","decl":{"start":{"line":15,"column":2},"end":{"line":15,"column":null}},"loc":{"start":{"line":18,"column":34},"end":{"line":19,"column":6}}},"1":{"name":"(anonymous_3)","decl":{"start":{"line":27,"column":2},"end":{"line":27,"column":14}},"loc":{"start":{"line":30,"column":45},"end":{"line":46,"column":3}}},"2":{"name":"(anonymous_4)","decl":{"start":{"line":36,"column":40},"end":{"line":36,"column":41}},"loc":{"start":{"line":36,"column":65},"end":{"line":40,"column":7}}},"3":{"name":"(anonymous_5)","decl":{"start":{"line":48,"column":2},"end":{"line":48,"column":7}},"loc":{"start":{"line":48,"column":38},"end":{"line":79,"column":3}}},"4":{"name":"(anonymous_6)","decl":{"start":{"line":81,"column":2},"end":{"line":81,"column":7}},"loc":{"start":{"line":81,"column":36},"end":{"line":93,"column":3}}},"5":{"name":"(anonymous_7)","decl":{"start":{"line":95,"column":2},"end":{"line":95,"column":7}},"loc":{"start":{"line":95,"column":30},"end":{"line":107,"column":3}}},"6":{"name":"(anonymous_8)","decl":{"start":{"line":109,"column":2},"end":{"line":109,"column":7}},"loc":{"start":{"line":109,"column":57},"end":{"line":122,"column":3}}},"7":{"name":"(anonymous_9)","decl":{"start":{"line":124,"column":2},"end":{"line":124,"column":7}},"loc":{"start":{"line":124,"column":53},"end":{"line":130,"column":3}}},"8":{"name":"(anonymous_10)","decl":{"start":{"line":132,"column":2},"end":{"line":132,"column":7}},"loc":{"start":{"line":135,"column":22},"end":{"line":150,"column":3}}},"9":{"name":"(anonymous_11)","decl":{"start":{"line":152,"column":2},"end":{"line":152,"column":7}},"loc":{"start":{"line":152,"column":46},"end":{"line":176,"column":3}}},"10":{"name":"(anonymous_12)","decl":{"start":{"line":178,"column":2},"end":{"line":178,"column":7}},"loc":{"start":{"line":178,"column":54},"end":{"line":195,"column":3}}},"11":{"name":"(anonymous_13)","decl":{"start":{"line":197,"column":2},"end":{"line":197,"column":7}},"loc":{"start":{"line":197,"column":29},"end":{"line":206,"column":3}}},"12":{"name":"(anonymous_14)","decl":{"start":{"line":208,"column":2},"end":{"line":208,"column":7}},"loc":{"start":{"line":208,"column":36},"end":{"line":240,"column":3}}},"13":{"name":"(anonymous_15)","decl":{"start":{"line":242,"column":2},"end":{"line":242,"column":7}},"loc":{"start":{"line":242,"column":45},"end":{"line":265,"column":3}}}},"branchMap":{"0":{"loc":{"start":{"line":29,"column":4},"end":{"line":29,"column":60}},"type":"default-arg","locations":[{"start":{"line":29,"column":22},"end":{"line":29,"column":60}}]},"1":{"loc":{"start":{"line":30,"column":4},"end":{"line":30,"column":45}},"type":"default-arg","locations":[{"start":{"line":30,"column":25},"end":{"line":30,"column":45}}]},"2":{"loc":{"start":{"line":33,"column":4},"end":{"line":45,"column":5}},"type":"if","locations":[{"start":{"line":33,"column":4},"end":{"line":45,"column":5}}]},"3":{"loc":{"start":{"line":33,"column":8},"end":{"line":33,"column":44}},"type":"binary-expr","locations":[{"start":{"line":33,"column":8},"end":{"line":33,"column":18}},{"start":{"line":33,"column":22},"end":{"line":33,"column":44}}]},"4":{"loc":{"start":{"line":42,"column":6},"end":{"line":44,"column":7}},"type":"if","locations":[{"start":{"line":42,"column":6},"end":{"line":44,"column":7}}]},"5":{"loc":{"start":{"line":49,"column":4},"end":{"line":51,"column":5}},"type":"if","locations":[{"start":{"line":49,"column":4},"end":{"line":51,"column":5}}]},"6":{"loc":{"start":{"line":54,"column":4},"end":{"line":60,"column":5}},"type":"if","locations":[{"start":{"line":54,"column":4},"end":{"line":60,"column":5}}]},"7":{"loc":{"start":{"line":55,"column":6},"end":{"line":59,"column":7}},"type":"if","locations":[{"start":{"line":55,"column":6},"end":{"line":59,"column":7}},{"start":{"line":57,"column":13},"end":{"line":59,"column":7}}]},"8":{"loc":{"start":{"line":57,"column":13},"end":{"line":59,"column":7}},"type":"if","locations":[{"start":{"line":57,"column":13},"end":{"line":59,"column":7}}]},"9":{"loc":{"start":{"line":65,"column":4},"end":{"line":67,"column":5}},"type":"if","locations":[{"start":{"line":65,"column":4},"end":{"line":67,"column":5}}]},"10":{"loc":{"start":{"line":85,"column":4},"end":{"line":92,"column":5}},"type":"if","locations":[{"start":{"line":85,"column":4},"end":{"line":92,"column":5}},{"start":{"line":87,"column":11},"end":{"line":92,"column":5}}]},"11":{"loc":{"start":{"line":99,"column":4},"end":{"line":106,"column":5}},"type":"if","locations":[{"start":{"line":99,"column":4},"end":{"line":106,"column":5}},{"start":{"line":101,"column":11},"end":{"line":106,"column":5}}]},"12":{"loc":{"start":{"line":111,"column":4},"end":{"line":113,"column":5}},"type":"if","locations":[{"start":{"line":111,"column":4},"end":{"line":113,"column":5}}]},"13":{"loc":{"start":{"line":138,"column":4},"end":{"line":140,"column":5}},"type":"if","locations":[{"start":{"line":138,"column":4},"end":{"line":140,"column":5}}]},"14":{"loc":{"start":{"line":220,"column":4},"end":{"line":239,"column":5}},"type":"if","locations":[{"start":{"line":220,"column":4},"end":{"line":239,"column":5}},{"start":{"line":229,"column":11},"end":{"line":239,"column":5}}]},"15":{"loc":{"start":{"line":243,"column":4},"end":{"line":245,"column":5}},"type":"if","locations":[{"start":{"line":243,"column":4},"end":{"line":245,"column":5}}]},"16":{"loc":{"start":{"line":257,"column":4},"end":{"line":264,"column":5}},"type":"if","locations":[{"start":{"line":257,"column":4},"end":{"line":264,"column":5}},{"start":{"line":262,"column":11},"end":{"line":264,"column":5}}]}},"s":{"0":1,"1":1,"2":1,"3":1,"4":1,"5":1,"6":1,"7":1,"8":34,"9":34,"10":34,"11":5,"12":2,"13":2,"14":6,"15":6,"16":6,"17":2,"18":1,"19":6,"20":1,"21":5,"22":5,"23":4,"24":1,"25":3,"26":1,"27":5,"28":5,"29":1,"30":4,"31":4,"32":3,"33":3,"34":1,"35":2,"36":2,"37":2,"38":1,"39":1,"40":1,"41":1,"42":1,"43":1,"44":1,"45":1,"46":1,"47":1,"48":1,"49":1,"50":1,"51":1,"52":1,"53":1,"54":1,"55":1,"56":2,"57":2,"58":1,"59":1,"60":3,"61":2,"62":2,"63":2,"64":1,"65":1,"66":1,"67":1,"68":1,"69":1,"70":1,"71":5,"72":1,"73":4,"74":4,"75":2,"76":2,"77":2,"78":1,"79":1,"80":1,"81":1,"82":1},"f":{"0":34,"1":5,"2":6,"3":6,"4":3,"5":2,"6":1,"7":1,"8":1,"9":1,"10":2,"11":1,"12":3,"13":5},"b":{"0":[5],"1":[5],"2":[2],"3":[5,4],"4":[1],"5":[1],"6":[4],"7":[1,3],"8":[1],"9":[1],"10":[1,2],"11":[1,1],"12":[1],"13":[1],"14":[1,1],"15":[1],"16":[1,1]}}
,"D:\\CODE\\nestjs-challenge\\src\\auth\\guards\\auth.guard.ts": {"path":"D:\\CODE\\nestjs-challenge\\src\\auth\\guards\\auth.guard.ts","statementMap":{"0":{"start":{"line":1,"column":0},"end":{"line":1,"column":null}},"1":{"start":{"line":7,"column":0},"end":{"line":7,"column":41}},"2":{"start":{"line":8,"column":0},"end":{"line":8,"column":73}},"3":{"start":{"line":9,"column":0},"end":{"line":9,"column":41}},"4":{"start":{"line":10,"column":0},"end":{"line":10,"column":46}},"5":{"start":{"line":11,"column":0},"end":{"line":11,"column":33}},"6":{"start":{"line":12,"column":0},"end":{"line":12,"column":93}},"7":{"start":{"line":13,"column":0},"end":{"line":13,"column":54}},"8":{"start":{"line":16,"column":7},"end":{"line":103,"column":null}},"9":{"start":{"line":18,"column":12},"end":{"line":18,"column":23}},"10":{"start":{"line":19,"column":12},"end":{"line":19,"column":24}},"11":{"start":{"line":20,"column":12},"end":{"line":20,"column":25}},"12":{"start":{"line":24,"column":4},"end":{"line":24,"column":41}},"13":{"start":{"line":26,"column":21},"end":{"line":29,"column":6}},"14":{"start":{"line":30,"column":4},"end":{"line":32,"column":5}},"15":{"start":{"line":31,"column":6},"end":{"line":31,"column":18}},"16":{"start":{"line":34,"column":20},"end":{"line":34,"column":55}},"17":{"start":{"line":38,"column":4},"end":{"line":44,"column":5}},"18":{"start":{"line":39,"column":26},"end":{"line":39,"column":61}},"19":{"start":{"line":40,"column":6},"end":{"line":40,"column":49}},"20":{"start":{"line":41,"column":6},"end":{"line":41,"column":48}},"21":{"start":{"line":43,"column":6},"end":{"line":43,"column":44}},"22":{"start":{"line":46,"column":28},"end":{"line":48,"column":null}},"23":{"start":{"line":52,"column":4},"end":{"line":60,"column":5}},"24":{"start":{"line":54,"column":6},"end":{"line":58,"column":7}},"25":{"start":{"line":55,"column":8},"end":{"line":55,"column":54}},"26":{"start":{"line":57,"column":8},"end":{"line":57,"column":50}},"27":{"start":{"line":59,"column":6},"end":{"line":59,"column":18}},"28":{"start":{"line":62,"column":4},"end":{"line":64,"column":5}},"29":{"start":{"line":63,"column":6},"end":{"line":63,"column":80}},"30":{"start":{"line":65,"column":22},"end":{"line":65,"column":40}},"31":{"start":{"line":67,"column":4},"end":{"line":71,"column":5}},"32":{"start":{"line":68,"column":6},"end":{"line":68,"column":61}},"33":{"start":{"line":70,"column":6},"end":{"line":70,"column":66}},"34":{"start":{"line":73,"column":17},"end":{"line":73,"column":65}},"35":{"start":{"line":75,"column":4},"end":{"line":77,"column":5}},"36":{"start":{"line":76,"column":6},"end":{"line":76,"column":70}},"37":{"start":{"line":79,"column":4},"end":{"line":83,"column":5}},"38":{"start":{"line":80,"column":6},"end":{"line":82,"column":8}},"39":{"start":{"line":86,"column":25},"end":{"line":86,"column":58}},"40":{"start":{"line":87,"column":21},"end":{"line":87,"column":66}},"41":{"start":{"line":88,"column":4},"end":{"line":90,"column":5}},"42":{"start":{"line":89,"column":6},"end":{"line":89,"column":60}},"43":{"start":{"line":93,"column":4},"end":{"line":99,"column":5}},"44":{"start":{"line":94,"column":6},"end":{"line":94,"column":33}},"45":{"start":{"line":95,"column":6},"end":{"line":95,"column":53}},"46":{"start":{"line":97,"column":6},"end":{"line":97,"column":29}},"47":{"start":{"line":98,"column":6},"end":{"line":98,"column":49}},"48":{"start":{"line":101,"column":4},"end":{"line":101,"column":16}},"49":{"start":{"line":16,"column":13},"end":{"line":16,"column":22}},"50":{"start":{"line":16,"column":13},"end":{"line":103,"column":null}}},"fnMap":{"0":{"name":"(anonymous_2)","decl":{"start":{"line":17,"column":2},"end":{"line":17,"column":null}},"loc":{"start":{"line":20,"column":36},"end":{"line":21,"column":6}}},"1":{"name":"(anonymous_3)","decl":{"start":{"line":23,"column":2},"end":{"line":23,"column":7}},"loc":{"start":{"line":23,"column":45},"end":{"line":102,"column":3}}}},"branchMap":{"0":{"loc":{"start":{"line":30,"column":4},"end":{"line":32,"column":5}},"type":"if","locations":[{"start":{"line":30,"column":4},"end":{"line":32,"column":5}}]},"1":{"loc":{"start":{"line":38,"column":4},"end":{"line":44,"column":5}},"type":"if","locations":[{"start":{"line":38,"column":4},"end":{"line":44,"column":5}},{"start":{"line":42,"column":11},"end":{"line":44,"column":5}}]},"2":{"loc":{"start":{"line":52,"column":4},"end":{"line":60,"column":5}},"type":"if","locations":[{"start":{"line":52,"column":4},"end":{"line":60,"column":5}}]},"3":{"loc":{"start":{"line":52,"column":8},"end":{"line":52,"column":33}},"type":"binary-expr","locations":[{"start":{"line":52,"column":8},"end":{"line":52,"column":14}},{"start":{"line":52,"column":18},"end":{"line":52,"column":33}}]},"4":{"loc":{"start":{"line":54,"column":6},"end":{"line":58,"column":7}},"type":"if","locations":[{"start":{"line":54,"column":6},"end":{"line":58,"column":7}},{"start":{"line":56,"column":13},"end":{"line":58,"column":7}}]},"5":{"loc":{"start":{"line":62,"column":4},"end":{"line":64,"column":5}},"type":"if","locations":[{"start":{"line":62,"column":4},"end":{"line":64,"column":5}}]},"6":{"loc":{"start":{"line":62,"column":8},"end":{"line":62,"column":35}},"type":"binary-expr","locations":[{"start":{"line":62,"column":8},"end":{"line":62,"column":14}},{"start":{"line":62,"column":18},"end":{"line":62,"column":35}}]},"7":{"loc":{"start":{"line":75,"column":4},"end":{"line":77,"column":5}},"type":"if","locations":[{"start":{"line":75,"column":4},"end":{"line":77,"column":5}}]},"8":{"loc":{"start":{"line":79,"column":4},"end":{"line":83,"column":5}},"type":"if","locations":[{"start":{"line":79,"column":4},"end":{"line":83,"column":5}}]},"9":{"loc":{"start":{"line":88,"column":4},"end":{"line":90,"column":5}},"type":"if","locations":[{"start":{"line":88,"column":4},"end":{"line":90,"column":5}}]},"10":{"loc":{"start":{"line":93,"column":4},"end":{"line":99,"column":5}},"type":"if","locations":[{"start":{"line":93,"column":4},"end":{"line":99,"column":5}},{"start":{"line":96,"column":11},"end":{"line":99,"column":5}}]}},"s":{"0":0,"1":0,"2":0,"3":0,"4":0,"5":0,"6":0,"7":0,"8":0,"9":0,"10":0,"11":0,"12":0,"13":0,"14":0,"15":0,"16":0,"17":0,"18":0,"19":0,"20":0,"21":0,"22":0,"23":0,"24":0,"25":0,"26":0,"27":0,"28":0,"29":0,"30":0,"31":0,"32":0,"33":0,"34":0,"35":0,"36":0,"37":0,"38":0,"39":0,"40":0,"41":0,"42":0,"43":0,"44":0,"45":0,"46":0,"47":0,"48":0,"49":0,"50":0},"f":{"0":0,"1":0},"b":{"0":[0],"1":[0,0],"2":[0],"3":[0,0],"4":[0,0],"5":[0],"6":[0,0],"7":[0],"8":[0],"9":[0],"10":[0,0]}}
,"D:\\CODE\\nestjs-challenge\\src\\auth\\guards\\roles.guard.ts": {"path":"D:\\CODE\\nestjs-challenge\\src\\auth\\guards\\roles.guard.ts","statementMap":{"0":{"start":{"line":1,"column":0},"end":{"line":1,"column":null}},"1":{"start":{"line":8,"column":0},"end":{"line":8,"column":41}},"2":{"start":{"line":9,"column":0},"end":{"line":9,"column":80}},"3":{"start":{"line":10,"column":0},"end":{"line":10,"column":54}},"4":{"start":{"line":13,"column":7},"end":{"line":45,"column":null}},"5":{"start":{"line":14,"column":22},"end":{"line":14,"column":33}},"6":{"start":{"line":19,"column":4},"end":{"line":19,"column":42}},"7":{"start":{"line":20,"column":26},"end":{"line":23,"column":6}},"8":{"start":{"line":24,"column":4},"end":{"line":26,"column":5}},"9":{"start":{"line":25,"column":6},"end":{"line":25,"column":18}},"10":{"start":{"line":30,"column":4},"end":{"line":35,"column":5}},"11":{"start":{"line":31,"column":26},"end":{"line":31,"column":61}},"12":{"start":{"line":32,"column":6},"end":{"line":32,"column":45}},"13":{"start":{"line":34,"column":6},"end":{"line":34,"column":52}},"14":{"start":{"line":37,"column":4},"end":{"line":43,"column":5}},"15":{"start":{"line":38,"column":6},"end":{"line":38,"column":18}},"16":{"start":{"line":40,"column":6},"end":{"line":42,"column":8}},"17":{"start":{"line":13,"column":13},"end":{"line":13,"column":23}},"18":{"start":{"line":13,"column":13},"end":{"line":45,"column":null}}},"fnMap":{"0":{"name":"(anonymous_2)","decl":{"start":{"line":14,"column":2},"end":{"line":14,"column":22}},"loc":{"start":{"line":14,"column":42},"end":{"line":14,"column":46}}},"1":{"name":"(anonymous_3)","decl":{"start":{"line":16,"column":2},"end":{"line":16,"column":13}},"loc":{"start":{"line":17,"column":29},"end":{"line":44,"column":3}}}},"branchMap":{"0":{"loc":{"start":{"line":24,"column":4},"end":{"line":26,"column":5}},"type":"if","locations":[{"start":{"line":24,"column":4},"end":{"line":26,"column":5}}]},"1":{"loc":{"start":{"line":30,"column":4},"end":{"line":35,"column":5}},"type":"if","locations":[{"start":{"line":30,"column":4},"end":{"line":35,"column":5}},{"start":{"line":33,"column":11},"end":{"line":35,"column":5}}]},"2":{"loc":{"start":{"line":37,"column":4},"end":{"line":43,"column":5}},"type":"if","locations":[{"start":{"line":37,"column":4},"end":{"line":43,"column":5}},{"start":{"line":39,"column":11},"end":{"line":43,"column":5}}]},"3":{"loc":{"start":{"line":37,"column":8},"end":{"line":37,"column":59}},"type":"binary-expr","locations":[{"start":{"line":37,"column":8},"end":{"line":37,"column":20}},{"start":{"line":37,"column":24},"end":{"line":37,"column":59}}]}},"s":{"0":0,"1":0,"2":0,"3":0,"4":0,"5":0,"6":0,"7":0,"8":0,"9":0,"10":0,"11":0,"12":0,"13":0,"14":0,"15":0,"16":0,"17":0,"18":0},"f":{"0":0,"1":0},"b":{"0":[0],"1":[0,0],"2":[0,0],"3":[0,0]}}
,"D:\\CODE\\nestjs-challenge\\src\\carts\\carts.service.ts": {"path":"D:\\CODE\\nestjs-challenge\\src\\carts\\carts.service.ts","statementMap":{"0":{"start":{"line":1,"column":0},"end":{"line":1,"column":65}},"1":{"start":{"line":2,"column":0},"end":{"line":2,"column":57}},"2":{"start":{"line":5,"column":7},"end":{"line":93,"column":null}},"3":{"start":{"line":6,"column":31},"end":{"line":6,"column":39}},"4":{"start":{"line":8,"column":22},"end":{"line":10,"column":6}},"5":{"start":{"line":11,"column":4},"end":{"line":13,"column":5}},"6":{"start":{"line":12,"column":6},"end":{"line":12,"column":68}},"7":{"start":{"line":15,"column":19},"end":{"line":20,"column":6}},"8":{"start":{"line":21,"column":4},"end":{"line":40,"column":5}},"9":{"start":{"line":22,"column":6},"end":{"line":27,"column":9}},"10":{"start":{"line":29,"column":6},"end":{"line":39,"column":9}},"11":{"start":{"line":44,"column":19},"end":{"line":46,"column":6}},"12":{"start":{"line":47,"column":4},"end":{"line":49,"column":5}},"13":{"start":{"line":48,"column":6},"end":{"line":48,"column":60}},"14":{"start":{"line":51,"column":19},"end":{"line":53,"column":6}},"15":{"start":{"line":55,"column":4},"end":{"line":59,"column":5}},"16":{"start":{"line":56,"column":6},"end":{"line":56,"column":47}},"17":{"start":{"line":58,"column":6},"end":{"line":58,"column":78}},"18":{"start":{"line":64,"column":4},"end":{"line":91,"column":7}},"19":{"start":{"line":5,"column":13},"end":{"line":5,"column":25}},"20":{"start":{"line":5,"column":13},"end":{"line":93,"column":null}}},"fnMap":{"0":{"name":"(anonymous_2)","decl":{"start":{"line":6,"column":2},"end":{"line":6,"column":31}},"loc":{"start":{"line":6,"column":52},"end":{"line":6,"column":56}}},"1":{"name":"(anonymous_3)","decl":{"start":{"line":7,"column":2},"end":{"line":7,"column":7}},"loc":{"start":{"line":7,"column":73},"end":{"line":41,"column":3}}},"2":{"name":"(anonymous_4)","decl":{"start":{"line":43,"column":2},"end":{"line":43,"column":7}},"loc":{"start":{"line":43,"column":38},"end":{"line":60,"column":3}}},"3":{"name":"(anonymous_5)","decl":{"start":{"line":62,"column":2},"end":{"line":62,"column":7}},"loc":{"start":{"line":62,"column":36},"end":{"line":92,"column":3}}}},"branchMap":{"0":{"loc":{"start":{"line":11,"column":4},"end":{"line":13,"column":5}},"type":"if","locations":[{"start":{"line":11,"column":4},"end":{"line":13,"column":5}}]},"1":{"loc":{"start":{"line":21,"column":4},"end":{"line":40,"column":5}},"type":"if","locations":[{"start":{"line":21,"column":4},"end":{"line":40,"column":5}},{"start":{"line":28,"column":11},"end":{"line":40,"column":5}}]},"2":{"loc":{"start":{"line":47,"column":4},"end":{"line":49,"column":5}},"type":"if","locations":[{"start":{"line":47,"column":4},"end":{"line":49,"column":5}}]},"3":{"loc":{"start":{"line":55,"column":4},"end":{"line":59,"column":5}},"type":"if","locations":[{"start":{"line":55,"column":4},"end":{"line":59,"column":5}},{"start":{"line":57,"column":11},"end":{"line":59,"column":5}}]}},"s":{"0":1,"1":1,"2":1,"3":11,"4":3,"5":3,"6":1,"7":2,"8":2,"9":1,"10":1,"11":3,"12":3,"13":1,"14":2,"15":2,"16":1,"17":1,"18":1,"19":1,"20":1},"f":{"0":11,"1":3,"2":3,"3":1},"b":{"0":[1],"1":[1,1],"2":[1],"3":[1,1]}}
,"D:\\CODE\\nestjs-challenge\\src\\categories\\categories.service.ts": {"path":"D:\\CODE\\nestjs-challenge\\src\\categories\\categories.service.ts","statementMap":{"0":{"start":{"line":1,"column":0},"end":{"line":1,"column":null}},"1":{"start":{"line":7,"column":0},"end":{"line":7,"column":57}},"2":{"start":{"line":10,"column":7},"end":{"line":51,"column":null}},"3":{"start":{"line":11,"column":31},"end":{"line":11,"column":39}},"4":{"start":{"line":14,"column":19},"end":{"line":16,"column":6}},"5":{"start":{"line":17,"column":4},"end":{"line":19,"column":5}},"6":{"start":{"line":18,"column":6},"end":{"line":18,"column":66}},"7":{"start":{"line":21,"column":4},"end":{"line":25,"column":7}},"8":{"start":{"line":29,"column":19},"end":{"line":31,"column":6}},"9":{"start":{"line":33,"column":4},"end":{"line":35,"column":5}},"10":{"start":{"line":34,"column":6},"end":{"line":34,"column":55}},"11":{"start":{"line":37,"column":19},"end":{"line":41,"column":6}},"12":{"start":{"line":43,"column":4},"end":{"line":49,"column":5}},"13":{"start":{"line":44,"column":6},"end":{"line":44,"column":30}},"14":{"start":{"line":46,"column":6},"end":{"line":48,"column":8}},"15":{"start":{"line":10,"column":13},"end":{"line":10,"column":30}},"16":{"start":{"line":10,"column":13},"end":{"line":51,"column":null}}},"fnMap":{"0":{"name":"(anonymous_2)","decl":{"start":{"line":11,"column":2},"end":{"line":11,"column":31}},"loc":{"start":{"line":11,"column":52},"end":{"line":11,"column":56}}},"1":{"name":"(anonymous_3)","decl":{"start":{"line":13,"column":2},"end":{"line":13,"column":7}},"loc":{"start":{"line":13,"column":35},"end":{"line":26,"column":3}}},"2":{"name":"(anonymous_4)","decl":{"start":{"line":28,"column":2},"end":{"line":28,"column":7}},"loc":{"start":{"line":28,"column":33},"end":{"line":50,"column":3}}}},"branchMap":{"0":{"loc":{"start":{"line":17,"column":4},"end":{"line":19,"column":5}},"type":"if","locations":[{"start":{"line":17,"column":4},"end":{"line":19,"column":5}}]},"1":{"loc":{"start":{"line":33,"column":4},"end":{"line":35,"column":5}},"type":"if","locations":[{"start":{"line":33,"column":4},"end":{"line":35,"column":5}}]},"2":{"loc":{"start":{"line":43,"column":4},"end":{"line":49,"column":5}},"type":"if","locations":[{"start":{"line":43,"column":4},"end":{"line":49,"column":5}},{"start":{"line":45,"column":11},"end":{"line":49,"column":5}}]}},"s":{"0":1,"1":1,"2":1,"3":8,"4":2,"5":2,"6":1,"7":1,"8":3,"9":3,"10":1,"11":2,"12":2,"13":1,"14":1,"15":1,"16":1},"f":{"0":8,"1":2,"2":3},"b":{"0":[1],"1":[1],"2":[1,1]}}
,"D:\\CODE\\nestjs-challenge\\src\\common\\decorators\\public.decorator.ts": {"path":"D:\\CODE\\nestjs-challenge\\src\\common\\decorators\\public.decorator.ts","statementMap":{"0":{"start":{"line":1,"column":0},"end":{"line":1,"column":45}},"1":{"start":{"line":3,"column":13},"end":{"line":3,"column":40}},"2":{"start":{"line":4,"column":22},"end":{"line":4,"column":60}},"3":{"start":{"line":4,"column":28},"end":{"line":4,"column":60}},"4":{"start":{"line":4,"column":13},"end":{"line":4,"column":22}}},"fnMap":{"0":{"name":"(anonymous_0)","decl":{"start":{"line":4,"column":22},"end":{"line":4,"column":25}},"loc":{"start":{"line":4,"column":28},"end":{"line":4,"column":60}}}},"branchMap":{},"s":{"0":1,"1":1,"2":1,"3":2,"4":1},"f":{"0":2},"b":{}}
,"D:\\CODE\\nestjs-challenge\\src\\common\\decorators\\public_and_private.decorator.ts": {"path":"D:\\CODE\\nestjs-challenge\\src\\common\\decorators\\public_and_private.decorator.ts","statementMap":{"0":{"start":{"line":1,"column":0},"end":{"line":1,"column":45}},"1":{"start":{"line":3,"column":13},"end":{"line":3,"column":55}},"2":{"start":{"line":4,"column":29},"end":{"line":4,"column":75}},"3":{"start":{"line":4,"column":35},"end":{"line":4,"column":75}},"4":{"start":{"line":4,"column":13},"end":{"line":4,"column":29}}},"fnMap":{"0":{"name":"(anonymous_0)","decl":{"start":{"line":4,"column":29},"end":{"line":4,"column":32}},"loc":{"start":{"line":4,"column":35},"end":{"line":4,"column":75}}}},"branchMap":{},"s":{"0":1,"1":1,"2":1,"3":2,"4":1},"f":{"0":2},"b":{}}
,"D:\\CODE\\nestjs-challenge\\src\\common\\decorators\\requires-role.decorator.ts": {"path":"D:\\CODE\\nestjs-challenge\\src\\common\\decorators\\requires-role.decorator.ts","statementMap":{"0":{"start":{"line":1,"column":0},"end":{"line":1,"column":45}},"1":{"start":{"line":4,"column":13},"end":{"line":4,"column":45}},"2":{"start":{"line":19,"column":28},"end":{"line":19,"column":77}},"3":{"start":{"line":19,"column":45},"end":{"line":19,"column":77}},"4":{"start":{"line":19,"column":13},"end":{"line":19,"column":28}}},"fnMap":{"0":{"name":"(anonymous_0)","decl":{"start":{"line":19,"column":28},"end":{"line":19,"column":29}},"loc":{"start":{"line":19,"column":45},"end":{"line":19,"column":77}}}},"branchMap":{},"s":{"0":1,"1":1,"2":1,"3":5,"4":1},"f":{"0":5},"b":{}}
,"D:\\CODE\\nestjs-challenge\\src\\common\\filters\\global-exception.filter.ts": {"path":"D:\\CODE\\nestjs-challenge\\src\\common\\filters\\global-exception.filter.ts","statementMap":{"0":{"start":{"line":1,"column":0},"end":{"line":1,"column":null}},"1":{"start":{"line":7,"column":0},"end":{"line":7,"column":51}},"2":{"start":{"line":10,"column":7},"end":{"line":47,"column":null}},"3":{"start":{"line":12,"column":4},"end":{"line":12,"column":27}},"4":{"start":{"line":15,"column":4},"end":{"line":21,"column":5}},"5":{"start":{"line":16,"column":6},"end":{"line":16,"column":35}},"6":{"start":{"line":17,"column":6},"end":{"line":17,"column":34}},"7":{"start":{"line":19,"column":6},"end":{"line":19,"column":46}},"8":{"start":{"line":20,"column":6},"end":{"line":20,"column":43}},"9":{"start":{"line":27,"column":4},"end":{"line":33,"column":5}},"10":{"start":{"line":28,"column":6},"end":{"line":28,"column":23}},"11":{"start":{"line":30,"column":6},"end":{"line":30,"column":49}},"12":{"start":{"line":31,"column":6},"end":{"line":31,"column":51}},"13":{"start":{"line":32,"column":6},"end":{"line":32,"column":25}},"14":{"start":{"line":34,"column":25},"end":{"line":39,"column":6}},"15":{"start":{"line":40,"column":20},"end":{"line":40,"column":46}},"16":{"start":{"line":41,"column":4},"end":{"line":43,"column":5}},"17":{"start":{"line":42,"column":6},"end":{"line":42,"column":40}},"18":{"start":{"line":45,"column":4},"end":{"line":45,"column":60}},"19":{"start":{"line":10,"column":13},"end":{"line":10,"column":34}},"20":{"start":{"line":10,"column":13},"end":{"line":47,"column":null}}},"fnMap":{"0":{"name":"(anonymous_1)","decl":{"start":{"line":11,"column":2},"end":{"line":11,"column":7}},"loc":{"start":{"line":11,"column":43},"end":{"line":46,"column":3}}}},"branchMap":{"0":{"loc":{"start":{"line":15,"column":4},"end":{"line":21,"column":5}},"type":"if","locations":[{"start":{"line":15,"column":4},"end":{"line":21,"column":5}},{"start":{"line":18,"column":11},"end":{"line":21,"column":5}}]},"1":{"loc":{"start":{"line":27,"column":4},"end":{"line":33,"column":5}},"type":"if","locations":[{"start":{"line":27,"column":4},"end":{"line":33,"column":5}},{"start":{"line":29,"column":11},"end":{"line":33,"column":5}}]},"2":{"loc":{"start":{"line":41,"column":4},"end":{"line":43,"column":5}},"type":"if","locations":[{"start":{"line":41,"column":4},"end":{"line":43,"column":5}}]}},"s":{"0":0,"1":0,"2":0,"3":0,"4":0,"5":0,"6":0,"7":0,"8":0,"9":0,"10":0,"11":0,"12":0,"13":0,"14":0,"15":0,"16":0,"17":0,"18":0,"19":0,"20":0},"f":{"0":0},"b":{"0":[0,0],"1":[0,0],"2":[0]}}
,"D:\\CODE\\nestjs-challenge\\src\\images\\images.service.ts": {"path":"D:\\CODE\\nestjs-challenge\\src\\images\\images.service.ts","statementMap":{"0":{"start":{"line":1,"column":0},"end":{"line":1,"column":null}},"1":{"start":{"line":7,"column":0},"end":{"line":7,"column":46}},"2":{"start":{"line":8,"column":0},"end":{"line":8,"column":47}},"3":{"start":{"line":9,"column":0},"end":{"line":9,"column":57}},"4":{"start":{"line":10,"column":0},"end":{"line":10,"column":63}},"5":{"start":{"line":13,"column":7},"end":{"line":88,"column":null}},"6":{"start":{"line":15,"column":21},"end":{"line":15,"column":36}},"7":{"start":{"line":16,"column":21},"end":{"line":16,"column":29}},"8":{"start":{"line":17,"column":21},"end":{"line":17,"column":38}},"9":{"start":{"line":19,"column":4},"end":{"line":23,"column":7}},"10":{"start":{"line":31,"column":4},"end":{"line":33,"column":5}},"11":{"start":{"line":32,"column":6},"end":{"line":32,"column":79}},"12":{"start":{"line":35,"column":19},"end":{"line":37,"column":null}},"13":{"start":{"line":39,"column":4},"end":{"line":41,"column":5}},"14":{"start":{"line":40,"column":6},"end":{"line":40,"column":65}},"15":{"start":{"line":43,"column":18},"end":{"line":44,"column":null}},"16":{"start":{"line":46,"column":4},"end":{"line":50,"column":5}},"17":{"start":{"line":47,"column":6},"end":{"line":49,"column":8}},"18":{"start":{"line":52,"column":4},"end":{"line":65,"column":7}},"19":{"start":{"line":69,"column":19},"end":{"line":71,"column":6}},"20":{"start":{"line":72,"column":4},"end":{"line":74,"column":5}},"21":{"start":{"line":73,"column":6},"end":{"line":73,"column":53}},"22":{"start":{"line":76,"column":25},"end":{"line":76,"column":73}},"23":{"start":{"line":78,"column":4},"end":{"line":86,"column":5}},"24":{"start":{"line":79,"column":6},"end":{"line":81,"column":9}},"25":{"start":{"line":83,"column":6},"end":{"line":85,"column":8}},"26":{"start":{"line":13,"column":13},"end":{"line":13,"column":26}},"27":{"start":{"line":13,"column":13},"end":{"line":88,"column":null}}},"fnMap":{"0":{"name":"(anonymous_2)","decl":{"start":{"line":14,"column":2},"end":{"line":14,"column":null}},"loc":{"start":{"line":17,"column":53},"end":{"line":24,"column":3}}},"1":{"name":"(anonymous_3)","decl":{"start":{"line":26,"column":2},"end":{"line":26,"column":7}},"loc":{"start":{"line":29,"column":32},"end":{"line":66,"column":3}}},"2":{"name":"(anonymous_4)","decl":{"start":{"line":68,"column":2},"end":{"line":68,"column":7}},"loc":{"start":{"line":68,"column":34},"end":{"line":87,"column":3}}}},"branchMap":{"0":{"loc":{"start":{"line":31,"column":4},"end":{"line":33,"column":5}},"type":"if","locations":[{"start":{"line":31,"column":4},"end":{"line":33,"column":5}}]},"1":{"loc":{"start":{"line":39,"column":4},"end":{"line":41,"column":5}},"type":"if","locations":[{"start":{"line":39,"column":4},"end":{"line":41,"column":5}}]},"2":{"loc":{"start":{"line":46,"column":4},"end":{"line":50,"column":5}},"type":"if","locations":[{"start":{"line":46,"column":4},"end":{"line":50,"column":5}}]},"3":{"loc":{"start":{"line":72,"column":4},"end":{"line":74,"column":5}},"type":"if","locations":[{"start":{"line":72,"column":4},"end":{"line":74,"column":5}}]},"4":{"loc":{"start":{"line":78,"column":4},"end":{"line":86,"column":5}},"type":"if","locations":[{"start":{"line":78,"column":4},"end":{"line":86,"column":5}},{"start":{"line":82,"column":11},"end":{"line":86,"column":5}}]},"5":{"loc":{"start":{"line":78,"column":8},"end":{"line":78,"column":75}},"type":"binary-expr","locations":[{"start":{"line":78,"column":8},"end":{"line":78,"column":20}},{"start":{"line":78,"column":24},"end":{"line":78,"column":43}},{"start":{"line":78,"column":47},"end":{"line":78,"column":75}}]}},"s":{"0":1,"1":1,"2":1,"3":1,"4":1,"5":1,"6":12,"7":12,"8":12,"9":12,"10":5,"11":1,"12":4,"13":4,"14":2,"15":2,"16":2,"17":1,"18":1,"19":3,"20":3,"21":1,"22":2,"23":2,"24":1,"25":1,"26":1,"27":1},"f":{"0":12,"1":5,"2":3},"b":{"0":[1],"1":[2],"2":[1],"3":[1],"4":[1,1],"5":[2,2,2]}}
,"D:\\CODE\\nestjs-challenge\\src\\likes\\likes.service.ts": {"path":"D:\\CODE\\nestjs-challenge\\src\\likes\\likes.service.ts","statementMap":{"0":{"start":{"line":1,"column":0},"end":{"line":1,"column":65}},"1":{"start":{"line":2,"column":0},"end":{"line":2,"column":57}},"2":{"start":{"line":5,"column":7},"end":{"line":77,"column":null}},"3":{"start":{"line":6,"column":31},"end":{"line":6,"column":39}},"4":{"start":{"line":8,"column":22},"end":{"line":10,"column":6}},"5":{"start":{"line":11,"column":4},"end":{"line":13,"column":5}},"6":{"start":{"line":12,"column":6},"end":{"line":12,"column":68}},"7":{"start":{"line":15,"column":19},"end":{"line":20,"column":6}},"8":{"start":{"line":21,"column":4},"end":{"line":25,"column":5}},"9":{"start":{"line":22,"column":6},"end":{"line":24,"column":8}},"10":{"start":{"line":27,"column":4},"end":{"line":36,"column":7}},"11":{"start":{"line":40,"column":19},"end":{"line":42,"column":6}},"12":{"start":{"line":43,"column":4},"end":{"line":45,"column":5}},"13":{"start":{"line":44,"column":6},"end":{"line":44,"column":55}},"14":{"start":{"line":47,"column":19},"end":{"line":49,"column":6}},"15":{"start":{"line":51,"column":4},"end":{"line":54,"column":6}},"16":{"start":{"line":59,"column":4},"end":{"line":75,"column":7}},"17":{"start":{"line":5,"column":13},"end":{"line":5,"column":25}},"18":{"start":{"line":5,"column":13},"end":{"line":77,"column":null}}},"fnMap":{"0":{"name":"(anonymous_2)","decl":{"start":{"line":6,"column":2},"end":{"line":6,"column":31}},"loc":{"start":{"line":6,"column":52},"end":{"line":6,"column":56}}},"1":{"name":"(anonymous_3)","decl":{"start":{"line":7,"column":2},"end":{"line":7,"column":7}},"loc":{"start":{"line":7,"column":57},"end":{"line":37,"column":3}}},"2":{"name":"(anonymous_4)","decl":{"start":{"line":39,"column":2},"end":{"line":39,"column":7}},"loc":{"start":{"line":39,"column":34},"end":{"line":55,"column":3}}},"3":{"name":"(anonymous_5)","decl":{"start":{"line":57,"column":2},"end":{"line":57,"column":7}},"loc":{"start":{"line":57,"column":32},"end":{"line":76,"column":3}}}},"branchMap":{"0":{"loc":{"start":{"line":11,"column":4},"end":{"line":13,"column":5}},"type":"if","locations":[{"start":{"line":11,"column":4},"end":{"line":13,"column":5}}]},"1":{"loc":{"start":{"line":21,"column":4},"end":{"line":25,"column":5}},"type":"if","locations":[{"start":{"line":21,"column":4},"end":{"line":25,"column":5}}]},"2":{"loc":{"start":{"line":43,"column":4},"end":{"line":45,"column":5}},"type":"if","locations":[{"start":{"line":43,"column":4},"end":{"line":45,"column":5}}]}},"s":{"0":1,"1":1,"2":1,"3":10,"4":3,"5":3,"6":1,"7":2,"8":2,"9":1,"10":1,"11":2,"12":2,"13":1,"14":1,"15":1,"16":1,"17":1,"18":1},"f":{"0":10,"1":3,"2":2,"3":1},"b":{"0":[1],"1":[1],"2":[1]}}
,"D:\\CODE\\nestjs-challenge\\src\\orders\\orders.service.ts": {"path":"D:\\CODE\\nestjs-challenge\\src\\orders\\orders.service.ts","statementMap":{"0":{"start":{"line":1,"column":0},"end":{"line":1,"column":null}},"1":{"start":{"line":6,"column":0},"end":{"line":6,"column":39}},"2":{"start":{"line":7,"column":0},"end":{"line":7,"column":57}},"3":{"start":{"line":10,"column":7},"end":{"line":116,"column":null}},"4":{"start":{"line":11,"column":31},"end":{"line":11,"column":39}},"5":{"start":{"line":14,"column":23},"end":{"line":22,"column":6}},"6":{"start":{"line":23,"column":4},"end":{"line":25,"column":5}},"7":{"start":{"line":24,"column":6},"end":{"line":24,"column":66}},"8":{"start":{"line":27,"column":24},"end":{"line":31,"column":7}},"9":{"start":{"line":27,"column":50},"end":{"line":31,"column":6}},"10":{"start":{"line":33,"column":25},"end":{"line":48,"column":6}},"11":{"start":{"line":49,"column":4},"end":{"line":53,"column":5}},"12":{"start":{"line":50,"column":6},"end":{"line":52,"column":8}},"13":{"start":{"line":54,"column":21},"end":{"line":54,"column":54}},"14":{"start":{"line":54,"column":46},"end":{"line":54,"column":53}},"15":{"start":{"line":55,"column":26},"end":{"line":61,"column":6}},"16":{"start":{"line":62,"column":4},"end":{"line":66,"column":5}},"17":{"start":{"line":63,"column":6},"end":{"line":63,"column":78}},"18":{"start":{"line":65,"column":6},"end":{"line":65,"column":29}},"19":{"start":{"line":71,"column":28},"end":{"line":78,"column":6}},"20":{"start":{"line":80,"column":4},"end":{"line":93,"column":5}},"21":{"start":{"line":81,"column":6},"end":{"line":84,"column":8}},"22":{"start":{"line":85,"column":11},"end":{"line":93,"column":5}},"23":{"start":{"line":86,"column":6},"end":{"line":88,"column":7}},"24":{"start":{"line":87,"column":8},"end":{"line":87,"column":70}},"25":{"start":{"line":89,"column":6},"end":{"line":92,"column":8}},"26":{"start":{"line":95,"column":4},"end":{"line":95,"column":56}},"27":{"start":{"line":100,"column":28},"end":{"line":112,"column":6}},"28":{"start":{"line":114,"column":4},"end":{"line":114,"column":58}},"29":{"start":{"line":10,"column":13},"end":{"line":10,"column":26}},"30":{"start":{"line":10,"column":13},"end":{"line":116,"column":null}}},"fnMap":{"0":{"name":"(anonymous_2)","decl":{"start":{"line":11,"column":2},"end":{"line":11,"column":31}},"loc":{"start":{"line":11,"column":52},"end":{"line":11,"column":56}}},"1":{"name":"(anonymous_3)","decl":{"start":{"line":13,"column":2},"end":{"line":13,"column":7}},"loc":{"start":{"line":13,"column":35},"end":{"line":67,"column":3}}},"2":{"name":"(anonymous_4)","decl":{"start":{"line":27,"column":39},"end":{"line":27,"column":40}},"loc":{"start":{"line":27,"column":50},"end":{"line":31,"column":6}}},"3":{"name":"(anonymous_5)","decl":{"start":{"line":54,"column":36},"end":{"line":54,"column":37}},"loc":{"start":{"line":54,"column":46},"end":{"line":54,"column":53}}},"4":{"name":"(anonymous_6)","decl":{"start":{"line":69,"column":2},"end":{"line":69,"column":7}},"loc":{"start":{"line":69,"column":72},"end":{"line":96,"column":3}}},"5":{"name":"(anonymous_7)","decl":{"start":{"line":98,"column":2},"end":{"line":98,"column":7}},"loc":{"start":{"line":98,"column":52},"end":{"line":115,"column":3}}}},"branchMap":{"0":{"loc":{"start":{"line":23,"column":4},"end":{"line":25,"column":5}},"type":"if","locations":[{"start":{"line":23,"column":4},"end":{"line":25,"column":5}}]},"1":{"loc":{"start":{"line":49,"column":4},"end":{"line":53,"column":5}},"type":"if","locations":[{"start":{"line":49,"column":4},"end":{"line":53,"column":5}}]},"2":{"loc":{"start":{"line":62,"column":4},"end":{"line":66,"column":5}},"type":"if","locations":[{"start":{"line":62,"column":4},"end":{"line":66,"column":5}},{"start":{"line":64,"column":11},"end":{"line":66,"column":5}}]},"3":{"loc":{"start":{"line":69,"column":48},"end":{"line":69,"column":72}},"type":"default-arg","locations":[{"start":{"line":69,"column":68},"end":{"line":69,"column":72}}]},"4":{"loc":{"start":{"line":80,"column":4},"end":{"line":93,"column":5}},"type":"if","locations":[{"start":{"line":80,"column":4},"end":{"line":93,"column":5}},{"start":{"line":85,"column":11},"end":{"line":93,"column":5}}]},"5":{"loc":{"start":{"line":85,"column":11},"end":{"line":93,"column":5}},"type":"if","locations":[{"start":{"line":85,"column":11},"end":{"line":93,"column":5}}]},"6":{"loc":{"start":{"line":86,"column":6},"end":{"line":88,"column":7}},"type":"if","locations":[{"start":{"line":86,"column":6},"end":{"line":88,"column":7}}]}},"s":{"0":1,"1":1,"2":1,"3":1,"4":12,"5":4,"6":4,"7":1,"8":3,"9":6,"10":3,"11":3,"12":1,"13":2,"14":4,"15":2,"16":2,"17":1,"18":1,"19":3,"20":3,"21":1,"22":2,"23":2,"24":1,"25":1,"26":2,"27":1,"28":1,"29":1,"30":1},"f":{"0":12,"1":4,"2":6,"3":4,"4":3,"5":1},"b":{"0":[1],"1":[1],"2":[1,1],"3":[2],"4":[1,2],"5":[2],"6":[1]}}
,"D:\\CODE\\nestjs-challenge\\src\\payments\\stripe.service.ts": {"path":"D:\\CODE\\nestjs-challenge\\src\\payments\\stripe.service.ts","statementMap":{"0":{"start":{"line":1,"column":0},"end":{"line":1,"column":null}},"1":{"start":{"line":8,"column":0},"end":{"line":8,"column":28}},"2":{"start":{"line":9,"column":0},"end":{"line":9,"column":47}},"3":{"start":{"line":10,"column":0},"end":{"line":10,"column":57}},"4":{"start":{"line":14,"column":7},"end":{"line":201,"column":null}},"5":{"start":{"line":18,"column":12},"end":{"line":18,"column":27}},"6":{"start":{"line":19,"column":21},"end":{"line":19,"column":29}},"7":{"start":{"line":21,"column":4},"end":{"line":23,"column":7}},"8":{"start":{"line":27,"column":16},"end":{"line":27,"column":47}},"9":{"start":{"line":29,"column":4},"end":{"line":31,"column":5}},"10":{"start":{"line":30,"column":6},"end":{"line":30,"column":64}},"11":{"start":{"line":33,"column":17},"end":{"line":33,"column":25}},"12":{"start":{"line":34,"column":4},"end":{"line":36,"column":5}},"13":{"start":{"line":35,"column":6},"end":{"line":35,"column":52}},"14":{"start":{"line":39,"column":4},"end":{"line":47,"column":5}},"15":{"start":{"line":40,"column":6},"end":{"line":44,"column":8}},"16":{"start":{"line":46,"column":6},"end":{"line":46,"column":49}},"17":{"start":{"line":49,"column":27},"end":{"line":49,"column":68}},"18":{"start":{"line":50,"column":21},"end":{"line":50,"column":56}},"19":{"start":{"line":51,"column":23},"end":{"line":51,"column":60}},"20":{"start":{"line":53,"column":19},"end":{"line":60,"column":6}},"21":{"start":{"line":62,"column":4},"end":{"line":64,"column":5}},"22":{"start":{"line":63,"column":6},"end":{"line":63,"column":79}},"23":{"start":{"line":67,"column":4},"end":{"line":76,"column":5}},"24":{"start":{"line":69,"column":8},"end":{"line":69,"column":33}},"25":{"start":{"line":70,"column":8},"end":{"line":70,"column":14}},"26":{"start":{"line":72,"column":8},"end":{"line":72,"column":43}},"27":{"start":{"line":73,"column":8},"end":{"line":73,"column":14}},"28":{"start":{"line":75,"column":8},"end":{"line":75,"column":70}},"29":{"start":{"line":78,"column":4},"end":{"line":100,"column":7}},"30":{"start":{"line":102,"column":4},"end":{"line":102,"column":30}},"31":{"start":{"line":106,"column":4},"end":{"line":108,"column":5}},"32":{"start":{"line":107,"column":6},"end":{"line":107,"column":72}},"33":{"start":{"line":110,"column":19},"end":{"line":112,"column":6}},"34":{"start":{"line":113,"column":4},"end":{"line":117,"column":5}},"35":{"start":{"line":114,"column":6},"end":{"line":116,"column":8}},"36":{"start":{"line":119,"column":26},"end":{"line":125,"column":6}},"37":{"start":{"line":128,"column":4},"end":{"line":140,"column":5}},"38":{"start":{"line":129,"column":6},"end":{"line":137,"column":9}},"39":{"start":{"line":139,"column":6},"end":{"line":139,"column":58}},"40":{"start":{"line":142,"column":19},"end":{"line":149,"column":6}},"41":{"start":{"line":151,"column":4},"end":{"line":155,"column":6}},"42":{"start":{"line":160,"column":19},"end":{"line":162,"column":6}},"43":{"start":{"line":163,"column":4},"end":{"line":167,"column":5}},"44":{"start":{"line":164,"column":6},"end":{"line":166,"column":8}},"45":{"start":{"line":169,"column":4},"end":{"line":179,"column":7}},"46":{"start":{"line":185,"column":19},"end":{"line":187,"column":6}},"47":{"start":{"line":188,"column":4},"end":{"line":190,"column":5}},"48":{"start":{"line":189,"column":6},"end":{"line":189,"column":73}},"49":{"start":{"line":191,"column":4},"end":{"line":195,"column":5}},"50":{"start":{"line":192,"column":6},"end":{"line":194,"column":8}},"51":{"start":{"line":197,"column":4},"end":{"line":199,"column":7}},"52":{"start":{"line":14,"column":13},"end":{"line":14,"column":26}},"53":{"start":{"line":14,"column":13},"end":{"line":201,"column":null}}},"fnMap":{"0":{"name":"(anonymous_2)","decl":{"start":{"line":17,"column":2},"end":{"line":17,"column":null}},"loc":{"start":{"line":19,"column":42},"end":{"line":24,"column":3}}},"1":{"name":"(anonymous_3)","decl":{"start":{"line":26,"column":2},"end":{"line":26,"column":7}},"loc":{"start":{"line":26,"column":41},"end":{"line":103,"column":3}}},"2":{"name":"(anonymous_4)","decl":{"start":{"line":105,"column":2},"end":{"line":105,"column":7}},"loc":{"start":{"line":105,"column":77},"end":{"line":156,"column":3}}},"3":{"name":"(anonymous_5)","decl":{"start":{"line":158,"column":2},"end":{"line":158,"column":7}},"loc":{"start":{"line":158,"column":58},"end":{"line":180,"column":3}}},"4":{"name":"(anonymous_6)","decl":{"start":{"line":183,"column":2},"end":{"line":183,"column":7}},"loc":{"start":{"line":183,"column":70},"end":{"line":200,"column":3}}}},"branchMap":{"0":{"loc":{"start":{"line":29,"column":4},"end":{"line":31,"column":5}},"type":"if","locations":[{"start":{"line":29,"column":4},"end":{"line":31,"column":5}}]},"1":{"loc":{"start":{"line":34,"column":4},"end":{"line":36,"column":5}},"type":"if","locations":[{"start":{"line":34,"column":4},"end":{"line":36,"column":5}}]},"2":{"loc":{"start":{"line":62,"column":4},"end":{"line":64,"column":5}},"type":"if","locations":[{"start":{"line":62,"column":4},"end":{"line":64,"column":5}}]},"3":{"loc":{"start":{"line":67,"column":4},"end":{"line":76,"column":5}},"type":"switch","locations":[{"start":{"line":68,"column":6},"end":{"line":70,"column":14}},{"start":{"line":71,"column":6},"end":{"line":73,"column":14}},{"start":{"line":74,"column":6},"end":{"line":75,"column":70}}]},"4":{"loc":{"start":{"line":106,"column":4},"end":{"line":108,"column":5}},"type":"if","locations":[{"start":{"line":106,"column":4},"end":{"line":108,"column":5}}]},"5":{"loc":{"start":{"line":113,"column":4},"end":{"line":117,"column":5}},"type":"if","locations":[{"start":{"line":113,"column":4},"end":{"line":117,"column":5}}]},"6":{"loc":{"start":{"line":163,"column":4},"end":{"line":167,"column":5}},"type":"if","locations":[{"start":{"line":163,"column":4},"end":{"line":167,"column":5}}]},"7":{"loc":{"start":{"line":188,"column":4},"end":{"line":190,"column":5}},"type":"if","locations":[{"start":{"line":188,"column":4},"end":{"line":190,"column":5}}]},"8":{"loc":{"start":{"line":191,"column":4},"end":{"line":195,"column":5}},"type":"if","locations":[{"start":{"line":191,"column":4},"end":{"line":195,"column":5}}]}},"s":{"0":1,"1":1,"2":1,"3":1,"4":1,"5":24,"6":24,"7":24,"8":7,"9":7,"10":1,"11":6,"12":6,"13":1,"14":5,"15":5,"16":1,"17":4,"18":4,"19":4,"20":4,"21":4,"22":1,"23":3,"24":1,"25":1,"26":1,"27":1,"28":1,"29":2,"30":2,"31":6,"32":2,"33":4,"34":4,"35":1,"36":3,"37":3,"38":3,"39":2,"40":1,"41":1,"42":2,"43":2,"44":1,"45":1,"46":3,"47":3,"48":1,"49":2,"50":1,"51":1,"52":1,"53":1},"f":{"0":24,"1":7,"2":6,"3":2,"4":3},"b":{"0":[1],"1":[1],"2":[1],"3":[1,1,1],"4":[2],"5":[1],"6":[1],"7":[1],"8":[1]}}
,"D:\\CODE\\nestjs-challenge\\src\\prisma\\prisma.service.ts": {"path":"D:\\CODE\\nestjs-challenge\\src\\prisma\\prisma.service.ts","statementMap":{"0":{"start":{"line":1,"column":0},"end":{"line":1,"column":58}},"1":{"start":{"line":2,"column":0},"end":{"line":2,"column":46}},"2":{"start":{"line":5,"column":7},"end":{"line":9,"column":null}},"3":{"start":{"line":7,"column":4},"end":{"line":7,"column":26}},"4":{"start":{"line":5,"column":13},"end":{"line":5,"column":26}},"5":{"start":{"line":5,"column":13},"end":{"line":9,"column":null}}},"fnMap":{"0":{"name":"(anonymous_1)","decl":{"start":{"line":6,"column":2},"end":{"line":6,"column":7}},"loc":{"start":{"line":6,"column":20},"end":{"line":8,"column":3}}}},"branchMap":{},"s":{"0":9,"1":9,"2":9,"3":1,"4":9,"5":9},"f":{"0":1},"b":{}}
,"D:\\CODE\\nestjs-challenge\\src\\products\\products.service.ts": {"path":"D:\\CODE\\nestjs-challenge\\src\\products\\products.service.ts","statementMap":{"0":{"start":{"line":1,"column":0},"end":{"line":1,"column":null}},"1":{"start":{"line":7,"column":0},"end":{"line":7,"column":57}},"2":{"start":{"line":8,"column":0},"end":{"line":8,"column":39}},"3":{"start":{"line":16,"column":7},"end":{"line":264,"column":null}},"4":{"start":{"line":17,"column":22},"end":{"line":17,"column":30}},"5":{"start":{"line":20,"column":4},"end":{"line":35,"column":7}},"6":{"start":{"line":25,"column":48},"end":{"line":25,"column":58}},"7":{"start":{"line":40,"column":26},"end":{"line":42,"column":6}},"8":{"start":{"line":43,"column":4},"end":{"line":45,"column":5}},"9":{"start":{"line":44,"column":6},"end":{"line":44,"column":56}},"10":{"start":{"line":49,"column":4},"end":{"line":55,"column":5}},"11":{"start":{"line":52,"column":6},"end":{"line":54,"column":8}},"12":{"start":{"line":57,"column":21},"end":{"line":57,"column":23}},"13":{"start":{"line":58,"column":4},"end":{"line":60,"column":5}},"14":{"start":{"line":59,"column":6},"end":{"line":59,"column":35}},"15":{"start":{"line":61,"column":4},"end":{"line":63,"column":5}},"16":{"start":{"line":62,"column":6},"end":{"line":62,"column":49}},"17":{"start":{"line":64,"column":4},"end":{"line":68,"column":5}},"18":{"start":{"line":65,"column":6},"end":{"line":67,"column":8}},"19":{"start":{"line":66,"column":42},"end":{"line":66,"column":52}},"20":{"start":{"line":69,"column":4},"end":{"line":71,"column":5}},"21":{"start":{"line":70,"column":6},"end":{"line":70,"column":51}},"22":{"start":{"line":73,"column":4},"end":{"line":80,"column":7}},"23":{"start":{"line":84,"column":19},"end":{"line":84,"column":21}},"24":{"start":{"line":85,"column":23},"end":{"line":85,"column":44}},"25":{"start":{"line":87,"column":4},"end":{"line":89,"column":5}},"26":{"start":{"line":88,"column":6},"end":{"line":88,"column":37}},"27":{"start":{"line":91,"column":4},"end":{"line":93,"column":5}},"28":{"start":{"line":92,"column":6},"end":{"line":92,"column":38}},"29":{"start":{"line":95,"column":4},"end":{"line":103,"column":5}},"30":{"start":{"line":96,"column":6},"end":{"line":102,"column":8}},"31":{"start":{"line":105,"column":4},"end":{"line":111,"column":5}},"32":{"start":{"line":106,"column":6},"end":{"line":106,"column":35}},"33":{"start":{"line":109,"column":6},"end":{"line":109,"column":36}},"34":{"start":{"line":110,"column":6},"end":{"line":110,"column":35}},"35":{"start":{"line":113,"column":4},"end":{"line":115,"column":5}},"36":{"start":{"line":117,"column":4},"end":{"line":119,"column":5}},"37":{"start":{"line":118,"column":6},"end":{"line":118,"column":51}},"38":{"start":{"line":121,"column":4},"end":{"line":130,"column":7}},"39":{"start":{"line":134,"column":19},"end":{"line":134,"column":29}},"40":{"start":{"line":136,"column":4},"end":{"line":142,"column":5}},"41":{"start":{"line":137,"column":6},"end":{"line":137,"column":35}},"42":{"start":{"line":140,"column":6},"end":{"line":140,"column":36}},"43":{"start":{"line":141,"column":6},"end":{"line":141,"column":35}},"44":{"start":{"line":144,"column":4},"end":{"line":152,"column":7}},"45":{"start":{"line":156,"column":4},"end":{"line":167,"column":5}},"46":{"start":{"line":157,"column":6},"end":{"line":159,"column":9}},"47":{"start":{"line":161,"column":6},"end":{"line":166,"column":9}},"48":{"start":{"line":175,"column":4},"end":{"line":177,"column":5}},"49":{"start":{"line":176,"column":6},"end":{"line":176,"column":79}},"50":{"start":{"line":179,"column":21},"end":{"line":179,"column":23}},"51":{"start":{"line":180,"column":4},"end":{"line":182,"column":5}},"52":{"start":{"line":181,"column":6},"end":{"line":181,"column":37}},"53":{"start":{"line":183,"column":4},"end":{"line":185,"column":5}},"54":{"start":{"line":184,"column":6},"end":{"line":184,"column":37}},"55":{"start":{"line":186,"column":4},"end":{"line":188,"column":5}},"56":{"start":{"line":187,"column":6},"end":{"line":187,"column":37}},"57":{"start":{"line":190,"column":4},"end":{"line":197,"column":7}},"58":{"start":{"line":205,"column":4},"end":{"line":214,"column":7}},"59":{"start":{"line":218,"column":19},"end":{"line":223,"column":6}},"60":{"start":{"line":225,"column":4},"end":{"line":227,"column":5}},"61":{"start":{"line":226,"column":6},"end":{"line":226,"column":66}},"62":{"start":{"line":230,"column":34},"end":{"line":232,"column":6}},"63":{"start":{"line":234,"column":4},"end":{"line":238,"column":5}},"64":{"start":{"line":235,"column":6},"end":{"line":237,"column":8}},"65":{"start":{"line":240,"column":19},"end":{"line":242,"column":6}},"66":{"start":{"line":244,"column":4},"end":{"line":249,"column":8}},"67":{"start":{"line":245,"column":6},"end":{"line":245,"column":42}},"68":{"start":{"line":247,"column":6},"end":{"line":249,"column":8}},"69":{"start":{"line":255,"column":4},"end":{"line":262,"column":7}},"70":{"start":{"line":16,"column":13},"end":{"line":16,"column":28}},"71":{"start":{"line":16,"column":13},"end":{"line":264,"column":null}}},"fnMap":{"0":{"name":"(anonymous_2)","decl":{"start":{"line":17,"column":2},"end":{"line":17,"column":22}},"loc":{"start":{"line":17,"column":43},"end":{"line":17,"column":47}}},"1":{"name":"(anonymous_3)","decl":{"start":{"line":19,"column":2},"end":{"line":19,"column":7}},"loc":{"start":{"line":19,"column":62},"end":{"line":36,"column":3}}},"2":{"name":"(anonymous_4)","decl":{"start":{"line":25,"column":39},"end":{"line":25,"column":40}},"loc":{"start":{"line":25,"column":48},"end":{"line":25,"column":58}}},"3":{"name":"(anonymous_5)","decl":{"start":{"line":38,"column":2},"end":{"line":38,"column":7}},"loc":{"start":{"line":38,"column":62},"end":{"line":81,"column":3}}},"4":{"name":"(anonymous_6)","decl":{"start":{"line":66,"column":33},"end":{"line":66,"column":34}},"loc":{"start":{"line":66,"column":42},"end":{"line":66,"column":52}}},"5":{"name":"(anonymous_7)","decl":{"start":{"line":83,"column":2},"end":{"line":83,"column":7}},"loc":{"start":{"line":83,"column":57},"end":{"line":131,"column":3}}},"6":{"name":"(anonymous_8)","decl":{"start":{"line":133,"column":2},"end":{"line":133,"column":7}},"loc":{"start":{"line":133,"column":46},"end":{"line":153,"column":3}}},"7":{"name":"(anonymous_9)","decl":{"start":{"line":155,"column":2},"end":{"line":155,"column":7}},"loc":{"start":{"line":155,"column":71},"end":{"line":168,"column":3}}},"8":{"name":"(anonymous_10)","decl":{"start":{"line":170,"column":2},"end":{"line":170,"column":7}},"loc":{"start":{"line":172,"column":18},"end":{"line":198,"column":3}}},"9":{"name":"(anonymous_11)","decl":{"start":{"line":200,"column":2},"end":{"line":200,"column":7}},"loc":{"start":{"line":202,"column":18},"end":{"line":215,"column":3}}},"10":{"name":"(anonymous_12)","decl":{"start":{"line":217,"column":2},"end":{"line":217,"column":7}},"loc":{"start":{"line":217,"column":41},"end":{"line":250,"column":3}}},"11":{"name":"(anonymous_13)","decl":{"start":{"line":252,"column":2},"end":{"line":252,"column":7}},"loc":{"start":{"line":252,"column":57},"end":{"line":263,"column":3}}}},"branchMap":{"0":{"loc":{"start":{"line":43,"column":4},"end":{"line":45,"column":5}},"type":"if","locations":[{"start":{"line":43,"column":4},"end":{"line":45,"column":5}}]},"1":{"loc":{"start":{"line":49,"column":4},"end":{"line":55,"column":5}},"type":"if","locations":[{"start":{"line":49,"column":4},"end":{"line":55,"column":5}}]},"2":{"loc":{"start":{"line":50,"column":8},"end":{"line":50,"column":77}},"type":"binary-expr","locations":[{"start":{"line":50,"column":8},"end":{"line":50,"column":17}},{"start":{"line":50,"column":21},"end":{"line":50,"column":37}},{"start":{"line":50,"column":41},"end":{"line":50,"column":56}},{"start":{"line":50,"column":60},"end":{"line":50,"column":77}}]},"3":{"loc":{"start":{"line":58,"column":4},"end":{"line":60,"column":5}},"type":"if","locations":[{"start":{"line":58,"column":4},"end":{"line":60,"column":5}}]},"4":{"loc":{"start":{"line":61,"column":4},"end":{"line":63,"column":5}},"type":"if","locations":[{"start":{"line":61,"column":4},"end":{"line":63,"column":5}}]},"5":{"loc":{"start":{"line":64,"column":4},"end":{"line":68,"column":5}},"type":"if","locations":[{"start":{"line":64,"column":4},"end":{"line":68,"column":5}}]},"6":{"loc":{"start":{"line":69,"column":4},"end":{"line":71,"column":5}},"type":"if","locations":[{"start":{"line":69,"column":4},"end":{"line":71,"column":5}}]},"7":{"loc":{"start":{"line":87,"column":4},"end":{"line":89,"column":5}},"type":"if","locations":[{"start":{"line":87,"column":4},"end":{"line":89,"column":5}}]},"8":{"loc":{"start":{"line":91,"column":4},"end":{"line":93,"column":5}},"type":"if","locations":[{"start":{"line":91,"column":4},"end":{"line":93,"column":5}}]},"9":{"loc":{"start":{"line":95,"column":4},"end":{"line":103,"column":5}},"type":"if","locations":[{"start":{"line":95,"column":4},"end":{"line":103,"column":5}}]},"10":{"loc":{"start":{"line":95,"column":8},"end":{"line":95,"column":65}},"type":"binary-expr","locations":[{"start":{"line":95,"column":8},"end":{"line":95,"column":29}},{"start":{"line":95,"column":33},"end":{"line":95,"column":65}}]},"11":{"loc":{"start":{"line":105,"column":4},"end":{"line":111,"column":5}},"type":"if","locations":[{"start":{"line":105,"column":4},"end":{"line":111,"column":5}},{"start":{"line":107,"column":11},"end":{"line":111,"column":5}}]},"12":{"loc":{"start":{"line":113,"column":4},"end":{"line":115,"column":5}},"type":"if","locations":[{"start":{"line":113,"column":4},"end":{"line":115,"column":5}}]},"13":{"loc":{"start":{"line":113,"column":8},"end":{"line":113,"column":51}},"type":"binary-expr","locations":[{"start":{"line":113,"column":8},"end":{"line":113,"column":24}},{"start":{"line":113,"column":28},"end":{"line":113,"column":51}}]},"14":{"loc":{"start":{"line":117,"column":4},"end":{"line":119,"column":5}},"type":"if","locations":[{"start":{"line":117,"column":4},"end":{"line":119,"column":5}}]},"15":{"loc":{"start":{"line":117,"column":8},"end":{"line":117,"column":49}},"type":"binary-expr","locations":[{"start":{"line":117,"column":8},"end":{"line":117,"column":21}},{"start":{"line":117,"column":25},"end":{"line":117,"column":49}}]},"16":{"loc":{"start":{"line":136,"column":4},"end":{"line":142,"column":5}},"type":"if","locations":[{"start":{"line":136,"column":4},"end":{"line":142,"column":5}},{"start":{"line":138,"column":11},"end":{"line":142,"column":5}}]},"17":{"loc":{"start":{"line":155,"column":44},"end":{"line":155,"column":71}},"type":"default-arg","locations":[{"start":{"line":155,"column":66},"end":{"line":155,"column":71}}]},"18":{"loc":{"start":{"line":156,"column":4},"end":{"line":167,"column":5}},"type":"if","locations":[{"start":{"line":156,"column":4},"end":{"line":167,"column":5}},{"start":{"line":160,"column":11},"end":{"line":167,"column":5}}]},"19":{"loc":{"start":{"line":175,"column":4},"end":{"line":177,"column":5}},"type":"if","locations":[{"start":{"line":175,"column":4},"end":{"line":177,"column":5}}]},"20":{"loc":{"start":{"line":175,"column":10},"end":{"line":175,"column":48}},"type":"binary-expr","locations":[{"start":{"line":175,"column":10},"end":{"line":175,"column":20}},{"start":{"line":175,"column":24},"end":{"line":175,"column":34}},{"start":{"line":175,"column":38},"end":{"line":175,"column":48}}]},"21":{"loc":{"start":{"line":180,"column":4},"end":{"line":182,"column":5}},"type":"if","locations":[{"start":{"line":180,"column":4},"end":{"line":182,"column":5}}]},"22":{"loc":{"start":{"line":183,"column":4},"end":{"line":185,"column":5}},"type":"if","locations":[{"start":{"line":183,"column":4},"end":{"line":185,"column":5}}]},"23":{"loc":{"start":{"line":186,"column":4},"end":{"line":188,"column":5}},"type":"if","locations":[{"start":{"line":186,"column":4},"end":{"line":188,"column":5}}]},"24":{"loc":{"start":{"line":225,"column":4},"end":{"line":227,"column":5}},"type":"if","locations":[{"start":{"line":225,"column":4},"end":{"line":227,"column":5}}]},"25":{"loc":{"start":{"line":234,"column":4},"end":{"line":238,"column":5}},"type":"if","locations":[{"start":{"line":234,"column":4},"end":{"line":238,"column":5}}]},"26":{"loc":{"start":{"line":244,"column":4},"end":{"line":249,"column":8}},"type":"if","locations":[{"start":{"line":244,"column":4},"end":{"line":249,"column":8}},{"start":{"line":247,"column":6},"end":{"line":249,"column":8}}]}},"s":{"0":2,"1":2,"2":2,"3":2,"4":26,"5":1,"6":1,"7":3,"8":3,"9":1,"10":2,"11":1,"12":1,"13":1,"14":1,"15":1,"16":1,"17":1,"18":1,"19":1,"20":1,"21":0,"22":1,"23":0,"24":0,"25":0,"26":0,"27":0,"28":0,"29":0,"30":0,"31":0,"32":0,"33":0,"34":0,"35":0,"36":0,"37":0,"38":0,"39":0,"40":0,"41":0,"42":0,"43":0,"44":0,"45":2,"46":2,"47":0,"48":0,"49":0,"50":0,"51":0,"52":0,"53":0,"54":0,"55":0,"56":0,"57":0,"58":0,"59":0,"60":0,"61":0,"62":0,"63":0,"64":0,"65":0,"66":0,"67":0,"68":0,"69":0,"70":2,"71":2},"f":{"0":26,"1":1,"2":1,"3":3,"4":1,"5":0,"6":0,"7":2,"8":0,"9":0,"10":0,"11":0},"b":{"0":[1],"1":[1],"2":[2,1,1,1],"3":[1],"4":[1],"5":[1],"6":[0],"7":[0],"8":[0],"9":[0],"10":[0,0],"11":[0,0],"12":[0],"13":[0,0],"14":[0],"15":[0,0],"16":[0,0],"17":[0],"18":[2,0],"19":[0],"20":[0,0,0],"21":[0],"22":[0],"23":[0],"24":[0],"25":[0],"26":[0,0]}}
}
