TN:
SF:src\auth\auth.service.ts
FN:18,(anonymous_2)
FN:32,(anonymous_3)
FN:41,(anonymous_4)
FN:53,(anonymous_5)
FN:104,(anonymous_6)
FN:119,(anonymous_7)
FN:127,(anonymous_8)
FN:147,(anonymous_9)
FN:176,(anonymous_10)
FN:195,(anonymous_11)
FN:206,(anonymous_12)
FN:250,(anonymous_13)
FNF:12
FNH:12
FNDA:43,(anonymous_2)
FNDA:5,(anonymous_3)
FNDA:6,(anonymous_4)
FNDA:6,(anonymous_5)
FNDA:1,(anonymous_6)
FNDA:1,(anonymous_7)
FNDA:1,(anonymous_8)
FNDA:1,(anonymous_9)
FNDA:2,(anonymous_10)
FNDA:1,(anonymous_11)
FNDA:3,(anonymous_12)
FNDA:5,(anonymous_13)
DA:1,2
DA:3,2
DA:4,2
DA:5,2
DA:6,2
DA:7,2
DA:9,2
DA:12,2
DA:13,2
DA:17,2
DA:19,43
DA:20,43
DA:21,43
DA:22,43
DA:23,43
DA:38,5
DA:39,2
DA:41,2
DA:42,6
DA:43,6
DA:44,6
DA:47,2
DA:48,1
DA:54,6
DA:55,1
DA:58,5
DA:61,5
DA:62,1
DA:65,4
DA:66,4
DA:67,4
DA:68,3
DA:69,3
DA:70,3
DA:71,2
DA:72,1
DA:73,1
DA:74,1
DA:79,4
DA:97,4
DA:101,4
DA:105,1
DA:106,1
DA:107,1
DA:110,1
DA:120,1
DA:121,1
DA:132,1
DA:133,1
DA:134,1
DA:137,1
DA:148,1
DA:151,1
DA:156,1
DA:160,1
DA:166,1
DA:170,1
DA:177,2
DA:179,2
DA:196,1
DA:197,1
DA:207,3
DA:210,2
DA:214,2
DA:218,2
DA:219,1
DA:224,1
DA:225,1
DA:226,1
DA:238,1
DA:242,1
DA:243,1
DA:251,5
DA:252,1
DA:255,4
DA:256,4
DA:258,2
DA:263,2
DA:265,2
DA:266,1
DA:267,1
DA:271,1
LF:82
LH:82
BRDA:34,0,0,5
BRDA:35,1,0,5
BRDA:38,2,0,2
BRDA:38,3,0,5
BRDA:38,3,1,4
BRDA:47,4,0,1
BRDA:54,5,0,1
BRDA:61,6,0,1
BRDA:67,7,0,3
BRDA:70,8,0,2
BRDA:71,9,0,1
BRDA:71,9,1,1
BRDA:73,10,0,1
BRDA:106,11,0,1
BRDA:133,12,0,1
BRDA:218,13,0,1
BRDA:218,13,1,1
BRDA:251,14,0,1
BRDA:265,15,0,1
BRDA:265,15,1,1
BRF:20
BRH:20
end_of_record
TN:
SF:src\auth\guards\auth.guard.ts
FN:17,(anonymous_2)
FN:22,(anonymous_3)
FNF:2
FNH:2
FNDA:13,(anonymous_2)
FNDA:11,(anonymous_3)
DA:1,1
DA:7,1
DA:8,1
DA:9,1
DA:10,1
DA:11,1
DA:12,1
DA:13,1
DA:16,1
DA:18,13
DA:19,13
DA:20,13
DA:23,11
DA:27,11
DA:28,1
DA:31,10
DA:35,10
DA:36,3
DA:37,3
DA:38,3
DA:40,7
DA:43,10
DA:49,10
DA:51,2
DA:52,1
DA:54,1
DA:56,2
DA:59,8
DA:60,1
DA:62,7
DA:64,7
DA:65,7
DA:67,1
DA:70,6
DA:72,6
DA:73,1
DA:75,5
DA:76,2
DA:82,3
DA:83,3
DA:84,3
DA:85,1
DA:89,2
DA:90,1
DA:91,1
DA:93,1
DA:94,1
DA:97,2
LF:48
LH:48
BRDA:27,0,0,1
BRDA:35,1,0,3
BRDA:35,1,1,7
BRDA:49,2,0,2
BRDA:49,3,0,10
BRDA:49,3,1,2
BRDA:51,4,0,1
BRDA:51,4,1,1
BRDA:59,5,0,1
BRDA:59,6,0,8
BRDA:59,6,1,8
BRDA:72,7,0,1
BRDA:75,8,0,2
BRDA:84,9,0,1
BRDA:89,10,0,1
BRDA:89,10,1,1
BRF:16
BRH:16
end_of_record
TN:
SF:src\auth\guards\roles.guard.ts
FN:14,(anonymous_2)
FN:16,(anonymous_3)
FNF:2
FNH:2
FNDA:7,(anonymous_2)
FNDA:5,(anonymous_3)
DA:1,1
DA:8,1
DA:9,1
DA:10,1
DA:13,1
DA:14,7
DA:19,5
DA:23,5
DA:24,1
DA:29,4
DA:30,2
DA:31,2
DA:33,2
DA:36,4
DA:37,2
DA:39,2
LF:16
LH:16
BRDA:23,0,0,1
BRDA:29,1,0,2
BRDA:29,1,1,2
BRDA:36,2,0,2
BRDA:36,2,1,2
BRDA:36,3,0,4
BRDA:36,3,1,4
BRF:7
BRH:7
end_of_record
TN:
SF:src\carts\carts.service.ts
FN:6,(anonymous_2)
FN:7,(anonymous_3)
FN:43,(anonymous_4)
FN:62,(anonymous_5)
FNF:4
FNH:4
FNDA:11,(anonymous_2)
FNDA:3,(anonymous_3)
FNDA:3,(anonymous_4)
FNDA:1,(anonymous_5)
DA:1,1
DA:2,1
DA:5,1
DA:6,11
DA:8,3
DA:11,3
DA:12,1
DA:15,2
DA:21,2
DA:22,1
DA:29,1
DA:44,3
DA:47,3
DA:48,1
DA:51,2
DA:55,2
DA:56,1
DA:58,1
DA:63,1
LF:19
LH:19
BRDA:11,0,0,1
BRDA:21,1,0,1
BRDA:21,1,1,1
BRDA:47,2,0,1
BRDA:55,3,0,1
BRDA:55,3,1,1
BRF:6
BRH:6
end_of_record
TN:
SF:src\categories\categories.service.ts
FN:11,(anonymous_2)
FN:13,(anonymous_3)
FN:28,(anonymous_4)
FNF:3
FNH:3
FNDA:8,(anonymous_2)
FNDA:2,(anonymous_3)
FNDA:3,(anonymous_4)
DA:1,1
DA:7,1
DA:10,1
DA:11,8
DA:14,2
DA:17,2
DA:18,1
DA:21,1
DA:29,3
DA:33,3
DA:34,1
DA:37,2
DA:43,2
DA:44,1
DA:46,1
LF:15
LH:15
BRDA:17,0,0,1
BRDA:33,1,0,1
BRDA:43,2,0,1
BRDA:43,2,1,1
BRF:4
BRH:4
end_of_record
TN:
SF:src\common\decorators\public.decorator.ts
FN:4,(anonymous_0)
FNF:1
FNH:1
FNDA:2,(anonymous_0)
DA:1,2
DA:3,2
DA:4,2
LF:3
LH:3
BRF:0
BRH:0
end_of_record
TN:
SF:src\common\decorators\public_and_private.decorator.ts
FN:4,(anonymous_0)
FNF:1
FNH:1
FNDA:2,(anonymous_0)
DA:1,2
DA:3,2
DA:4,2
LF:3
LH:3
BRF:0
BRH:0
end_of_record
TN:
SF:src\common\decorators\requires-role.decorator.ts
FN:19,(anonymous_0)
FNF:1
FNH:1
FNDA:8,(anonymous_0)
DA:1,3
DA:4,3
DA:19,8
LF:3
LH:3
BRF:0
BRH:0
end_of_record
TN:
SF:src\common\filters\global-exception.filter.ts
FN:11,(anonymous_1)
FNF:1
FNH:1
FNDA:4,(anonymous_1)
DA:1,1
DA:7,1
DA:10,1
DA:15,4
DA:16,1
DA:17,1
DA:19,3
DA:20,3
DA:27,4
DA:28,3
DA:30,1
DA:31,1
DA:32,1
DA:34,1
DA:40,1
DA:41,1
DA:42,1
DA:45,1
LF:18
LH:18
BRDA:15,0,0,1
BRDA:15,0,1,3
BRDA:27,1,0,3
BRDA:27,1,1,1
BRDA:41,2,0,1
BRF:5
BRH:5
end_of_record
TN:
SF:src\common\tasks\tasks.service.ts
FN:8,(anonymous_2)
FN:14,(anonymous_3)
FN:24,(anonymous_4)
FN:29,(anonymous_5)
FNF:4
FNH:1
FNDA:1,(anonymous_2)
FNDA:0,(anonymous_3)
FNDA:0,(anonymous_4)
FNDA:0,(anonymous_5)
DA:1,1
DA:2,1
DA:3,1
DA:4,1
DA:7,1
DA:9,1
DA:10,1
DA:14,1
DA:15,0
DA:24,1
DA:25,0
DA:26,0
DA:27,0
DA:29,0
DA:30,0
DA:37,0
DA:40,0
LF:17
LH:9
BRDA:26,0,0,0
BRF:1
BRH:0
end_of_record
TN:
SF:src\emails\emails.service.ts
FN:5,(anonymous_2)
FN:15,(anonymous_3)
FN:19,(anonymous_4)
FN:41,(anonymous_5)
FN:43,(anonymous_6)
FN:65,(anonymous_7)
FNF:6
FNH:4
FNDA:4,(anonymous_2)
FNDA:45,(anonymous_3)
FNDA:7,(anonymous_4)
FNDA:0,(anonymous_5)
FNDA:0,(anonymous_6)
FNDA:7,(anonymous_7)
DA:1,4
DA:2,4
DA:3,4
DA:5,4
DA:6,4
DA:7,4
DA:8,4
DA:9,4
DA:10,4
DA:14,4
DA:16,45
DA:23,7
DA:24,7
DA:31,7
DA:32,7
DA:34,0
DA:35,0
DA:42,0
DA:43,0
DA:44,0
DA:48,0
DA:55,0
DA:56,0
DA:58,0
DA:59,0
DA:72,7
DA:74,1
DA:81,1
DA:88,1
DA:89,0
DA:93,1
DA:100,4
DA:101,0
DA:105,4
DA:112,0
DA:113,0
DA:117,0
DA:125,0
LF:38
LH:22
BRDA:5,0,0,4
BRDA:5,0,1,4
BRDA:21,1,0,2
BRDA:67,2,0,0
BRDA:72,3,0,1
BRDA:72,3,1,1
BRDA:72,3,2,1
BRDA:72,3,3,4
BRDA:72,3,4,0
BRDA:72,3,5,0
BRDA:88,4,0,0
BRDA:100,5,0,0
BRDA:112,6,0,0
BRDA:112,7,0,0
BRDA:112,7,1,0
BRF:15
BRH:7
end_of_record
TN:
SF:src\images\images.service.ts
FN:14,(anonymous_2)
FN:26,(anonymous_3)
FN:68,(anonymous_4)
FNF:3
FNH:3
FNDA:12,(anonymous_2)
FNDA:5,(anonymous_3)
FNDA:3,(anonymous_4)
DA:1,1
DA:7,1
DA:8,1
DA:9,1
DA:10,1
DA:13,1
DA:15,12
DA:16,12
DA:17,12
DA:19,12
DA:31,5
DA:32,1
DA:35,4
DA:39,4
DA:40,2
DA:43,2
DA:46,2
DA:47,1
DA:52,1
DA:69,3
DA:72,3
DA:73,1
DA:76,2
DA:78,2
DA:79,1
DA:83,1
LF:26
LH:26
BRDA:31,0,0,1
BRDA:39,1,0,2
BRDA:46,2,0,1
BRDA:72,3,0,1
BRDA:78,4,0,1
BRDA:78,4,1,1
BRDA:78,5,0,2
BRDA:78,5,1,2
BRDA:78,5,2,2
BRF:9
BRH:9
end_of_record
TN:
SF:src\likes\likes.service.ts
FN:7,(anonymous_2)
FN:8,(anonymous_3)
FN:40,(anonymous_4)
FN:58,(anonymous_5)
FN:115,(anonymous_6)
FNF:5
FNH:4
FNDA:10,(anonymous_2)
FNDA:3,(anonymous_3)
FNDA:2,(anonymous_4)
FNDA:0,(anonymous_5)
FNDA:1,(anonymous_6)
DA:1,1
DA:2,1
DA:6,1
DA:7,10
DA:9,3
DA:12,3
DA:13,1
DA:16,2
DA:22,2
DA:23,1
DA:28,1
DA:41,2
DA:44,2
DA:45,1
DA:48,1
DA:52,1
DA:63,0
DA:66,0
DA:67,0
DA:70,0
DA:77,0
DA:86,0
DA:87,0
DA:101,0
DA:104,0
DA:105,0
DA:110,0
DA:116,1
LF:28
LH:17
BRDA:12,0,0,1
BRDA:22,1,0,1
BRDA:44,2,0,1
BRDA:66,3,0,0
BRDA:86,4,0,0
BRDA:86,4,1,0
BRDA:104,5,0,0
BRDA:104,5,1,0
BRF:8
BRH:3
end_of_record
TN:
SF:src\orders\orders.service.ts
FN:11,(anonymous_2)
FN:13,(anonymous_3)
FN:36,(anonymous_4)
FN:59,(anonymous_5)
FN:74,(anonymous_6)
FN:95,(anonymous_7)
FN:107,(anonymous_8)
FNF:7
FNH:6
FNDA:12,(anonymous_2)
FNDA:4,(anonymous_3)
FNDA:6,(anonymous_4)
FNDA:4,(anonymous_5)
FNDA:3,(anonymous_6)
FNDA:1,(anonymous_7)
FNDA:0,(anonymous_8)
DA:1,1
DA:6,1
DA:7,1
DA:10,1
DA:11,12
DA:14,4
DA:32,4
DA:33,1
DA:36,6
DA:42,3
DA:54,3
DA:55,1
DA:59,4
DA:60,2
DA:67,2
DA:68,1
DA:70,1
DA:75,3
DA:77,3
DA:78,1
DA:82,2
DA:83,2
DA:84,1
DA:86,1
DA:92,2
DA:96,1
DA:104,1
DA:108,0
LF:28
LH:27
BRDA:32,0,0,1
BRDA:54,1,0,1
BRDA:67,2,0,1
BRDA:67,2,1,1
BRDA:74,3,0,2
BRDA:77,4,0,1
BRDA:77,4,1,2
BRDA:82,5,0,2
BRDA:83,6,0,1
BRF:9
BRH:9
end_of_record
TN:
SF:src\payments\stripe.service.ts
FN:17,(anonymous_2)
FN:26,(anonymous_3)
FN:37,(anonymous_4)
FN:116,(anonymous_5)
FN:169,(anonymous_6)
FN:194,(anonymous_7)
FNF:6
FNH:5
FNDA:24,(anonymous_2)
FNDA:0,(anonymous_3)
FNDA:7,(anonymous_4)
FNDA:6,(anonymous_5)
FNDA:2,(anonymous_6)
FNDA:3,(anonymous_7)
DA:1,1
DA:8,1
DA:9,1
DA:10,1
DA:14,1
DA:18,24
DA:19,24
DA:21,24
DA:27,0
DA:38,7
DA:40,7
DA:41,1
DA:44,6
DA:45,6
DA:46,1
DA:50,5
DA:51,5
DA:57,1
DA:60,4
DA:61,4
DA:62,4
DA:64,4
DA:73,4
DA:74,1
DA:78,3
DA:80,1
DA:81,1
DA:83,1
DA:84,1
DA:86,1
DA:89,2
DA:113,2
DA:117,6
DA:118,2
DA:121,4
DA:124,4
DA:125,1
DA:130,3
DA:139,3
DA:140,3
DA:150,2
DA:153,1
DA:162,1
DA:171,2
DA:174,2
DA:175,1
DA:180,1
DA:196,3
DA:199,3
DA:200,1
DA:202,2
DA:203,1
DA:208,1
LF:53
LH:52
BRDA:40,0,0,1
BRDA:45,1,0,1
BRDA:73,2,0,1
BRDA:78,3,0,1
BRDA:78,3,1,1
BRDA:78,3,2,1
BRDA:117,4,0,2
BRDA:124,5,0,1
BRDA:174,6,0,1
BRDA:199,7,0,1
BRDA:202,8,0,1
BRF:11
BRH:11
end_of_record
TN:
SF:src\prisma\prisma.service.ts
FN:6,(anonymous_1)
FNF:1
FNH:1
FNDA:1,(anonymous_1)
DA:1,15
DA:2,15
DA:5,15
DA:7,1
LF:4
LH:4
BRF:0
BRH:0
end_of_record
TN:
SF:src\products\products.service.ts
FN:18,(anonymous_2)
FN:20,(anonymous_3)
FN:31,(anonymous_4)
FN:42,(anonymous_5)
FN:53,(anonymous_6)
FN:64,(anonymous_7)
FN:73,(anonymous_8)
FN:89,(anonymous_9)
FN:102,(anonymous_10)
FN:130,(anonymous_11)
FN:147,(anonymous_12)
FN:197,(anonymous_13)
FN:223,(anonymous_14)
FN:244,(anonymous_15)
FN:281,(anonymous_16)
FN:303,(anonymous_17)
FN:336,(anonymous_18)
FN:357,(anonymous_19)
FN:385,(anonymous_20)
FNF:19
FNH:12
FNDA:64,(anonymous_2)
FNDA:0,(anonymous_3)
FNDA:0,(anonymous_4)
FNDA:0,(anonymous_5)
FNDA:0,(anonymous_6)
FNDA:0,(anonymous_7)
FNDA:1,(anonymous_8)
FNDA:1,(anonymous_9)
FNDA:3,(anonymous_10)
FNDA:1,(anonymous_11)
FNDA:5,(anonymous_12)
FNDA:4,(anonymous_13)
FNDA:5,(anonymous_14)
FNDA:3,(anonymous_15)
FNDA:2,(anonymous_16)
FNDA:4,(anonymous_17)
FNDA:2,(anonymous_18)
FNDA:0,(anonymous_19)
FNDA:0,(anonymous_20)
DA:1,6
DA:7,6
DA:8,6
DA:14,6
DA:17,6
DA:18,64
DA:21,0
DA:32,0
DA:43,0
DA:54,0
DA:65,0
DA:77,1
DA:89,1
DA:104,3
DA:107,3
DA:108,1
DA:113,2
DA:116,1
DA:121,1
DA:122,1
DA:123,1
DA:125,1
DA:126,1
DA:128,1
DA:129,1
DA:130,1
DA:133,1
DA:134,1
DA:137,1
DA:148,5
DA:149,5
DA:151,5
DA:152,1
DA:155,5
DA:156,1
DA:159,5
DA:160,2
DA:169,5
DA:170,4
DA:173,1
DA:174,1
DA:181,5
DA:182,3
DA:185,5
DA:198,4
DA:200,4
DA:201,2
DA:204,2
DA:205,2
DA:208,4
DA:217,4
DA:218,3
DA:220,1
DA:224,5
DA:225,3
DA:229,2
DA:236,2
DA:237,1
DA:239,1
DA:249,3
DA:252,3
DA:253,1
DA:256,2
DA:257,1
DA:260,1
DA:261,1
DA:262,1
DA:264,1
DA:265,1
DA:267,1
DA:268,1
DA:271,1
DA:285,2
DA:288,2
DA:289,1
DA:291,1
DA:304,4
DA:310,4
DA:311,1
DA:314,3
DA:318,3
DA:319,1
DA:324,2
DA:328,2
DA:329,1
DA:331,1
DA:337,2
DA:340,2
DA:341,1
DA:344,1
DA:358,0
DA:360,0
DA:385,0
DA:386,0
DA:389,0
LF:95
LH:85
BRDA:107,0,0,1
BRDA:113,1,0,1
BRDA:114,2,0,2
BRDA:114,2,1,1
BRDA:114,2,2,1
BRDA:114,2,3,1
BRDA:122,3,0,1
BRDA:125,4,0,1
BRDA:128,5,0,1
BRDA:133,6,0,1
BRDA:151,7,0,1
BRDA:151,8,0,5
BRDA:151,8,1,1
BRDA:155,9,0,1
BRDA:155,10,0,5
BRDA:155,10,1,1
BRDA:159,11,0,2
BRDA:159,12,0,5
BRDA:159,12,1,5
BRDA:169,13,0,4
BRDA:169,13,1,1
BRDA:181,14,0,3
BRDA:181,15,0,5
BRDA:181,15,1,3
BRDA:200,16,0,2
BRDA:200,16,1,2
BRDA:217,17,0,3
BRDA:223,18,0,2
BRDA:224,19,0,3
BRDA:224,19,1,2
BRDA:236,20,0,1
BRDA:236,20,1,1
BRDA:252,21,0,1
BRDA:256,22,0,1
BRDA:256,23,0,2
BRDA:256,23,1,1
BRDA:256,23,2,1
BRDA:261,24,0,1
BRDA:264,25,0,1
BRDA:267,26,0,1
BRDA:288,27,0,1
BRDA:310,28,0,1
BRDA:318,29,0,1
BRDA:328,30,0,1
BRDA:328,30,1,1
BRDA:340,31,0,1
BRF:46
BRH:46
end_of_record
TN:
SF:src\users\users.service.ts
FN:6,(anonymous_2)
FN:8,(anonymous_3)
FN:22,(anonymous_4)
FN:36,(anonymous_5)
FN:47,(anonymous_6)
FN:58,(anonymous_7)
FN:69,(anonymous_8)
FNF:7
FNH:3
FNDA:48,(anonymous_2)
FNDA:3,(anonymous_3)
FNDA:2,(anonymous_4)
FNDA:0,(anonymous_5)
FNDA:0,(anonymous_6)
FNDA:0,(anonymous_7)
FNDA:0,(anonymous_8)
DA:1,3
DA:2,3
DA:5,3
DA:6,48
DA:9,3
DA:12,3
DA:13,1
DA:15,2
DA:23,2
DA:26,2
DA:27,1
DA:29,1
DA:37,0
DA:48,0
DA:59,0
DA:70,0
LF:16
LH:12
BRDA:12,0,0,1
BRDA:12,0,1,2
BRDA:26,1,0,1
BRDA:26,1,1,1
BRF:4
BRH:4
end_of_record
