TN:
SF:src\auth\auth.service.ts
FN:21,(anonymous_2)
FN:35,(anonymous_3)
FN:44,(anonymous_4)
FN:56,(anonymous_5)
FN:107,(anonymous_6)
FN:125,(anonymous_7)
FN:136,(anonymous_8)
FN:156,(anonymous_9)
FN:189,(anonymous_10)
FN:211,(anonymous_11)
FN:222,(anonymous_12)
FN:266,(anonymous_13)
FNF:12
FNH:12
FNDA:54,(anonymous_2)
FNDA:5,(anonymous_3)
FNDA:6,(anonymous_4)
FNDA:6,(anonymous_5)
FNDA:1,(anonymous_6)
FNDA:1,(anonymous_7)
FNDA:1,(anonymous_8)
FNDA:1,(anonymous_9)
FNDA:2,(anonymous_10)
FNDA:1,(anonymous_11)
FNDA:3,(anonymous_12)
FNDA:5,(anonymous_13)
DA:1,2
DA:3,2
DA:4,2
DA:5,2
DA:6,2
DA:7,2
DA:9,2
DA:12,2
DA:13,2
DA:20,2
DA:22,54
DA:23,54
DA:24,54
DA:25,54
DA:26,54
DA:41,5
DA:42,2
DA:44,2
DA:45,6
DA:46,6
DA:47,6
DA:50,2
DA:51,1
DA:57,6
DA:58,1
DA:61,5
DA:64,5
DA:65,1
DA:68,4
DA:69,4
DA:70,4
DA:71,3
DA:72,3
DA:73,3
DA:74,2
DA:75,1
DA:76,1
DA:77,1
DA:82,4
DA:100,4
DA:104,4
DA:111,1
DA:112,1
DA:113,1
DA:116,1
DA:129,1
DA:130,1
DA:141,1
DA:142,1
DA:143,1
DA:146,1
DA:159,1
DA:162,1
DA:167,1
DA:171,1
DA:177,1
DA:181,1
DA:193,2
DA:195,2
DA:212,1
DA:213,1
DA:223,3
DA:226,2
DA:230,2
DA:234,2
DA:235,1
DA:240,1
DA:241,1
DA:242,1
DA:254,1
DA:258,1
DA:259,1
DA:269,5
DA:270,1
DA:273,4
DA:274,4
DA:276,2
DA:281,2
DA:285,2
DA:286,1
DA:290,1
DA:295,1
LF:82
LH:82
BRDA:37,0,0,5
BRDA:38,1,0,5
BRDA:41,2,0,2
BRDA:41,3,0,5
BRDA:41,3,1,4
BRDA:50,4,0,1
BRDA:57,5,0,1
BRDA:64,6,0,1
BRDA:70,7,0,3
BRDA:73,8,0,2
BRDA:74,9,0,1
BRDA:74,9,1,1
BRDA:76,10,0,1
BRDA:112,11,0,1
BRDA:142,12,0,1
BRDA:234,13,0,1
BRDA:234,13,1,1
BRDA:269,14,0,1
BRDA:285,15,0,1
BRDA:285,15,1,1
BRF:20
BRH:20
end_of_record
TN:
SF:src\auth\guards\auth.guard.ts
FN:17,(anonymous_2)
FN:22,(anonymous_3)
FNF:2
FNH:2
FNDA:13,(anonymous_2)
FNDA:11,(anonymous_3)
DA:1,1
DA:7,1
DA:8,1
DA:9,1
DA:10,1
DA:11,1
DA:12,1
DA:13,1
DA:16,1
DA:18,13
DA:19,13
DA:20,13
DA:23,11
DA:27,11
DA:28,1
DA:31,10
DA:35,10
DA:36,3
DA:37,3
DA:38,3
DA:40,7
DA:43,10
DA:49,10
DA:51,2
DA:52,1
DA:54,1
DA:56,2
DA:59,8
DA:60,1
DA:62,7
DA:64,7
DA:65,7
DA:67,1
DA:70,6
DA:72,6
DA:73,1
DA:75,5
DA:76,2
DA:82,3
DA:83,3
DA:84,3
DA:85,1
DA:89,2
DA:90,1
DA:91,1
DA:93,1
DA:94,1
DA:97,2
LF:48
LH:48
BRDA:27,0,0,1
BRDA:35,1,0,3
BRDA:35,1,1,7
BRDA:49,2,0,2
BRDA:49,3,0,10
BRDA:49,3,1,2
BRDA:51,4,0,1
BRDA:51,4,1,1
BRDA:59,5,0,1
BRDA:59,6,0,8
BRDA:59,6,1,8
BRDA:72,7,0,1
BRDA:75,8,0,2
BRDA:84,9,0,1
BRDA:89,10,0,1
BRDA:89,10,1,1
BRF:16
BRH:16
end_of_record
TN:
SF:src\auth\guards\roles.guard.ts
FN:14,(anonymous_2)
FN:16,(anonymous_3)
FNF:2
FNH:2
FNDA:7,(anonymous_2)
FNDA:5,(anonymous_3)
DA:1,1
DA:8,1
DA:9,1
DA:10,1
DA:13,1
DA:14,7
DA:19,5
DA:23,5
DA:24,1
DA:29,4
DA:30,2
DA:31,2
DA:33,2
DA:36,4
DA:37,2
DA:39,2
LF:16
LH:16
BRDA:23,0,0,1
BRDA:29,1,0,2
BRDA:29,1,1,2
BRDA:36,2,0,2
BRDA:36,2,1,2
BRDA:36,3,0,4
BRDA:36,3,1,4
BRF:7
BRH:7
end_of_record
TN:
SF:src\carts\carts.service.ts
FN:7,(anonymous_2)
FN:8,(anonymous_3)
FN:59,(anonymous_4)
FN:84,(anonymous_5)
FNF:4
FNH:4
FNDA:12,(anonymous_2)
FNDA:3,(anonymous_3)
FNDA:3,(anonymous_4)
FNDA:1,(anonymous_5)
DA:1,1
DA:2,1
DA:6,1
DA:7,12
DA:13,3
DA:14,0
DA:16,3
DA:25,3
DA:26,1
DA:29,2
DA:37,2
DA:38,1
DA:45,1
DA:63,3
DA:74,3
DA:75,2
DA:78,1
DA:81,1
DA:85,1
LF:19
LH:18
BRDA:13,0,0,0
BRDA:25,1,0,1
BRDA:37,2,0,1
BRDA:37,2,1,1
BRDA:74,3,0,2
BRF:5
BRH:4
end_of_record
TN:
SF:src\categories\categories.service.ts
FN:13,(anonymous_2)
FN:15,(anonymous_3)
FN:30,(anonymous_4)
FN:58,(anonymous_5)
FN:62,(anonymous_6)
FN:74,(anonymous_7)
FNF:6
FNH:3
FNDA:12,(anonymous_2)
FNDA:2,(anonymous_3)
FNDA:0,(anonymous_4)
FNDA:0,(anonymous_5)
FNDA:0,(anonymous_6)
FNDA:3,(anonymous_7)
DA:1,1
DA:6,1
DA:9,1
DA:12,1
DA:13,12
DA:16,2
DA:19,2
DA:20,1
DA:23,1
DA:31,0
DA:32,0
DA:33,0
DA:39,0
DA:47,0
DA:55,0
DA:59,0
DA:63,0
DA:71,0
DA:75,3
DA:79,3
DA:80,1
DA:83,2
DA:88,1
LF:23
LH:14
BRDA:19,0,0,1
BRDA:32,1,0,0
BRDA:32,1,1,0
BRDA:79,2,0,1
BRF:4
BRH:2
end_of_record
TN:
SF:src\common\decorators\public.decorator.ts
FN:4,(anonymous_0)
FNF:1
FNH:1
FNDA:2,(anonymous_0)
DA:1,2
DA:3,2
DA:4,2
LF:3
LH:3
BRF:0
BRH:0
end_of_record
TN:
SF:src\common\decorators\public_and_private.decorator.ts
FN:4,(anonymous_0)
FNF:1
FNH:1
FNDA:2,(anonymous_0)
DA:1,2
DA:3,2
DA:4,2
DA:5,2
LF:4
LH:4
BRF:0
BRH:0
end_of_record
TN:
SF:src\common\decorators\requires-role.decorator.ts
FN:19,(anonymous_0)
FNF:1
FNH:1
FNDA:8,(anonymous_0)
DA:1,3
DA:4,3
DA:19,3
DA:20,8
LF:4
LH:4
BRF:0
BRH:0
end_of_record
TN:
SF:src\common\filters\global-exception.filter.ts
FN:11,(anonymous_1)
FNF:1
FNH:1
FNDA:4,(anonymous_1)
DA:1,1
DA:7,1
DA:10,1
DA:14,4
DA:15,1
DA:16,1
DA:18,3
DA:19,3
DA:26,4
DA:27,3
DA:29,1
DA:30,1
DA:31,1
DA:33,1
DA:39,1
DA:40,1
DA:41,1
DA:44,1
LF:18
LH:18
BRDA:14,0,0,1
BRDA:14,0,1,3
BRDA:26,1,0,3
BRDA:26,1,1,1
BRDA:40,2,0,1
BRF:5
BRH:5
end_of_record
TN:
SF:src\common\tasks\tasks.service.ts
FN:8,(anonymous_2)
FN:14,(anonymous_3)
FN:25,(anonymous_4)
FN:30,(anonymous_5)
FNF:4
FNH:1
FNDA:1,(anonymous_2)
FNDA:0,(anonymous_3)
FNDA:0,(anonymous_4)
FNDA:0,(anonymous_5)
DA:1,1
DA:2,1
DA:3,1
DA:4,1
DA:7,1
DA:9,1
DA:10,1
DA:14,1
DA:16,0
DA:25,1
DA:26,0
DA:27,0
DA:28,0
DA:30,0
DA:31,0
DA:38,0
DA:41,0
LF:17
LH:9
BRDA:27,0,0,0
BRF:1
BRH:0
end_of_record
TN:
SF:src\emails\emails.service.ts
FN:5,(anonymous_2)
FN:15,(anonymous_3)
FN:19,(anonymous_4)
FN:40,(anonymous_5)
FN:43,(anonymous_6)
FN:64,(anonymous_7)
FNF:6
FNH:4
FNDA:4,(anonymous_2)
FNDA:56,(anonymous_3)
FNDA:7,(anonymous_4)
FNDA:0,(anonymous_5)
FNDA:0,(anonymous_6)
FNDA:7,(anonymous_7)
DA:1,4
DA:2,4
DA:3,4
DA:5,4
DA:6,4
DA:7,4
DA:8,4
DA:9,4
DA:10,4
DA:14,4
DA:16,56
DA:23,7
DA:24,7
DA:31,7
DA:32,7
DA:34,0
DA:43,0
DA:44,0
DA:48,0
DA:55,0
DA:56,0
DA:58,0
DA:71,7
DA:73,1
DA:80,1
DA:87,1
DA:88,0
DA:92,1
DA:99,4
DA:100,0
DA:104,4
DA:111,0
DA:112,0
DA:116,0
DA:124,0
LF:35
LH:22
BRDA:5,0,0,4
BRDA:5,0,1,4
BRDA:21,1,0,2
BRDA:66,2,0,0
BRDA:71,3,0,1
BRDA:71,3,1,1
BRDA:71,3,2,1
BRDA:71,3,3,4
BRDA:71,3,4,0
BRDA:71,3,5,0
BRDA:87,4,0,0
BRDA:99,5,0,0
BRDA:111,6,0,0
BRDA:111,7,0,0
BRDA:111,7,1,0
BRF:15
BRH:7
end_of_record
TN:
SF:src\images\images.service.ts
FN:15,(anonymous_2)
FN:27,(anonymous_3)
FN:71,(anonymous_4)
FN:92,(anonymous_5)
FNF:4
FNH:3
FNDA:13,(anonymous_2)
FNDA:5,(anonymous_3)
FNDA:3,(anonymous_4)
FNDA:0,(anonymous_5)
DA:1,2
DA:7,2
DA:8,2
DA:9,2
DA:10,2
DA:14,2
DA:16,13
DA:17,13
DA:18,13
DA:20,13
DA:32,5
DA:33,1
DA:36,4
DA:40,4
DA:41,2
DA:44,2
DA:47,2
DA:48,1
DA:53,1
DA:72,3
DA:75,3
DA:76,1
DA:79,2
DA:81,2
DA:82,1
DA:86,1
DA:95,0
DA:101,0
LF:28
LH:26
BRDA:32,0,0,1
BRDA:40,1,0,2
BRDA:47,2,0,1
BRDA:75,3,0,1
BRDA:81,4,0,1
BRDA:81,4,1,1
BRDA:81,5,0,2
BRDA:81,5,1,2
BRDA:81,5,2,2
BRF:9
BRH:9
end_of_record
TN:
SF:src\likes\likes.service.ts
FN:8,(anonymous_2)
FN:10,(anonymous_3)
FN:60,(anonymous_4)
FN:75,(anonymous_5)
FNF:4
FNH:3
FNDA:8,(anonymous_2)
FNDA:3,(anonymous_3)
FNDA:1,(anonymous_4)
FNDA:0,(anonymous_5)
DA:1,1
DA:2,1
DA:7,1
DA:8,8
DA:14,3
DA:23,3
DA:24,1
DA:27,2
DA:32,2
DA:36,2
DA:37,1
DA:42,1
DA:47,1
DA:53,1
DA:61,1
DA:75,1
LF:16
LH:16
BRDA:23,0,0,1
BRDA:36,1,0,1
BRDA:36,1,1,1
BRF:3
BRH:3
end_of_record
TN:
SF:src\orders\orders.service.ts
FN:14,(anonymous_2)
FN:16,(anonymous_3)
FN:39,(anonymous_4)
FN:44,(anonymous_5)
FN:68,(anonymous_6)
FN:84,(anonymous_7)
FN:119,(anonymous_8)
FN:139,(anonymous_9)
FNF:8
FNH:7
FNDA:14,(anonymous_2)
FNDA:4,(anonymous_3)
FNDA:6,(anonymous_4)
FNDA:6,(anonymous_5)
FNDA:3,(anonymous_6)
FNDA:3,(anonymous_7)
FNDA:1,(anonymous_8)
FNDA:0,(anonymous_9)
DA:1,1
DA:6,1
DA:7,1
DA:13,1
DA:14,14
DA:17,4
DA:35,4
DA:36,1
DA:39,6
DA:44,6
DA:46,3
DA:59,3
DA:67,3
DA:68,3
DA:69,3
DA:71,3
DA:72,2
DA:73,1
DA:75,1
DA:78,2
DA:89,3
DA:90,3
DA:92,3
DA:94,1
DA:98,1
DA:100,2
DA:101,1
DA:106,2
DA:108,0
DA:113,3
DA:124,1
DA:128,1
DA:129,1
DA:131,1
DA:136,1
DA:140,0
DA:148,0
LF:37
LH:34
BRDA:35,0,0,1
BRDA:72,1,0,1
BRDA:90,2,0,3
BRDA:90,2,1,3
BRDA:90,3,0,3
BRDA:90,3,1,3
BRDA:92,4,0,1
BRDA:92,4,1,2
BRDA:92,4,2,0
BRDA:100,5,0,1
BRDA:128,6,0,1
BRF:11
BRH:10
end_of_record
TN:
SF:src\payments\stripe.service.ts
FN:18,(anonymous_2)
FN:27,(anonymous_3)
FN:39,(anonymous_4)
FN:118,(anonymous_5)
FN:181,(anonymous_6)
FN:209,(anonymous_7)
FNF:6
FNH:5
FNDA:27,(anonymous_2)
FNDA:0,(anonymous_3)
FNDA:7,(anonymous_4)
FNDA:6,(anonymous_5)
FNDA:2,(anonymous_6)
FNDA:3,(anonymous_7)
DA:1,1
DA:8,1
DA:9,1
DA:10,1
DA:15,1
DA:19,27
DA:20,27
DA:22,27
DA:28,0
DA:36,0
DA:40,7
DA:42,7
DA:43,1
DA:46,6
DA:47,6
DA:48,1
DA:52,5
DA:53,5
DA:59,1
DA:62,4
DA:63,4
DA:64,4
DA:66,4
DA:75,4
DA:76,1
DA:80,3
DA:82,1
DA:83,1
DA:85,1
DA:86,1
DA:88,1
DA:91,2
DA:115,2
DA:123,6
DA:124,2
DA:127,4
DA:130,4
DA:131,1
DA:136,3
DA:145,3
DA:146,3
DA:156,2
DA:159,1
DA:175,1
DA:186,2
DA:189,2
DA:190,1
DA:195,1
DA:214,3
DA:218,3
DA:221,3
DA:222,1
DA:224,2
DA:225,1
DA:230,1
LF:55
LH:53
BRDA:42,0,0,1
BRDA:47,1,0,1
BRDA:75,2,0,1
BRDA:80,3,0,1
BRDA:80,3,1,1
BRDA:80,3,2,1
BRDA:123,4,0,2
BRDA:130,5,0,1
BRDA:189,6,0,1
BRDA:221,7,0,1
BRDA:224,8,0,1
BRF:11
BRH:11
end_of_record
TN:
SF:src\prisma\prisma.service.ts
FN:6,(anonymous_1)
FNF:1
FNH:1
FNDA:1,(anonymous_1)
DA:1,15
DA:2,15
DA:5,15
DA:7,1
LF:4
LH:4
BRF:0
BRH:0
end_of_record
TN:
SF:src\products\products.service.ts
FN:18,(anonymous_2)
FN:20,(anonymous_3)
FN:30,(anonymous_4)
FN:42,(anonymous_5)
FN:54,(anonymous_6)
FN:63,(anonymous_7)
FN:76,(anonymous_8)
FN:107,(anonymous_9)
FN:124,(anonymous_10)
FN:171,(anonymous_11)
FN:190,(anonymous_12)
FN:214,(anonymous_13)
FN:251,(anonymous_14)
FN:274,(anonymous_15)
FN:306,(anonymous_16)
FN:327,(anonymous_17)
FNF:16
FNH:12
FNDA:70,(anonymous_2)
FNDA:0,(anonymous_3)
FNDA:0,(anonymous_4)
FNDA:0,(anonymous_5)
FNDA:1,(anonymous_6)
FNDA:1,(anonymous_7)
FNDA:3,(anonymous_8)
FNDA:1,(anonymous_9)
FNDA:5,(anonymous_10)
FNDA:4,(anonymous_11)
FNDA:5,(anonymous_12)
FNDA:3,(anonymous_13)
FNDA:2,(anonymous_14)
FNDA:4,(anonymous_15)
FNDA:2,(anonymous_16)
FNDA:0,(anonymous_17)
DA:1,6
DA:6,6
DA:7,6
DA:13,6
DA:17,6
DA:18,70
DA:21,0
DA:27,0
DA:33,0
DA:39,0
DA:45,0
DA:51,0
DA:58,1
DA:63,1
DA:81,3
DA:84,3
DA:85,1
DA:90,2
DA:93,1
DA:98,1
DA:99,1
DA:100,1
DA:102,1
DA:103,1
DA:105,1
DA:106,1
DA:107,1
DA:110,1
DA:111,1
DA:114,1
DA:128,5
DA:129,5
DA:131,5
DA:132,1
DA:135,5
DA:136,1
DA:139,5
DA:140,2
DA:149,5
DA:150,4
DA:153,1
DA:154,1
DA:161,5
DA:162,3
DA:165,5
DA:172,4
DA:174,4
DA:175,2
DA:178,2
DA:179,2
DA:181,4
DA:184,4
DA:185,3
DA:187,1
DA:194,5
DA:195,3
DA:199,2
DA:206,2
DA:207,1
DA:209,1
DA:219,3
DA:222,3
DA:223,1
DA:226,2
DA:227,1
DA:230,1
DA:231,1
DA:232,1
DA:234,1
DA:235,1
DA:237,1
DA:238,1
DA:241,1
DA:255,2
DA:258,2
DA:259,1
DA:261,1
DA:275,4
DA:290,4
DA:291,1
DA:294,3
DA:295,1
DA:300,2
DA:303,1
DA:307,2
DA:310,2
DA:311,1
DA:314,1
DA:330,0
DA:332,0
LF:90
LH:82
BRDA:39,0,0,0
BRDA:39,0,1,0
BRDA:84,1,0,1
BRDA:90,2,0,1
BRDA:91,3,0,2
BRDA:91,3,1,1
BRDA:91,3,2,1
BRDA:91,3,3,1
BRDA:99,4,0,1
BRDA:102,5,0,1
BRDA:105,6,0,1
BRDA:110,7,0,1
BRDA:131,8,0,1
BRDA:131,9,0,5
BRDA:131,9,1,1
BRDA:135,10,0,1
BRDA:135,11,0,5
BRDA:135,11,1,1
BRDA:139,12,0,2
BRDA:139,13,0,5
BRDA:139,13,1,5
BRDA:149,14,0,4
BRDA:149,14,1,1
BRDA:161,15,0,3
BRDA:161,16,0,5
BRDA:161,16,1,3
BRDA:174,17,0,2
BRDA:174,17,1,2
BRDA:184,18,0,3
BRDA:192,19,0,2
BRDA:194,20,0,3
BRDA:194,20,1,2
BRDA:206,21,0,1
BRDA:206,21,1,1
BRDA:222,22,0,1
BRDA:226,23,0,1
BRDA:226,24,0,2
BRDA:226,24,1,1
BRDA:226,24,2,1
BRDA:231,25,0,1
BRDA:234,26,0,1
BRDA:237,27,0,1
BRDA:258,28,0,1
BRDA:290,29,0,1
BRDA:294,30,0,1
BRDA:310,31,0,1
BRF:46
BRH:44
end_of_record
TN:
SF:src\users\users.service.ts
FN:7,(anonymous_2)
FN:9,(anonymous_3)
FN:23,(anonymous_4)
FN:37,(anonymous_5)
FN:49,(anonymous_6)
FNF:5
FNH:3
FNDA:64,(anonymous_2)
FNDA:3,(anonymous_3)
FNDA:2,(anonymous_4)
FNDA:0,(anonymous_5)
FNDA:0,(anonymous_6)
DA:1,3
DA:2,3
DA:6,3
DA:7,64
DA:10,3
DA:13,3
DA:14,1
DA:16,2
DA:24,2
DA:27,2
DA:28,1
DA:30,1
DA:38,0
DA:46,0
DA:50,0
DA:58,0
LF:16
LH:12
BRDA:13,0,0,1
BRDA:13,0,1,2
BRDA:27,1,0,1
BRDA:27,1,1,1
BRF:4
BRH:4
end_of_record
